081109 205931 13 INFO dfs.DataBlockScanner: Verification succeeded for blk_100000
081109 205931 13 INFO dfs.DataBlockScanner: Verification succeeded for blk_100000
081109 205931 13 INFO dfs.DataBlockScanner: Verification succeeded for blk_100000
081109 205931 13 INFO dfs.DataBlockScanner: Verification succeeded for blk_100000
081109 205931 13 INFO dfs.DataBlockScanner: Verification succeeded for blk_100000
081109 205931 13 INFO dfs.DataBlockScanner: Verification succeeded for blk_100000
081109 205931 13 INFO dfs.DataBlockScanner: Verification succeeded for blk_100000
081109 205931 13 INFO dfs.DataBlockScanner: Verification succeeded for blk_100000
081109 205931 13 INFO dfs.DataBlockScanner: Verification succeeded for blk_100000
081109 205931 13 INFO dfs.DataBlockScanner: Verification succeeded for blk_100000
081109 205931 13 INFO dfs.DataBlockScanner: Verification succeeded for blk_100000
081109 205931 13 INFO dfs.DataBlockScanner: Verification succeeded for blk_100000
081109 205931 13 INFO dfs.DataBlockScanner: Verification succeeded for blk_100000
081109 205931 13 INFO dfs.DataBlockScanner: Verification succeeded for blk_100000
081109 205931 13 INFO dfs.DataBlockScanner: Verification succeeded for blk_100000
081109 205931 13 INFO dfs.DataBlockScanner: Verification succeeded for blk_100000
081109 205931 13 INFO dfs.DataBlockScanner: Verification succeeded for blk_100000
081109 205931 13 INFO dfs.DataBlockScanner: Verification succeeded for blk_100000
081109 205931 13 INFO dfs.DataBlockScanner: Verification succeeded for blk_100000
081109 205931 13 INFO dfs.DataBlockScanner: Verification succeeded for blk_100000
081109 205931 13 INFO dfs.DataBlockScanner: Verification succeeded for blk_100000
081109 205931 13 INFO dfs.DataBlockScanner: Verification succeeded for blk_100000
081109 205931 13 INFO dfs.DataBlockScanner: Verification succeeded for blk_100000
081109 205931 13 INFO dfs.DataBlockScanner: Verification succeeded for blk_100000
081109 205931 13 INFO dfs.DataBlockScanner: Verification succeeded for blk_100000
081109 205931 13 INFO dfs.DataBlockScanner: Verification succeeded for blk_100000
081109 205931 13 INFO dfs.DataBlockScanner: Verification succeeded for blk_100000
081109 205931 13 INFO dfs.DataBlockScanner: Verification succeeded for blk_100000
081109 205931 13 INFO dfs.DataBlockScanner: Verification succeeded for blk_100000
081109 205931 13 INFO dfs.DataBlockScanner: Verification succeeded for blk_100000
081109 205931 13 INFO dfs.DataBlockScanner: Verification succeeded for blk_100000
081109 205931 13 INFO dfs.DataBlockScanner: Verification succeeded for blk_100000
081109 205931 13 INFO dfs.DataBlockScanner: Verification succeeded for blk_100000
081109 205931 13 INFO dfs.DataBlockScanner: Verification succeeded for blk_100000
081109 205931 13 INFO dfs.DataBlockScanner: Verification succeeded for blk_100000
081109 205931 13 INFO dfs.DataBlockScanner: Verification succeeded for blk_100000
081109 205931 13 INFO dfs.DataBlockScanner: Verification succeeded for blk_100000
081109 205931 13 INFO dfs.DataBlockScanner: Verification succeeded for blk_100000
081109 205931 13 INFO dfs.DataBlockScanner: Verification succeeded for blk_100000
081109 205931 13 INFO dfs.DataBlockScanner: Verification succeeded for blk_100000
081109 205931 13 INFO dfs.DataBlockScanner: Verification succeeded for blk_100000
081109 205931 13 INFO dfs.DataBlockScanner: Verification succeeded for blk_100000
081109 205931 13 INFO dfs.DataBlockScanner: Verification succeeded for blk_100000
081109 205931 13 INFO dfs.DataBlockScanner: Verification succeeded for blk_100001
081109 205931 13 INFO dfs.DataBlockScanner: Verification succeeded for blk_100001
081109 205931 13 INFO dfs.DataBlockScanner: Verification succeeded for blk_100002
081109 205931 13 INFO dfs.DataBlockScanner: Verification succeeded for blk_100002
081109 205931 13 INFO dfs.DataBlockScanner: Verification succeeded for blk_100003
081109 205931 13 INFO dfs.DataBlockScanner: Verification succeeded for blk_100003
081109 205931 13 INFO dfs.DataBlockScanner: Verification succeeded for blk_100004
081109 205931 13 INFO dfs.DataBlockScanner: Verification succeeded for blk_100004
081109 205931 13 INFO dfs.DataBlockScanner: Verification succeeded for blk_100005
081109 205931 13 INFO dfs.DataBlockScanner: Verification succeeded for blk_100005
081109 205931 13 INFO dfs.DataBlockScanner: Verification succeeded for blk_100006
081109 205931 13 INFO dfs.DataBlockScanner: Verification succeeded for blk_100006
081109 205931 13 INFO dfs.DataBlockScanner: Verification succeeded for blk_100007
081109 205931 13 INFO dfs.DataBlockScanner: Verification succeeded for blk_100007
081109 205931 13 INFO dfs.DataBlockScanner: Verification succeeded for blk_100008
081109 205931 13 INFO dfs.DataBlockScanner: Verification succeeded for blk_100008
081109 205931 13 INFO dfs.DataBlockScanner: Verification succeeded for blk_100009
081109 205931 13 INFO dfs.DataBlockScanner: Verification succeeded for blk_100010
081109 205931 13 INFO dfs.DataBlockScanner: Verification succeeded for blk_100011
081109 205931 13 INFO dfs.DataBlockScanner: Verification succeeded for blk_100012
081109 205931 13 INFO dfs.DataBlockScanner: Verification succeeded for blk_100013
081109 204655 556 INFO dfs.DataNode$PacketResponder: Received block blk_100000 of size blk_110000 from blk_120000
081109 204655 556 INFO dfs.DataNode$PacketResponder: Received block blk_100000 of size blk_110000 from blk_120000
081109 204655 556 INFO dfs.DataNode$PacketResponder: Received block blk_100000 of size blk_110000 from blk_120000
081109 204655 556 INFO dfs.DataNode$PacketResponder: Received block blk_100000 of size blk_110000 from blk_120000
081109 204655 556 INFO dfs.DataNode$PacketResponder: Received block blk_100000 of size blk_110000 from blk_120000
081109 204655 556 INFO dfs.DataNode$PacketResponder: Received block blk_100000 of size blk_110000 from blk_120000
081109 204655 556 INFO dfs.DataNode$PacketResponder: Received block blk_100000 of size blk_110000 from blk_120000
081109 204655 556 INFO dfs.DataNode$PacketResponder: Received block blk_100000 of size blk_110000 from blk_120000
081109 204655 556 INFO dfs.DataNode$PacketResponder: Received block blk_100000 of size blk_110000 from blk_120000
081109 204655 556 INFO dfs.DataNode$PacketResponder: Received block blk_100000 of size blk_110000 from blk_120000
081109 204655 556 INFO dfs.DataNode$PacketResponder: Received block blk_100000 of size blk_110000 from blk_120000
081109 204655 556 INFO dfs.DataNode$PacketResponder: Received block blk_100000 of size blk_110000 from blk_120000
081109 204655 556 INFO dfs.DataNode$PacketResponder: Received block blk_100000 of size blk_110000 from blk_120000
081109 204655 556 INFO dfs.DataNode$PacketResponder: Received block blk_100000 of size blk_110000 from blk_120000
081109 204655 556 INFO dfs.DataNode$PacketResponder: Received block blk_100000 of size blk_110000 from blk_120000
081109 204655 556 INFO dfs.DataNode$PacketResponder: Received block blk_100000 of size blk_110000 from blk_120000
081109 204655 556 INFO dfs.DataNode$PacketResponder: Received block blk_100000 of size blk_110000 from blk_120000
081109 204655 556 INFO dfs.DataNode$PacketResponder: Received block blk_100000 of size blk_110000 from blk_120000
081109 204655 556 INFO dfs.DataNode$PacketResponder: Received block blk_100000 of size blk_110000 from blk_120000
081109 204655 556 INFO dfs.DataNode$PacketResponder: Received block blk_100000 of size blk_110000 from blk_120000
081109 204655 556 INFO dfs.DataNode$PacketResponder: Received block blk_100000 of size blk_110000 from blk_120000
081109 204655 556 INFO dfs.DataNode$PacketResponder: Received block blk_100000 of size blk_110000 from blk_120000
081109 204655 556 INFO dfs.DataNode$PacketResponder: Received block blk_100000 of size blk_110000 from blk_120000
081109 204655 556 INFO dfs.DataNode$PacketResponder: Received block blk_100000 of size blk_110000 from blk_120000
081109 204655 556 INFO dfs.DataNode$PacketResponder: Received block blk_100000 of size blk_110000 from blk_120000
081109 204655 556 INFO dfs.DataNode$PacketResponder: Received block blk_100000 of size blk_110000 from blk_120000
081109 204655 556 INFO dfs.DataNode$PacketResponder: Received block blk_100000 of size blk_110000 from blk_120000
081109 204655 556 INFO dfs.DataNode$PacketResponder: Received block blk_100000 of size blk_110000 from blk_120000
081109 204655 556 INFO dfs.DataNode$PacketResponder: Received block blk_100000 of size blk_110000 from blk_120000
081109 204655 556 INFO dfs.DataNode$PacketResponder: Received block blk_100000 of size blk_110000 from blk_120000
081109 204655 556 INFO dfs.DataNode$PacketResponder: Received block blk_100000 of size blk_110000 from blk_120000
081109 204655 556 INFO dfs.DataNode$PacketResponder: Received block blk_100000 of size blk_110000 from blk_120000
081109 204655 556 INFO dfs.DataNode$PacketResponder: Received block blk_100000 of size blk_110000 from blk_120000
081109 204655 556 INFO dfs.DataNode$PacketResponder: Received block blk_100000 of size blk_110000 from blk_120000
081109 204655 556 INFO dfs.DataNode$PacketResponder: Received block blk_100000 of size blk_110000 from blk_120000
081109 204655 556 INFO dfs.DataNode$PacketResponder: Received block blk_100000 of size blk_110000 from blk_120000
081109 204655 556 INFO dfs.DataNode$PacketResponder: Received block blk_100000 of size blk_110000 from blk_120000
081109 204655 556 INFO dfs.DataNode$PacketResponder: Received block blk_100000 of size blk_110000 from blk_120000
081109 204655 556 INFO dfs.DataNode$PacketResponder: Received block blk_100000 of size blk_110000 from blk_120000
081109 204655 556 INFO dfs.DataNode$PacketResponder: Received block blk_100000 of size blk_110000 from blk_120000
081109 204655 556 INFO dfs.DataNode$PacketResponder: Received block blk_100000 of size blk_110000 from blk_120000
081109 204655 556 INFO dfs.DataNode$PacketResponder: Received block blk_100000 of size blk_110000 from blk_120000
081109 204655 556 INFO dfs.DataNode$PacketResponder: Received block blk_100000 of size blk_110000 from blk_120000
081109 204655 556 INFO dfs.DataNode$PacketResponder: Received block blk_100001 of size blk_110001 from blk_120001
081109 204655 556 INFO dfs.DataNode$PacketResponder: Received block blk_100001 of size blk_110001 from blk_120001
081109 204655 556 INFO dfs.DataNode$PacketResponder: Received block blk_100002 of size blk_110002 from blk_120002
081109 204655 556 INFO dfs.DataNode$PacketResponder: Received block blk_100002 of size blk_110002 from blk_120002
081109 204655 556 INFO dfs.DataNode$PacketResponder: Received block blk_100003 of size blk_110003 from blk_120003
081109 204655 556 INFO dfs.DataNode$PacketResponder: Received block blk_100003 of size blk_110003 from blk_120003
081109 204655 556 INFO dfs.DataNode$PacketResponder: Received block blk_100004 of size blk_110004 from blk_120004
081109 204655 556 INFO dfs.DataNode$PacketResponder: Received block blk_100004 of size blk_110004 from blk_120004
081109 204655 556 INFO dfs.DataNode$PacketResponder: Received block blk_100005 of size blk_110005 from blk_120005
081109 204655 556 INFO dfs.DataNode$PacketResponder: Received block blk_100005 of size blk_110005 from blk_120005
081109 204655 556 INFO dfs.DataNode$PacketResponder: Received block blk_100006 of size blk_110006 from blk_120006
081109 204655 556 INFO dfs.DataNode$PacketResponder: Received block blk_100006 of size blk_110006 from blk_120006
081109 204655 556 INFO dfs.DataNode$PacketResponder: Received block blk_100007 of size blk_110007 from blk_120007
081109 204655 556 INFO dfs.DataNode$PacketResponder: Received block blk_100007 of size blk_110007 from blk_120007
081109 204655 556 INFO dfs.DataNode$PacketResponder: Received block blk_100008 of size blk_110008 from blk_120008
081109 204655 556 INFO dfs.DataNode$PacketResponder: Received block blk_100008 of size blk_110008 from blk_120008
081109 204655 556 INFO dfs.DataNode$PacketResponder: Received block blk_100009 of size blk_110009 from blk_120009
081109 204655 556 INFO dfs.DataNode$PacketResponder: Received block blk_100010 of size blk_110010 from blk_120010
081109 204655 556 INFO dfs.DataNode$PacketResponder: Received block blk_100011 of size blk_110011 from blk_120011
081109 204655 556 INFO dfs.DataNode$PacketResponder: Received block blk_100012 of size blk_110012 from blk_120012
081109 204655 556 INFO dfs.DataNode$PacketResponder: Received block blk_100013 of size blk_110013 from blk_120013
081109 204815 653 INFO dfs.DataNode$DataXceiver: Receiving block blk_100000 src: blk_110000:blk_120000 dest: blk_130000:blk_140000
081109 204815 653 INFO dfs.DataNode$DataXceiver: Receiving block blk_100000 src: blk_110000:blk_120000 dest: blk_130000:blk_140000
081109 204815 653 INFO dfs.DataNode$DataXceiver: Receiving block blk_100000 src: blk_110000:blk_120000 dest: blk_130000:blk_140000
081109 204815 653 INFO dfs.DataNode$DataXceiver: Receiving block blk_100000 src: blk_110000:blk_120000 dest: blk_130000:blk_140000
081109 204815 653 INFO dfs.DataNode$DataXceiver: Receiving block blk_100000 src: blk_110000:blk_120000 dest: blk_130000:blk_140000
081109 204815 653 INFO dfs.DataNode$DataXceiver: Receiving block blk_100000 src: blk_110000:blk_120000 dest: blk_130000:blk_140000
081109 204815 653 INFO dfs.DataNode$DataXceiver: Receiving block blk_100000 src: blk_110000:blk_120000 dest: blk_130000:blk_140000
081109 204815 653 INFO dfs.DataNode$DataXceiver: Receiving block blk_100000 src: blk_110000:blk_120000 dest: blk_130000:blk_140000
081109 204815 653 INFO dfs.DataNode$DataXceiver: Receiving block blk_100000 src: blk_110000:blk_120000 dest: blk_130000:blk_140000
081109 204815 653 INFO dfs.DataNode$DataXceiver: Receiving block blk_100000 src: blk_110000:blk_120000 dest: blk_130000:blk_140000
081109 204815 653 INFO dfs.DataNode$DataXceiver: Receiving block blk_100000 src: blk_110000:blk_120000 dest: blk_130000:blk_140000
081109 204815 653 INFO dfs.DataNode$DataXceiver: Receiving block blk_100000 src: blk_110000:blk_120000 dest: blk_130000:blk_140000
081109 204815 653 INFO dfs.DataNode$DataXceiver: Receiving block blk_100000 src: blk_110000:blk_120000 dest: blk_130000:blk_140000
081109 204815 653 INFO dfs.DataNode$DataXceiver: Receiving block blk_100000 src: blk_110000:blk_120000 dest: blk_130000:blk_140000
081109 204815 653 INFO dfs.DataNode$DataXceiver: Receiving block blk_100000 src: blk_110000:blk_120000 dest: blk_130000:blk_140000
081109 204815 653 INFO dfs.DataNode$DataXceiver: Receiving block blk_100000 src: blk_110000:blk_120000 dest: blk_130000:blk_140000
081109 204815 653 INFO dfs.DataNode$DataXceiver: Receiving block blk_100000 src: blk_110000:blk_120000 dest: blk_130000:blk_140000
081109 204815 653 INFO dfs.DataNode$DataXceiver: Receiving block blk_100000 src: blk_110000:blk_120000 dest: blk_130000:blk_140000
081109 204815 653 INFO dfs.DataNode$DataXceiver: Receiving block blk_100000 src: blk_110000:blk_120000 dest: blk_130000:blk_140000
081109 204815 653 INFO dfs.DataNode$DataXceiver: Receiving block blk_100000 src: blk_110000:blk_120000 dest: blk_130000:blk_140000
081109 204815 653 INFO dfs.DataNode$DataXceiver: Receiving block blk_100000 src: blk_110000:blk_120000 dest: blk_130000:blk_140000
081109 204815 653 INFO dfs.DataNode$DataXceiver: Receiving block blk_100000 src: blk_110000:blk_120000 dest: blk_130000:blk_140000
081109 204815 653 INFO dfs.DataNode$DataXceiver: Receiving block blk_100000 src: blk_110000:blk_120000 dest: blk_130000:blk_140000
081109 204815 653 INFO dfs.DataNode$DataXceiver: Receiving block blk_100000 src: blk_110000:blk_120000 dest: blk_130000:blk_140000
081109 204815 653 INFO dfs.DataNode$DataXceiver: Receiving block blk_100000 src: blk_110000:blk_120000 dest: blk_130000:blk_140000
081109 204815 653 INFO dfs.DataNode$DataXceiver: Receiving block blk_100000 src: blk_110000:blk_120000 dest: blk_130000:blk_140000
081109 204815 653 INFO dfs.DataNode$DataXceiver: Receiving block blk_100000 src: blk_110000:blk_120000 dest: blk_130000:blk_140000
081109 204815 653 INFO dfs.DataNode$DataXceiver: Receiving block blk_100000 src: blk_110000:blk_120000 dest: blk_130000:blk_140000
081109 204815 653 INFO dfs.DataNode$DataXceiver: Receiving block blk_100000 src: blk_110000:blk_120000 dest: blk_130000:blk_140000
081109 204815 653 INFO dfs.DataNode$DataXceiver: Receiving block blk_100000 src: blk_110000:blk_120000 dest: blk_130000:blk_140000
081109 204815 653 INFO dfs.DataNode$DataXceiver: Receiving block blk_100000 src: blk_110000:blk_120000 dest: blk_130000:blk_140000
081109 204815 653 INFO dfs.DataNode$DataXceiver: Receiving block blk_100000 src: blk_110000:blk_120000 dest: blk_130000:blk_140000
081109 204815 653 INFO dfs.DataNode$DataXceiver: Receiving block blk_100000 src: blk_110000:blk_120000 dest: blk_130000:blk_140000
081109 204815 653 INFO dfs.DataNode$DataXceiver: Receiving block blk_100000 src: blk_110000:blk_120000 dest: blk_130000:blk_140000
081109 204815 653 INFO dfs.DataNode$DataXceiver: Receiving block blk_100000 src: blk_110000:blk_120000 dest: blk_130000:blk_140000
081109 204815 653 INFO dfs.DataNode$DataXceiver: Receiving block blk_100000 src: blk_110000:blk_120000 dest: blk_130000:blk_140000
081109 204815 653 INFO dfs.DataNode$DataXceiver: Receiving block blk_100000 src: blk_110000:blk_120000 dest: blk_130000:blk_140000
081109 204815 653 INFO dfs.DataNode$DataXceiver: Receiving block blk_100000 src: blk_110000:blk_120000 dest: blk_130000:blk_140000
081109 204815 653 INFO dfs.DataNode$DataXceiver: Receiving block blk_100000 src: blk_110000:blk_120000 dest: blk_130000:blk_140000
081109 204815 653 INFO dfs.DataNode$DataXceiver: Receiving block blk_100000 src: blk_110000:blk_120000 dest: blk_130000:blk_140000
081109 204815 653 INFO dfs.DataNode$DataXceiver: Receiving block blk_100000 src: blk_110000:blk_120000 dest: blk_130000:blk_140000
081109 204815 653 INFO dfs.DataNode$DataXceiver: Receiving block blk_100000 src: blk_110000:blk_120000 dest: blk_130000:blk_140000
081109 204815 653 INFO dfs.DataNode$DataXceiver: Receiving block blk_100000 src: blk_110000:blk_120000 dest: blk_130000:blk_140000
081109 204815 653 INFO dfs.DataNode$DataXceiver: Receiving block blk_100001 src: blk_110001:blk_120001 dest: blk_130001:blk_140001
081109 204815 653 INFO dfs.DataNode$DataXceiver: Receiving block blk_100001 src: blk_110001:blk_120001 dest: blk_130001:blk_140001
081109 204815 653 INFO dfs.DataNode$DataXceiver: Receiving block blk_100002 src: blk_110002:blk_120002 dest: blk_130002:blk_140002
081109 204815 653 INFO dfs.DataNode$DataXceiver: Receiving block blk_100002 src: blk_110002:blk_120002 dest: blk_130002:blk_140002
081109 204815 653 INFO dfs.DataNode$DataXceiver: Receiving block blk_100003 src: blk_110003:blk_120003 dest: blk_130003:blk_140003
081109 204815 653 INFO dfs.DataNode$DataXceiver: Receiving block blk_100003 src: blk_110003:blk_120003 dest: blk_130003:blk_140003
081109 204815 653 INFO dfs.DataNode$DataXceiver: Receiving block blk_100004 src: blk_110004:blk_120004 dest: blk_130004:blk_140004
081109 204815 653 INFO dfs.DataNode$DataXceiver: Receiving block blk_100004 src: blk_110004:blk_120004 dest: blk_130004:blk_140004
081109 204815 653 INFO dfs.DataNode$DataXceiver: Receiving block blk_100005 src: blk_110005:blk_120005 dest: blk_130005:blk_140005
081109 204815 653 INFO dfs.DataNode$DataXceiver: Receiving block blk_100005 src: blk_110005:blk_120005 dest: blk_130005:blk_140005
081109 204815 653 INFO dfs.DataNode$DataXceiver: Receiving block blk_100006 src: blk_110006:blk_120006 dest: blk_130006:blk_140006
081109 204815 653 INFO dfs.DataNode$DataXceiver: Receiving block blk_100006 src: blk_110006:blk_120006 dest: blk_130006:blk_140006
081109 204815 653 INFO dfs.DataNode$DataXceiver: Receiving block blk_100007 src: blk_110007:blk_120007 dest: blk_130007:blk_140007
081109 204815 653 INFO dfs.DataNode$DataXceiver: Receiving block blk_100007 src: blk_110007:blk_120007 dest: blk_130007:blk_140007
081109 204815 653 INFO dfs.DataNode$DataXceiver: Receiving block blk_100008 src: blk_110008:blk_120008 dest: blk_130008:blk_140008
081109 204815 653 INFO dfs.DataNode$DataXceiver: Receiving block blk_100008 src: blk_110008:blk_120008 dest: blk_130008:blk_140008
081109 204815 653 INFO dfs.DataNode$DataXceiver: Receiving block blk_100009 src: blk_110009:blk_120009 dest: blk_130009:blk_140009
081109 204815 653 INFO dfs.DataNode$DataXceiver: Receiving block blk_100010 src: blk_110010:blk_120010 dest: blk_130010:blk_140010
081109 204815 653 INFO dfs.DataNode$DataXceiver: Receiving block blk_100011 src: blk_110011:blk_120011 dest: blk_130011:blk_140011
081109 204815 653 INFO dfs.DataNode$DataXceiver: Receiving block blk_100012 src: blk_110012:blk_120012 dest: blk_130012:blk_140012
081109 204815 653 INFO dfs.DataNode$DataXceiver: Receiving block blk_100013 src: blk_110013:blk_120013 dest: blk_130013:blk_140013
081109 204005 35 INFO dfs.FSNamesystem: BLOCK* NameSystem.addStoredBlock: blockMap updated: blk_100000:blk_110000 is added to blk_120000 size blk_130000
081109 204005 35 INFO dfs.FSNamesystem: BLOCK* NameSystem.addStoredBlock: blockMap updated: blk_100000:blk_110000 is added to blk_120000 size blk_130000
081109 204005 35 INFO dfs.FSNamesystem: BLOCK* NameSystem.addStoredBlock: blockMap updated: blk_100000:blk_110000 is added to blk_120000 size blk_130000
081109 204005 35 INFO dfs.FSNamesystem: BLOCK* NameSystem.addStoredBlock: blockMap updated: blk_100000:blk_110000 is added to blk_120000 size blk_130000
081109 204005 35 INFO dfs.FSNamesystem: BLOCK* NameSystem.addStoredBlock: blockMap updated: blk_100000:blk_110000 is added to blk_120000 size blk_130000
081109 204005 35 INFO dfs.FSNamesystem: BLOCK* NameSystem.addStoredBlock: blockMap updated: blk_100000:blk_110000 is added to blk_120000 size blk_130000
081109 204005 35 INFO dfs.FSNamesystem: BLOCK* NameSystem.addStoredBlock: blockMap updated: blk_100000:blk_110000 is added to blk_120000 size blk_130000
081109 204005 35 INFO dfs.FSNamesystem: BLOCK* NameSystem.addStoredBlock: blockMap updated: blk_100000:blk_110000 is added to blk_120000 size blk_130000
081109 204005 35 INFO dfs.FSNamesystem: BLOCK* NameSystem.addStoredBlock: blockMap updated: blk_100000:blk_110000 is added to blk_120000 size blk_130000
081109 204005 35 INFO dfs.FSNamesystem: BLOCK* NameSystem.addStoredBlock: blockMap updated: blk_100000:blk_110000 is added to blk_120000 size blk_130000
081109 204005 35 INFO dfs.FSNamesystem: BLOCK* NameSystem.addStoredBlock: blockMap updated: blk_100000:blk_110000 is added to blk_120000 size blk_130000
081109 204005 35 INFO dfs.FSNamesystem: BLOCK* NameSystem.addStoredBlock: blockMap updated: blk_100000:blk_110000 is added to blk_120000 size blk_130000
081109 204005 35 INFO dfs.FSNamesystem: BLOCK* NameSystem.addStoredBlock: blockMap updated: blk_100000:blk_110000 is added to blk_120000 size blk_130000
081109 204005 35 INFO dfs.FSNamesystem: BLOCK* NameSystem.addStoredBlock: blockMap updated: blk_100000:blk_110000 is added to blk_120000 size blk_130000
081109 204005 35 INFO dfs.FSNamesystem: BLOCK* NameSystem.addStoredBlock: blockMap updated: blk_100000:blk_110000 is added to blk_120000 size blk_130000
081109 204005 35 INFO dfs.FSNamesystem: BLOCK* NameSystem.addStoredBlock: blockMap updated: blk_100000:blk_110000 is added to blk_120000 size blk_130000
081109 204005 35 INFO dfs.FSNamesystem: BLOCK* NameSystem.addStoredBlock: blockMap updated: blk_100000:blk_110000 is added to blk_120000 size blk_130000
081109 204005 35 INFO dfs.FSNamesystem: BLOCK* NameSystem.addStoredBlock: blockMap updated: blk_100000:blk_110000 is added to blk_120000 size blk_130000
081109 204005 35 INFO dfs.FSNamesystem: BLOCK* NameSystem.addStoredBlock: blockMap updated: blk_100000:blk_110000 is added to blk_120000 size blk_130000
081109 204005 35 INFO dfs.FSNamesystem: BLOCK* NameSystem.addStoredBlock: blockMap updated: blk_100000:blk_110000 is added to blk_120000 size blk_130000
081109 204005 35 INFO dfs.FSNamesystem: BLOCK* NameSystem.addStoredBlock: blockMap updated: blk_100000:blk_110000 is added to blk_120000 size blk_130000
081109 204005 35 INFO dfs.FSNamesystem: BLOCK* NameSystem.addStoredBlock: blockMap updated: blk_100000:blk_110000 is added to blk_120000 size blk_130000
081109 204005 35 INFO dfs.FSNamesystem: BLOCK* NameSystem.addStoredBlock: blockMap updated: blk_100000:blk_110000 is added to blk_120000 size blk_130000
081109 204005 35 INFO dfs.FSNamesystem: BLOCK* NameSystem.addStoredBlock: blockMap updated: blk_100000:blk_110000 is added to blk_120000 size blk_130000
081109 204005 35 INFO dfs.FSNamesystem: BLOCK* NameSystem.addStoredBlock: blockMap updated: blk_100000:blk_110000 is added to blk_120000 size blk_130000
081109 204005 35 INFO dfs.FSNamesystem: BLOCK* NameSystem.addStoredBlock: blockMap updated: blk_100000:blk_110000 is added to blk_120000 size blk_130000
081109 204005 35 INFO dfs.FSNamesystem: BLOCK* NameSystem.addStoredBlock: blockMap updated: blk_100000:blk_110000 is added to blk_120000 size blk_130000
081109 204005 35 INFO dfs.FSNamesystem: BLOCK* NameSystem.addStoredBlock: blockMap updated: blk_100000:blk_110000 is added to blk_120000 size blk_130000
081109 204005 35 INFO dfs.FSNamesystem: BLOCK* NameSystem.addStoredBlock: blockMap updated: blk_100000:blk_110000 is added to blk_120000 size blk_130000
081109 204005 35 INFO dfs.FSNamesystem: BLOCK* NameSystem.addStoredBlock: blockMap updated: blk_100000:blk_110000 is added to blk_120000 size blk_130000
081109 204005 35 INFO dfs.FSNamesystem: BLOCK* NameSystem.addStoredBlock: blockMap updated: blk_100000:blk_110000 is added to blk_120000 size blk_130000
081109 204005 35 INFO dfs.FSNamesystem: BLOCK* NameSystem.addStoredBlock: blockMap updated: blk_100000:blk_110000 is added to blk_120000 size blk_130000
081109 204005 35 INFO dfs.FSNamesystem: BLOCK* NameSystem.addStoredBlock: blockMap updated: blk_100000:blk_110000 is added to blk_120000 size blk_130000
081109 204005 35 INFO dfs.FSNamesystem: BLOCK* NameSystem.addStoredBlock: blockMap updated: blk_100000:blk_110000 is added to blk_120000 size blk_130000
081109 204005 35 INFO dfs.FSNamesystem: BLOCK* NameSystem.addStoredBlock: blockMap updated: blk_100000:blk_110000 is added to blk_120000 size blk_130000
081109 204005 35 INFO dfs.FSNamesystem: BLOCK* NameSystem.addStoredBlock: blockMap updated: blk_100000:blk_110000 is added to blk_120000 size blk_130000
081109 204005 35 INFO dfs.FSNamesystem: BLOCK* NameSystem.addStoredBlock: blockMap updated: blk_100000:blk_110000 is added to blk_120000 size blk_130000
081109 204005 35 INFO dfs.FSNamesystem: BLOCK* NameSystem.addStoredBlock: blockMap updated: blk_100000:blk_110000 is added to blk_120000 size blk_130000
081109 204005 35 INFO dfs.FSNamesystem: BLOCK* NameSystem.addStoredBlock: blockMap updated: blk_100000:blk_110000 is added to blk_120000 size blk_130000
081109 204005 35 INFO dfs.FSNamesystem: BLOCK* NameSystem.addStoredBlock: blockMap updated: blk_100000:blk_110000 is added to blk_120000 size blk_130000
081109 204005 35 INFO dfs.FSNamesystem: BLOCK* NameSystem.addStoredBlock: blockMap updated: blk_100000:blk_110000 is added to blk_120000 size blk_130000
081109 204005 35 INFO dfs.FSNamesystem: BLOCK* NameSystem.addStoredBlock: blockMap updated: blk_100000:blk_110000 is added to blk_120000 size blk_130000
081109 204005 35 INFO dfs.FSNamesystem: BLOCK* NameSystem.addStoredBlock: blockMap updated: blk_100000:blk_110000 is added to blk_120000 size blk_130000
081109 204005 35 INFO dfs.FSNamesystem: BLOCK* NameSystem.addStoredBlock: blockMap updated: blk_100001:blk_110001 is added to blk_120001 size blk_130001
081109 204005 35 INFO dfs.FSNamesystem: BLOCK* NameSystem.addStoredBlock: blockMap updated: blk_100001:blk_110001 is added to blk_120001 size blk_130001
081109 204005 35 INFO dfs.FSNamesystem: BLOCK* NameSystem.addStoredBlock: blockMap updated: blk_100002:blk_110002 is added to blk_120002 size blk_130002
081109 204005 35 INFO dfs.FSNamesystem: BLOCK* NameSystem.addStoredBlock: blockMap updated: blk_100002:blk_110002 is added to blk_120002 size blk_130002
081109 204005 35 INFO dfs.FSNamesystem: BLOCK* NameSystem.addStoredBlock: blockMap updated: blk_100003:blk_110003 is added to blk_120003 size blk_130003
081109 204005 35 INFO dfs.FSNamesystem: BLOCK* NameSystem.addStoredBlock: blockMap updated: blk_100003:blk_110003 is added to blk_120003 size blk_130003
081109 204005 35 INFO dfs.FSNamesystem: BLOCK* NameSystem.addStoredBlock: blockMap updated: blk_100004:blk_110004 is added to blk_120004 size blk_130004
081109 204005 35 INFO dfs.FSNamesystem: BLOCK* NameSystem.addStoredBlock: blockMap updated: blk_100004:blk_110004 is added to blk_120004 size blk_130004
081109 204005 35 INFO dfs.FSNamesystem: BLOCK* NameSystem.addStoredBlock: blockMap updated: blk_100005:blk_110005 is added to blk_120005 size blk_130005
081109 204005 35 INFO dfs.FSNamesystem: BLOCK* NameSystem.addStoredBlock: blockMap updated: blk_100005:blk_110005 is added to blk_120005 size blk_130005
081109 204005 35 INFO dfs.FSNamesystem: BLOCK* NameSystem.addStoredBlock: blockMap updated: blk_100006:blk_110006 is added to blk_120006 size blk_130006
081109 204005 35 INFO dfs.FSNamesystem: BLOCK* NameSystem.addStoredBlock: blockMap updated: blk_100006:blk_110006 is added to blk_120006 size blk_130006
081109 204005 35 INFO dfs.FSNamesystem: BLOCK* NameSystem.addStoredBlock: blockMap updated: blk_100007:blk_110007 is added to blk_120007 size blk_130007
081109 204005 35 INFO dfs.FSNamesystem: BLOCK* NameSystem.addStoredBlock: blockMap updated: blk_100007:blk_110007 is added to blk_120007 size blk_130007
081109 204005 35 INFO dfs.FSNamesystem: BLOCK* NameSystem.addStoredBlock: blockMap updated: blk_100008:blk_110008 is added to blk_120008 size blk_130008
081109 204005 35 INFO dfs.FSNamesystem: BLOCK* NameSystem.addStoredBlock: blockMap updated: blk_100008:blk_110008 is added to blk_120008 size blk_130008
081109 204005 35 INFO dfs.FSNamesystem: BLOCK* NameSystem.addStoredBlock: blockMap updated: blk_100009:blk_110009 is added to blk_120009 size blk_130009
081109 204005 35 INFO dfs.FSNamesystem: BLOCK* NameSystem.addStoredBlock: blockMap updated: blk_100010:blk_110010 is added to blk_120010 size blk_130010
081109 204005 35 INFO dfs.FSNamesystem: BLOCK* NameSystem.addStoredBlock: blockMap updated: blk_100011:blk_110011 is added to blk_120011 size blk_130011
081109 204005 35 INFO dfs.FSNamesystem: BLOCK* NameSystem.addStoredBlock: blockMap updated: blk_100012:blk_110012 is added to blk_120012 size blk_130012
081109 204005 35 INFO dfs.FSNamesystem: BLOCK* NameSystem.addStoredBlock: blockMap updated: blk_100013:blk_110013 is added to blk_120013 size blk_130013
081111 050334 20441 INFO dfs.DataNode$DataXceiver: Received block aaalpha src: bbalpha:ccalpha dest: ddalpha:eealpha of size ffalpha
081111 050334 20441 INFO dfs.DataNode$DataXceiver: Received block aaalpha src: bbalpha:ccalpha dest: ddalpha:eealpha of size ffalpha
081111 050334 20441 INFO dfs.DataNode$DataXceiver: Received block aaalpha src: bbalpha:ccalpha dest: ddalpha:eealpha of size ffalpha
081111 050334 20441 INFO dfs.DataNode$DataXceiver: Received block aaalpha src: bbalpha:ccalpha dest: ddalpha:eealpha of size ffalpha
081111 050334 20441 INFO dfs.DataNode$DataXceiver: Received block aaalpha src: bbalpha:ccalpha dest: ddalpha:eealpha of size ffalpha
081111 050334 20441 INFO dfs.DataNode$DataXceiver: Received block aaalpha src: bbalpha:ccalpha dest: ddalpha:eealpha of size ffalpha
081111 050334 20441 INFO dfs.DataNode$DataXceiver: Received block aaalpha src: bbalpha:ccalpha dest: ddalpha:eealpha of size ffalpha
081111 050334 20441 INFO dfs.DataNode$DataXceiver: Received block aaalpha src: bbalpha:ccalpha dest: ddalpha:eealpha of size ffalpha
081111 050334 20441 INFO dfs.DataNode$DataXceiver: Received block aaalpha src: bbalpha:ccalpha dest: ddalpha:eealpha of size ffalpha
081111 050334 20441 INFO dfs.DataNode$DataXceiver: Received block aaalpha src: bbalpha:ccalpha dest: ddalpha:eealpha of size ffalpha
081111 050334 20441 INFO dfs.DataNode$DataXceiver: Received block aaalpha src: bbalpha:ccalpha dest: ddalpha:eealpha of size ffalpha
081111 050334 20441 INFO dfs.DataNode$DataXceiver: Received block aaalpha src: bbalpha:ccalpha dest: ddalpha:eealpha of size ffalpha
081111 050334 20441 INFO dfs.DataNode$DataXceiver: Received block aaalpha src: bbalpha:ccalpha dest: ddalpha:eealpha of size ffalpha
081111 050334 20441 INFO dfs.DataNode$DataXceiver: Received block aaalpha src: bbalpha:ccalpha dest: ddalpha:eealpha of size ffalpha
081111 050334 20441 INFO dfs.DataNode$DataXceiver: Received block aaalpha src: bbalpha:ccalpha dest: ddalpha:eealpha of size ffalpha
081111 050334 20441 INFO dfs.DataNode$DataXceiver: Received block aaalpha src: bbalpha:ccalpha dest: ddalpha:eealpha of size ffalpha
081111 050334 20441 INFO dfs.DataNode$DataXceiver: Received block aaalpha src: bbalpha:ccalpha dest: ddalpha:eealpha of size ffalpha
081111 050334 20441 INFO dfs.DataNode$DataXceiver: Received block aaalpha src: bbalpha:ccalpha dest: ddalpha:eealpha of size ffalpha
081111 050334 20441 INFO dfs.DataNode$DataXceiver: Received block aaalpha src: bbalpha:ccalpha dest: ddalpha:eealpha of size ffalpha
081111 050334 20441 INFO dfs.DataNode$DataXceiver: Received block aaalpha src: bbalpha:ccalpha dest: ddalpha:eealpha of size ffalpha
081111 050334 20441 INFO dfs.DataNode$DataXceiver: Received block aaalpha src: bbalpha:ccalpha dest: ddalpha:eealpha of size ffalpha
081111 050334 20441 INFO dfs.DataNode$DataXceiver: Received block aaalpha src: bbalpha:ccalpha dest: ddalpha:eealpha of size ffalpha
081111 050334 20441 INFO dfs.DataNode$DataXceiver: Received block aaalpha src: bbalpha:ccalpha dest: ddalpha:eealpha of size ffalpha
081111 050334 20441 INFO dfs.DataNode$DataXceiver: Received block aaalpha src: bbalpha:ccalpha dest: ddalpha:eealpha of size ffalpha
081111 050334 20441 INFO dfs.DataNode$DataXceiver: Received block aaalpha src: bbalpha:ccalpha dest: ddalpha:eealpha of size ffalpha
081111 050334 20441 INFO dfs.DataNode$DataXceiver: Received block aaalpha src: bbalpha:ccalpha dest: ddalpha:eealpha of size ffalpha
081111 050334 20441 INFO dfs.DataNode$DataXceiver: Received block aaalpha src: bbalpha:ccalpha dest: ddalpha:eealpha of size ffalpha
081111 050334 20441 INFO dfs.DataNode$DataXceiver: Received block aaalpha src: bbalpha:ccalpha dest: ddalpha:eealpha of size ffalpha
081111 050334 20441 INFO dfs.DataNode$DataXceiver: Received block aaalpha src: bbalpha:ccalpha dest: ddalpha:eealpha of size ffalpha
081111 050334 20441 INFO dfs.DataNode$DataXceiver: Received block aaalpha src: bbalpha:ccalpha dest: ddalpha:eealpha of size ffalpha
081111 050334 20441 INFO dfs.DataNode$DataXceiver: Received block aaalpha src: bbalpha:ccalpha dest: ddalpha:eealpha of size ffalpha
081111 050334 20441 INFO dfs.DataNode$DataXceiver: Received block aaalpha src: bbalpha:ccalpha dest: ddalpha:eealpha of size ffalpha
081111 050334 20441 INFO dfs.DataNode$DataXceiver: Received block aaalpha src: bbalpha:ccalpha dest: ddalpha:eealpha of size ffalpha
081111 050334 20441 INFO dfs.DataNode$DataXceiver: Received block aaalpha src: bbalpha:ccalpha dest: ddalpha:eealpha of size ffalpha
081111 050334 20441 INFO dfs.DataNode$DataXceiver: Received block aaalpha src: bbalpha:ccalpha dest: ddalpha:eealpha of size ffalpha
081111 050334 20441 INFO dfs.DataNode$DataXceiver: Received block aaalpha src: bbalpha:ccalpha dest: ddalpha:eealpha of size ffalpha
081111 050334 20441 INFO dfs.DataNode$DataXceiver: Received block aaalpha src: bbalpha:ccalpha dest: ddalpha:eealpha of size ffalpha
081111 050334 20441 INFO dfs.DataNode$DataXceiver: Received block aaalpha src: bbalpha:ccalpha dest: ddalpha:eealpha of size ffalpha
081111 050334 20441 INFO dfs.DataNode$DataXceiver: Received block aaalpha src: bbalpha:ccalpha dest: ddalpha:eealpha of size ffalpha
081111 050334 20441 INFO dfs.DataNode$DataXceiver: Received block aaalpha src: bbalpha:ccalpha dest: ddalpha:eealpha of size ffalpha
081111 050334 20441 INFO dfs.DataNode$DataXceiver: Received block aaalpha src: bbalpha:ccalpha dest: ddalpha:eealpha of size ffalpha
081111 050334 20441 INFO dfs.DataNode$DataXceiver: Received block aaalpha src: bbalpha:ccalpha dest: ddalpha:eealpha of size ffalpha
081111 050334 20441 INFO dfs.DataNode$DataXceiver: Received block aaalpha src: bbalpha:ccalpha dest: ddalpha:eealpha of size ffalpha
081111 050334 20441 INFO dfs.DataNode$DataXceiver: Received block aaalpha src: bbalpha:ccalpha dest: ddalpha:eealpha of size ffalpha
081111 050334 20441 INFO dfs.DataNode$DataXceiver: Received block aaalpha src: bbalpha:ccalpha dest: ddalpha:eealpha of size ffalpha
081111 050334 20441 INFO dfs.DataNode$DataXceiver: Received block aaalpha src: bbalpha:ccalpha dest: ddalpha:eealpha of size ffalpha
081111 050334 20441 INFO dfs.DataNode$DataXceiver: Received block aaalpha src: bbalpha:ccalpha dest: ddalpha:eealpha of size ffalpha
081111 050334 20441 INFO dfs.DataNode$DataXceiver: Received block aaalpha src: bbalpha:ccalpha dest: ddalpha:eealpha of size ffalpha
081111 050334 20441 INFO dfs.DataNode$DataXceiver: Received block aaalpha src: bbalpha:ccalpha dest: ddalpha:eealpha of size ffalpha
081111 050334 20441 INFO dfs.DataNode$DataXceiver: Received block aaalpha src: bbalpha:ccalpha dest: ddalpha:eealpha of size ffalpha
081111 050334 20441 INFO dfs.DataNode$DataXceiver: Received block aaalpha src: bbalpha:ccalpha dest: ddalpha:eealpha of size ffalpha
081111 050334 20441 INFO dfs.DataNode$DataXceiver: Received block aaalpha src: bbalpha:ccalpha dest: ddalpha:eealpha of size ffalpha
081111 050334 20441 INFO dfs.DataNode$DataXceiver: Received block aaalpha src: bbalpha:ccalpha dest: ddalpha:eealpha of size ffalpha
081111 050334 20441 INFO dfs.DataNode$DataXceiver: Received block aaalpha src: bbalpha:ccalpha dest: ddalpha:eealpha of size ffalpha
081111 050334 20441 INFO dfs.DataNode$DataXceiver: Received block aaalpha src: bbalpha:ccalpha dest: ddalpha:eealpha of size ffalpha
081111 050334 20441 INFO dfs.DataNode$DataXceiver: Received block aaalpha src: bbalpha:ccalpha dest: ddalpha:eealpha of size ffalpha
081111 050334 20441 INFO dfs.DataNode$DataXceiver: Received block aaalpha src: bbalpha:ccalpha dest: ddalpha:eealpha of size ffalpha
081111 050334 20441 INFO dfs.DataNode$DataXceiver: Received block aaalpha src: bbalpha:ccalpha dest: ddalpha:eealpha of size ffalpha
081111 050334 20441 INFO dfs.DataNode$DataXceiver: Received block aaalpha src: bbalpha:ccalpha dest: ddalpha:eealpha of size ffalpha
081111 050334 20441 INFO dfs.DataNode$DataXceiver: Received block aaalpha src: bbalpha:ccalpha dest: ddalpha:eealpha of size ffalpha
081111 050334 20441 INFO dfs.DataNode$DataXceiver: Received block aaalpha src: bbalpha:ccalpha dest: ddalpha:eealpha of size ffalpha
081111 050334 20441 INFO dfs.DataNode$DataXceiver: Received block aaalpha src: bbalpha:ccalpha dest: ddalpha:eealpha of size ffalpha
081111 050334 20441 INFO dfs.DataNode$DataXceiver: Received block aaalpha src: bbalpha:ccalpha dest: ddalpha:eealpha of size ffalpha
081111 050334 20441 INFO dfs.DataNode$DataXceiver: Received block aaalpha src: bbalpha:ccalpha dest: ddalpha:eealpha of size ffalpha
081111 080934 19 INFO dfs.FSNamesystem: BLOCK* ask aaalpha:bbalpha to replicate ccalpha to datanode(s) ddalpha:eealpha
081111 080934 19 INFO dfs.FSNamesystem: BLOCK* ask aaalpha:bbalpha to replicate ccalpha to datanode(s) ddalpha:eealpha
081111 080934 19 INFO dfs.FSNamesystem: BLOCK* ask aaalpha:bbalpha to replicate ccalpha to datanode(s) ddalpha:eealpha
081111 080934 19 INFO dfs.FSNamesystem: BLOCK* ask aaalpha:bbalpha to replicate ccalpha to datanode(s) ddalpha:eealpha
081111 080934 19 INFO dfs.FSNamesystem: BLOCK* ask aaalpha:bbalpha to replicate ccalpha to datanode(s) ddalpha:eealpha
081111 080934 19 INFO dfs.FSNamesystem: BLOCK* ask aaalpha:bbalpha to replicate ccalpha to datanode(s) ddalpha:eealpha
081111 080934 19 INFO dfs.FSNamesystem: BLOCK* ask aaalpha:bbalpha to replicate ccalpha to datanode(s) ddalpha:eealpha
081111 080934 19 INFO dfs.FSNamesystem: BLOCK* ask aaalpha:bbalpha to replicate ccalpha to datanode(s) ddalpha:eealpha
081111 080934 19 INFO dfs.FSNamesystem: BLOCK* ask aaalpha:bbalpha to replicate ccalpha to datanode(s) ddalpha:eealpha
081111 080934 19 INFO dfs.FSNamesystem: BLOCK* ask aaalpha:bbalpha to replicate ccalpha to datanode(s) ddalpha:eealpha
081111 080934 19 INFO dfs.FSNamesystem: BLOCK* ask aaalpha:bbalpha to replicate ccalpha to datanode(s) ddalpha:eealpha
081111 080934 19 INFO dfs.FSNamesystem: BLOCK* ask aaalpha:bbalpha to replicate ccalpha to datanode(s) ddalpha:eealpha
081111 080934 19 INFO dfs.FSNamesystem: BLOCK* ask aaalpha:bbalpha to replicate ccalpha to datanode(s) ddalpha:eealpha
081111 080934 19 INFO dfs.FSNamesystem: BLOCK* ask aaalpha:bbalpha to replicate ccalpha to datanode(s) ddalpha:eealpha
081111 080934 19 INFO dfs.FSNamesystem: BLOCK* ask aaalpha:bbalpha to replicate ccalpha to datanode(s) ddalpha:eealpha
081111 080934 19 INFO dfs.FSNamesystem: BLOCK* ask aaalpha:bbalpha to replicate ccalpha to datanode(s) ddalpha:eealpha
081111 080934 19 INFO dfs.FSNamesystem: BLOCK* ask aaalpha:bbalpha to replicate ccalpha to datanode(s) ddalpha:eealpha
081111 080934 19 INFO dfs.FSNamesystem: BLOCK* ask aaalpha:bbalpha to replicate ccalpha to datanode(s) ddalpha:eealpha
081111 080934 19 INFO dfs.FSNamesystem: BLOCK* ask aaalpha:bbalpha to replicate ccalpha to datanode(s) ddalpha:eealpha
081111 080934 19 INFO dfs.FSNamesystem: BLOCK* ask aaalpha:bbalpha to replicate ccalpha to datanode(s) ddalpha:eealpha
081111 080934 19 INFO dfs.FSNamesystem: BLOCK* ask aaalpha:bbalpha to replicate ccalpha to datanode(s) ddalpha:eealpha
081111 080934 19 INFO dfs.FSNamesystem: BLOCK* ask aaalpha:bbalpha to replicate ccalpha to datanode(s) ddalpha:eealpha
081111 080934 19 INFO dfs.FSNamesystem: BLOCK* ask aaalpha:bbalpha to replicate ccalpha to datanode(s) ddalpha:eealpha
081111 080934 19 INFO dfs.FSNamesystem: BLOCK* ask aaalpha:bbalpha to replicate ccalpha to datanode(s) ddalpha:eealpha
081111 080934 19 INFO dfs.FSNamesystem: BLOCK* ask aaalpha:bbalpha to replicate ccalpha to datanode(s) ddalpha:eealpha
081111 080934 19 INFO dfs.FSNamesystem: BLOCK* ask aaalpha:bbalpha to replicate ccalpha to datanode(s) ddalpha:eealpha
081111 080934 19 INFO dfs.FSNamesystem: BLOCK* ask aaalpha:bbalpha to replicate ccalpha to datanode(s) ddalpha:eealpha
081111 080934 19 INFO dfs.FSNamesystem: BLOCK* ask aaalpha:bbalpha to replicate ccalpha to datanode(s) ddalpha:eealpha
081111 080934 19 INFO dfs.FSNamesystem: BLOCK* ask aaalpha:bbalpha to replicate ccalpha to datanode(s) ddalpha:eealpha
081111 080934 19 INFO dfs.FSNamesystem: BLOCK* ask aaalpha:bbalpha to replicate ccalpha to datanode(s) ddalpha:eealpha
081111 080934 19 INFO dfs.FSNamesystem: BLOCK* ask aaalpha:bbalpha to replicate ccalpha to datanode(s) ddalpha:eealpha
081111 080934 19 INFO dfs.FSNamesystem: BLOCK* ask aaalpha:bbalpha to replicate ccalpha to datanode(s) ddalpha:eealpha
081111 080934 19 INFO dfs.FSNamesystem: BLOCK* ask aaalpha:bbalpha to replicate ccalpha to datanode(s) ddalpha:eealpha
081111 080934 19 INFO dfs.FSNamesystem: BLOCK* ask aaalpha:bbalpha to replicate ccalpha to datanode(s) ddalpha:eealpha
081111 080934 19 INFO dfs.FSNamesystem: BLOCK* ask aaalpha:bbalpha to replicate ccalpha to datanode(s) ddalpha:eealpha
081111 080934 19 INFO dfs.FSNamesystem: BLOCK* ask aaalpha:bbalpha to replicate ccalpha to datanode(s) ddalpha:eealpha
081111 080934 19 INFO dfs.FSNamesystem: BLOCK* ask aaalpha:bbalpha to replicate ccalpha to datanode(s) ddalpha:eealpha
081111 080934 19 INFO dfs.FSNamesystem: BLOCK* ask aaalpha:bbalpha to replicate ccalpha to datanode(s) ddalpha:eealpha
081111 080934 19 INFO dfs.FSNamesystem: BLOCK* ask aaalpha:bbalpha to replicate ccalpha to datanode(s) ddalpha:eealpha
081111 080934 19 INFO dfs.FSNamesystem: BLOCK* ask aaalpha:bbalpha to replicate ccalpha to datanode(s) ddalpha:eealpha
081111 080934 19 INFO dfs.FSNamesystem: BLOCK* ask aaalpha:bbalpha to replicate ccalpha to datanode(s) ddalpha:eealpha
081111 080934 19 INFO dfs.FSNamesystem: BLOCK* ask aaalpha:bbalpha to replicate ccalpha to datanode(s) ddalpha:eealpha
081111 080934 19 INFO dfs.FSNamesystem: BLOCK* ask aaalpha:bbalpha to replicate ccalpha to datanode(s) ddalpha:eealpha
081111 080934 19 INFO dfs.FSNamesystem: BLOCK* ask aaalpha:bbalpha to replicate ccalpha to datanode(s) ddalpha:eealpha
081111 080934 19 INFO dfs.FSNamesystem: BLOCK* ask aaalpha:bbalpha to replicate ccalpha to datanode(s) ddalpha:eealpha
081111 080934 19 INFO dfs.FSNamesystem: BLOCK* ask aaalpha:bbalpha to replicate ccalpha to datanode(s) ddalpha:eealpha
081111 080934 19 INFO dfs.FSNamesystem: BLOCK* ask aaalpha:bbalpha to replicate ccalpha to datanode(s) ddalpha:eealpha
081111 080934 19 INFO dfs.FSNamesystem: BLOCK* ask aaalpha:bbalpha to replicate ccalpha to datanode(s) ddalpha:eealpha
081111 080934 19 INFO dfs.FSNamesystem: BLOCK* ask aaalpha:bbalpha to replicate ccalpha to datanode(s) ddalpha:eealpha
081111 080934 19 INFO dfs.FSNamesystem: BLOCK* ask aaalpha:bbalpha to replicate ccalpha to datanode(s) ddalpha:eealpha
081111 080934 19 INFO dfs.FSNamesystem: BLOCK* ask aaalpha:bbalpha to replicate ccalpha to datanode(s) ddalpha:eealpha
081111 080934 19 INFO dfs.FSNamesystem: BLOCK* ask aaalpha:bbalpha to replicate ccalpha to datanode(s) ddalpha:eealpha
081111 080934 19 INFO dfs.FSNamesystem: BLOCK* ask aaalpha:bbalpha to replicate ccalpha to datanode(s) ddalpha:eealpha
081111 080934 19 INFO dfs.FSNamesystem: BLOCK* ask aaalpha:bbalpha to replicate ccalpha to datanode(s) ddalpha:eealpha
081111 080934 19 INFO dfs.FSNamesystem: BLOCK* ask aaalpha:bbalpha to replicate ccalpha to datanode(s) ddalpha:eealpha
081111 080934 19 INFO dfs.FSNamesystem: BLOCK* ask aaalpha:bbalpha to replicate ccalpha to datanode(s) ddalpha:eealpha
081111 080934 19 INFO dfs.FSNamesystem: BLOCK* ask aaalpha:bbalpha to replicate ccalpha to datanode(s) ddalpha:eealpha
081111 080934 19 INFO dfs.FSNamesystem: BLOCK* ask aaalpha:bbalpha to replicate ccalpha to datanode(s) ddalpha:eealpha
081111 080934 19 INFO dfs.FSNamesystem: BLOCK* ask aaalpha:bbalpha to replicate ccalpha to datanode(s) ddalpha:eealpha
081111 080934 19 INFO dfs.FSNamesystem: BLOCK* ask aaalpha:bbalpha to replicate ccalpha to datanode(s) ddalpha:eealpha
081111 080934 19 INFO dfs.FSNamesystem: BLOCK* ask aaalpha:bbalpha to replicate ccalpha to datanode(s) ddalpha:eealpha
081111 080934 19 INFO dfs.FSNamesystem: BLOCK* ask aaalpha:bbalpha to replicate ccalpha to datanode(s) ddalpha:eealpha
081111 080934 19 INFO dfs.FSNamesystem: BLOCK* ask aaalpha:bbalpha to replicate ccalpha to datanode(s) ddalpha:eealpha
081111 080934 19 INFO dfs.FSNamesystem: BLOCK* ask aaalpha:bbalpha to replicate ccalpha to datanode(s) ddalpha:eealpha
081109 214043 2561 WARN dfs.DataNode$DataXceiver: aaalpha:bbalpha:Got exception while serving ccalpha to ddalpha:
081109 214043 2561 WARN dfs.DataNode$DataXceiver: aaalpha:bbalpha:Got exception while serving ccalpha to ddalpha:
081109 214043 2561 WARN dfs.DataNode$DataXceiver: aaalpha:bbalpha:Got exception while serving ccalpha to ddalpha:
081109 214043 2561 WARN dfs.DataNode$DataXceiver: aaalpha:bbalpha:Got exception while serving ccalpha to ddalpha:
081109 214043 2561 WARN dfs.DataNode$DataXceiver: aaalpha:bbalpha:Got exception while serving ccalpha to ddalpha:
081109 214043 2561 WARN dfs.DataNode$DataXceiver: aaalpha:bbalpha:Got exception while serving ccalpha to ddalpha:
081109 214043 2561 WARN dfs.DataNode$DataXceiver: aaalpha:bbalpha:Got exception while serving ccalpha to ddalpha:
081109 214043 2561 WARN dfs.DataNode$DataXceiver: aaalpha:bbalpha:Got exception while serving ccalpha to ddalpha:
081109 214043 2561 WARN dfs.DataNode$DataXceiver: aaalpha:bbalpha:Got exception while serving ccalpha to ddalpha:
081109 214043 2561 WARN dfs.DataNode$DataXceiver: aaalpha:bbalpha:Got exception while serving ccalpha to ddalpha:
081109 214043 2561 WARN dfs.DataNode$DataXceiver: aaalpha:bbalpha:Got exception while serving ccalpha to ddalpha:
081109 214043 2561 WARN dfs.DataNode$DataXceiver: aaalpha:bbalpha:Got exception while serving ccalpha to ddalpha:
081109 214043 2561 WARN dfs.DataNode$DataXceiver: aaalpha:bbalpha:Got exception while serving ccalpha to ddalpha:
081109 214043 2561 WARN dfs.DataNode$DataXceiver: aaalpha:bbalpha:Got exception while serving ccalpha to ddalpha:
081109 214043 2561 WARN dfs.DataNode$DataXceiver: aaalpha:bbalpha:Got exception while serving ccalpha to ddalpha:
081109 214043 2561 WARN dfs.DataNode$DataXceiver: aaalpha:bbalpha:Got exception while serving ccalpha to ddalpha:
081109 214043 2561 WARN dfs.DataNode$DataXceiver: aaalpha:bbalpha:Got exception while serving ccalpha to ddalpha:
081109 214043 2561 WARN dfs.DataNode$DataXceiver: aaalpha:bbalpha:Got exception while serving ccalpha to ddalpha:
081109 214043 2561 WARN dfs.DataNode$DataXceiver: aaalpha:bbalpha:Got exception while serving ccalpha to ddalpha:
081109 214043 2561 WARN dfs.DataNode$DataXceiver: aaalpha:bbalpha:Got exception while serving ccalpha to ddalpha:
081109 214043 2561 WARN dfs.DataNode$DataXceiver: aaalpha:bbalpha:Got exception while serving ccalpha to ddalpha:
081109 214043 2561 WARN dfs.DataNode$DataXceiver: aaalpha:bbalpha:Got exception while serving ccalpha to ddalpha:
081109 214043 2561 WARN dfs.DataNode$DataXceiver: aaalpha:bbalpha:Got exception while serving ccalpha to ddalpha:
081109 214043 2561 WARN dfs.DataNode$DataXceiver: aaalpha:bbalpha:Got exception while serving ccalpha to ddalpha:
081109 214043 2561 WARN dfs.DataNode$DataXceiver: aaalpha:bbalpha:Got exception while serving ccalpha to ddalpha:
081109 214043 2561 WARN dfs.DataNode$DataXceiver: aaalpha:bbalpha:Got exception while serving ccalpha to ddalpha:
081109 214043 2561 WARN dfs.DataNode$DataXceiver: aaalpha:bbalpha:Got exception while serving ccalpha to ddalpha:
081109 214043 2561 WARN dfs.DataNode$DataXceiver: aaalpha:bbalpha:Got exception while serving ccalpha to ddalpha:
081109 214043 2561 WARN dfs.DataNode$DataXceiver: aaalpha:bbalpha:Got exception while serving ccalpha to ddalpha:
081109 214043 2561 WARN dfs.DataNode$DataXceiver: aaalpha:bbalpha:Got exception while serving ccalpha to ddalpha:
081109 214043 2561 WARN dfs.DataNode$DataXceiver: aaalpha:bbalpha:Got exception while serving ccalpha to ddalpha:
081109 214043 2561 WARN dfs.DataNode$DataXceiver: aaalpha:bbalpha:Got exception while serving ccalpha to ddalpha:
081109 214043 2561 WARN dfs.DataNode$DataXceiver: aaalpha:bbalpha:Got exception while serving ccalpha to ddalpha:
081109 214043 2561 WARN dfs.DataNode$DataXceiver: aaalpha:bbalpha:Got exception while serving ccalpha to ddalpha:
081109 214043 2561 WARN dfs.DataNode$DataXceiver: aaalpha:bbalpha:Got exception while serving ccalpha to ddalpha:
081109 214043 2561 WARN dfs.DataNode$DataXceiver: aaalpha:bbalpha:Got exception while serving ccalpha to ddalpha:
081109 214043 2561 WARN dfs.DataNode$DataXceiver: aaalpha:bbalpha:Got exception while serving ccalpha to ddalpha:
081109 214043 2561 WARN dfs.DataNode$DataXceiver: aaalpha:bbalpha:Got exception while serving ccalpha to ddalpha:
081109 214043 2561 WARN dfs.DataNode$DataXceiver: aaalpha:bbalpha:Got exception while serving ccalpha to ddalpha:
081109 214043 2561 WARN dfs.DataNode$DataXceiver: aaalpha:bbalpha:Got exception while serving ccalpha to ddalpha:
081109 214043 2561 WARN dfs.DataNode$DataXceiver: aaalpha:bbalpha:Got exception while serving ccalpha to ddalpha:
081109 214043 2561 WARN dfs.DataNode$DataXceiver: aaalpha:bbalpha:Got exception while serving ccalpha to ddalpha:
081109 214043 2561 WARN dfs.DataNode$DataXceiver: aaalpha:bbalpha:Got exception while serving ccalpha to ddalpha:
081109 214043 2561 WARN dfs.DataNode$DataXceiver: aaalpha:bbalpha:Got exception while serving ccalpha to ddalpha:
081109 214043 2561 WARN dfs.DataNode$DataXceiver: aaalpha:bbalpha:Got exception while serving ccalpha to ddalpha:
081109 214043 2561 WARN dfs.DataNode$DataXceiver: aaalpha:bbalpha:Got exception while serving ccalpha to ddalpha:
081109 214043 2561 WARN dfs.DataNode$DataXceiver: aaalpha:bbalpha:Got exception while serving ccalpha to ddalpha:
081109 214043 2561 WARN dfs.DataNode$DataXceiver: aaalpha:bbalpha:Got exception while serving ccalpha to ddalpha:
081109 214043 2561 WARN dfs.DataNode$DataXceiver: aaalpha:bbalpha:Got exception while serving ccalpha to ddalpha:
081109 214043 2561 WARN dfs.DataNode$DataXceiver: aaalpha:bbalpha:Got exception while serving ccalpha to ddalpha:
081109 214043 2561 WARN dfs.DataNode$DataXceiver: aaalpha:bbalpha:Got exception while serving ccalpha to ddalpha:
081109 214043 2561 WARN dfs.DataNode$DataXceiver: aaalpha:bbalpha:Got exception while serving ccalpha to ddalpha:
081109 214043 2561 WARN dfs.DataNode$DataXceiver: aaalpha:bbalpha:Got exception while serving ccalpha to ddalpha:
081109 214043 2561 WARN dfs.DataNode$DataXceiver: aaalpha:bbalpha:Got exception while serving ccalpha to ddalpha:
081109 214043 2561 WARN dfs.DataNode$DataXceiver: aaalpha:bbalpha:Got exception while serving ccalpha to ddalpha:
081109 214043 2561 WARN dfs.DataNode$DataXceiver: aaalpha:bbalpha:Got exception while serving ccalpha to ddalpha:
081109 214043 2561 WARN dfs.DataNode$DataXceiver: aaalpha:bbalpha:Got exception while serving ccalpha to ddalpha:
081109 214043 2561 WARN dfs.DataNode$DataXceiver: aaalpha:bbalpha:Got exception while serving ccalpha to ddalpha:
081109 214043 2561 WARN dfs.DataNode$DataXceiver: aaalpha:bbalpha:Got exception while serving ccalpha to ddalpha:
081109 214043 2561 WARN dfs.DataNode$DataXceiver: aaalpha:bbalpha:Got exception while serving ccalpha to ddalpha:
081109 214043 2561 WARN dfs.DataNode$DataXceiver: aaalpha:bbalpha:Got exception while serving ccalpha to ddalpha:
081109 214043 2561 WARN dfs.DataNode$DataXceiver: aaalpha:bbalpha:Got exception while serving ccalpha to ddalpha:
081109 214043 2561 WARN dfs.DataNode$DataXceiver: aaalpha:bbalpha:Got exception while serving ccalpha to ddalpha:
081109 214043 2561 WARN dfs.DataNode$DataXceiver: aaalpha:bbalpha:Got exception while serving ccalpha to ddalpha:
081110 211541 18 INFO dfs.DataNode: aaalpha:bbalpha Starting thread to transfer block ccalpha to ddalpha:eealpha
081110 211541 18 INFO dfs.DataNode: aaalpha:bbalpha Starting thread to transfer block ccalpha to ddalpha:eealpha
081110 211541 18 INFO dfs.DataNode: aaalpha:bbalpha Starting thread to transfer block ccalpha to ddalpha:eealpha
081110 211541 18 INFO dfs.DataNode: aaalpha:bbalpha Starting thread to transfer block ccalpha to ddalpha:eealpha
081110 211541 18 INFO dfs.DataNode: aaalpha:bbalpha Starting thread to transfer block ccalpha to ddalpha:eealpha
081110 211541 18 INFO dfs.DataNode: aaalpha:bbalpha Starting thread to transfer block ccalpha to ddalpha:eealpha
081110 211541 18 INFO dfs.DataNode: aaalpha:bbalpha Starting thread to transfer block ccalpha to ddalpha:eealpha
081110 211541 18 INFO dfs.DataNode: aaalpha:bbalpha Starting thread to transfer block ccalpha to ddalpha:eealpha
081110 211541 18 INFO dfs.DataNode: aaalpha:bbalpha Starting thread to transfer block ccalpha to ddalpha:eealpha
081110 211541 18 INFO dfs.DataNode: aaalpha:bbalpha Starting thread to transfer block ccalpha to ddalpha:eealpha
081110 211541 18 INFO dfs.DataNode: aaalpha:bbalpha Starting thread to transfer block ccalpha to ddalpha:eealpha
081110 211541 18 INFO dfs.DataNode: aaalpha:bbalpha Starting thread to transfer block ccalpha to ddalpha:eealpha
081110 211541 18 INFO dfs.DataNode: aaalpha:bbalpha Starting thread to transfer block ccalpha to ddalpha:eealpha
081110 211541 18 INFO dfs.DataNode: aaalpha:bbalpha Starting thread to transfer block ccalpha to ddalpha:eealpha
081110 211541 18 INFO dfs.DataNode: aaalpha:bbalpha Starting thread to transfer block ccalpha to ddalpha:eealpha
081110 211541 18 INFO dfs.DataNode: aaalpha:bbalpha Starting thread to transfer block ccalpha to ddalpha:eealpha
081110 211541 18 INFO dfs.DataNode: aaalpha:bbalpha Starting thread to transfer block ccalpha to ddalpha:eealpha
081110 211541 18 INFO dfs.DataNode: aaalpha:bbalpha Starting thread to transfer block ccalpha to ddalpha:eealpha
081110 211541 18 INFO dfs.DataNode: aaalpha:bbalpha Starting thread to transfer block ccalpha to ddalpha:eealpha
081110 211541 18 INFO dfs.DataNode: aaalpha:bbalpha Starting thread to transfer block ccalpha to ddalpha:eealpha
081110 211541 18 INFO dfs.DataNode: aaalpha:bbalpha Starting thread to transfer block ccalpha to ddalpha:eealpha
081110 211541 18 INFO dfs.DataNode: aaalpha:bbalpha Starting thread to transfer block ccalpha to ddalpha:eealpha
081110 211541 18 INFO dfs.DataNode: aaalpha:bbalpha Starting thread to transfer block ccalpha to ddalpha:eealpha
081110 211541 18 INFO dfs.DataNode: aaalpha:bbalpha Starting thread to transfer block ccalpha to ddalpha:eealpha
081110 211541 18 INFO dfs.DataNode: aaalpha:bbalpha Starting thread to transfer block ccalpha to ddalpha:eealpha
081110 211541 18 INFO dfs.DataNode: aaalpha:bbalpha Starting thread to transfer block ccalpha to ddalpha:eealpha
081110 211541 18 INFO dfs.DataNode: aaalpha:bbalpha Starting thread to transfer block ccalpha to ddalpha:eealpha
081110 211541 18 INFO dfs.DataNode: aaalpha:bbalpha Starting thread to transfer block ccalpha to ddalpha:eealpha
081110 211541 18 INFO dfs.DataNode: aaalpha:bbalpha Starting thread to transfer block ccalpha to ddalpha:eealpha
081110 211541 18 INFO dfs.DataNode: aaalpha:bbalpha Starting thread to transfer block ccalpha to ddalpha:eealpha
081110 211541 18 INFO dfs.DataNode: aaalpha:bbalpha Starting thread to transfer block ccalpha to ddalpha:eealpha
081110 211541 18 INFO dfs.DataNode: aaalpha:bbalpha Starting thread to transfer block ccalpha to ddalpha:eealpha
081110 211541 18 INFO dfs.DataNode: aaalpha:bbalpha Starting thread to transfer block ccalpha to ddalpha:eealpha
081110 211541 18 INFO dfs.DataNode: aaalpha:bbalpha Starting thread to transfer block ccalpha to ddalpha:eealpha
081110 211541 18 INFO dfs.DataNode: aaalpha:bbalpha Starting thread to transfer block ccalpha to ddalpha:eealpha
081110 211541 18 INFO dfs.DataNode: aaalpha:bbalpha Starting thread to transfer block ccalpha to ddalpha:eealpha
081110 211541 18 INFO dfs.DataNode: aaalpha:bbalpha Starting thread to transfer block ccalpha to ddalpha:eealpha
081110 211541 18 INFO dfs.DataNode: aaalpha:bbalpha Starting thread to transfer block ccalpha to ddalpha:eealpha
081110 211541 18 INFO dfs.DataNode: aaalpha:bbalpha Starting thread to transfer block ccalpha to ddalpha:eealpha
081110 211541 18 INFO dfs.DataNode: aaalpha:bbalpha Starting thread to transfer block ccalpha to ddalpha:eealpha
081110 211541 18 INFO dfs.DataNode: aaalpha:bbalpha Starting thread to transfer block ccalpha to ddalpha:eealpha
081110 211541 18 INFO dfs.DataNode: aaalpha:bbalpha Starting thread to transfer block ccalpha to ddalpha:eealpha
081110 211541 18 INFO dfs.DataNode: aaalpha:bbalpha Starting thread to transfer block ccalpha to ddalpha:eealpha
081110 211541 18 INFO dfs.DataNode: aaalpha:bbalpha Starting thread to transfer block ccalpha to ddalpha:eealpha
081110 211541 18 INFO dfs.DataNode: aaalpha:bbalpha Starting thread to transfer block ccalpha to ddalpha:eealpha
081110 211541 18 INFO dfs.DataNode: aaalpha:bbalpha Starting thread to transfer block ccalpha to ddalpha:eealpha
081110 211541 18 INFO dfs.DataNode: aaalpha:bbalpha Starting thread to transfer block ccalpha to ddalpha:eealpha
081110 211541 18 INFO dfs.DataNode: aaalpha:bbalpha Starting thread to transfer block ccalpha to ddalpha:eealpha
081110 211541 18 INFO dfs.DataNode: aaalpha:bbalpha Starting thread to transfer block ccalpha to ddalpha:eealpha
081110 211541 18 INFO dfs.DataNode: aaalpha:bbalpha Starting thread to transfer block ccalpha to ddalpha:eealpha
081110 211541 18 INFO dfs.DataNode: aaalpha:bbalpha Starting thread to transfer block ccalpha to ddalpha:eealpha
081110 211541 18 INFO dfs.DataNode: aaalpha:bbalpha Starting thread to transfer block ccalpha to ddalpha:eealpha
081110 211541 18 INFO dfs.DataNode: aaalpha:bbalpha Starting thread to transfer block ccalpha to ddalpha:eealpha
081110 211541 18 INFO dfs.DataNode: aaalpha:bbalpha Starting thread to transfer block ccalpha to ddalpha:eealpha
081110 211541 18 INFO dfs.DataNode: aaalpha:bbalpha Starting thread to transfer block ccalpha to ddalpha:eealpha
081110 211541 18 INFO dfs.DataNode: aaalpha:bbalpha Starting thread to transfer block ccalpha to ddalpha:eealpha
081110 211541 18 INFO dfs.DataNode: aaalpha:bbalpha Starting thread to transfer block ccalpha to ddalpha:eealpha
081110 211541 18 INFO dfs.DataNode: aaalpha:bbalpha Starting thread to transfer block ccalpha to ddalpha:eealpha
081110 211541 18 INFO dfs.DataNode: aaalpha:bbalpha Starting thread to transfer block ccalpha to ddalpha:eealpha
081110 211541 18 INFO dfs.DataNode: aaalpha:bbalpha Starting thread to transfer block ccalpha to ddalpha:eealpha
081110 211541 18 INFO dfs.DataNode: aaalpha:bbalpha Starting thread to transfer block ccalpha to ddalpha:eealpha
081110 211541 18 INFO dfs.DataNode: aaalpha:bbalpha Starting thread to transfer block ccalpha to ddalpha:eealpha
081110 211541 18 INFO dfs.DataNode: aaalpha:bbalpha Starting thread to transfer block ccalpha to ddalpha:eealpha
081110 211541 18 INFO dfs.DataNode: aaalpha:bbalpha Starting thread to transfer block ccalpha to ddalpha:eealpha
081109 203615 148 INFO dfs.DataNode$PacketResponder: PacketResponder aaalpha for block bbalpha terminating
081109 203615 148 INFO dfs.DataNode$PacketResponder: PacketResponder aaalpha for block bbalpha terminating
081109 203615 148 INFO dfs.DataNode$PacketResponder: PacketResponder aaalpha for block bbalpha terminating
081109 203615 148 INFO dfs.DataNode$PacketResponder: PacketResponder aaalpha for block bbalpha terminating
081109 203615 148 INFO dfs.DataNode$PacketResponder: PacketResponder aaalpha for block bbalpha terminating
081109 203615 148 INFO dfs.DataNode$PacketResponder: PacketResponder aaalpha for block bbalpha terminating
081109 203615 148 INFO dfs.DataNode$PacketResponder: PacketResponder aaalpha for block bbalpha terminating
081109 203615 148 INFO dfs.DataNode$PacketResponder: PacketResponder aaalpha for block bbalpha terminating
081109 203615 148 INFO dfs.DataNode$PacketResponder: PacketResponder aaalpha for block bbalpha terminating
081109 203615 148 INFO dfs.DataNode$PacketResponder: PacketResponder aaalpha for block bbalpha terminating
081109 203615 148 INFO dfs.DataNode$PacketResponder: PacketResponder aaalpha for block bbalpha terminating
081109 203615 148 INFO dfs.DataNode$PacketResponder: PacketResponder aaalpha for block bbalpha terminating
081109 203615 148 INFO dfs.DataNode$PacketResponder: PacketResponder aaalpha for block bbalpha terminating
081109 203615 148 INFO dfs.DataNode$PacketResponder: PacketResponder aaalpha for block bbalpha terminating
081109 203615 148 INFO dfs.DataNode$PacketResponder: PacketResponder aaalpha for block bbalpha terminating
081109 203615 148 INFO dfs.DataNode$PacketResponder: PacketResponder aaalpha for block bbalpha terminating
081109 203615 148 INFO dfs.DataNode$PacketResponder: PacketResponder aaalpha for block bbalpha terminating
081109 203615 148 INFO dfs.DataNode$PacketResponder: PacketResponder aaalpha for block bbalpha terminating
081109 203615 148 INFO dfs.DataNode$PacketResponder: PacketResponder aaalpha for block bbalpha terminating
081109 203615 148 INFO dfs.DataNode$PacketResponder: PacketResponder aaalpha for block bbalpha terminating
081109 203615 148 INFO dfs.DataNode$PacketResponder: PacketResponder aaalpha for block bbalpha terminating
081109 203615 148 INFO dfs.DataNode$PacketResponder: PacketResponder aaalpha for block bbalpha terminating
081109 203615 148 INFO dfs.DataNode$PacketResponder: PacketResponder aaalpha for block bbalpha terminating
081109 203615 148 INFO dfs.DataNode$PacketResponder: PacketResponder aaalpha for block bbalpha terminating
081109 203615 148 INFO dfs.DataNode$PacketResponder: PacketResponder aaalpha for block bbalpha terminating
081109 203615 148 INFO dfs.DataNode$PacketResponder: PacketResponder aaalpha for block bbalpha terminating
081109 203615 148 INFO dfs.DataNode$PacketResponder: PacketResponder aaalpha for block bbalpha terminating
081109 203615 148 INFO dfs.DataNode$PacketResponder: PacketResponder aaalpha for block bbalpha terminating
081109 203615 148 INFO dfs.DataNode$PacketResponder: PacketResponder aaalpha for block bbalpha terminating
081109 203615 148 INFO dfs.DataNode$PacketResponder: PacketResponder aaalpha for block bbalpha terminating
081109 203615 148 INFO dfs.DataNode$PacketResponder: PacketResponder aaalpha for block bbalpha terminating
081109 203615 148 INFO dfs.DataNode$PacketResponder: PacketResponder aaalpha for block bbalpha terminating
081109 203615 148 INFO dfs.DataNode$PacketResponder: PacketResponder aaalpha for block bbalpha terminating
081109 203615 148 INFO dfs.DataNode$PacketResponder: PacketResponder aaalpha for block bbalpha terminating
081109 203615 148 INFO dfs.DataNode$PacketResponder: PacketResponder aaalpha for block bbalpha terminating
081109 203615 148 INFO dfs.DataNode$PacketResponder: PacketResponder aaalpha for block bbalpha terminating
081109 203615 148 INFO dfs.DataNode$PacketResponder: PacketResponder aaalpha for block bbalpha terminating
081109 203615 148 INFO dfs.DataNode$PacketResponder: PacketResponder aaalpha for block bbalpha terminating
081109 203615 148 INFO dfs.DataNode$PacketResponder: PacketResponder aaalpha for block bbalpha terminating
081109 203615 148 INFO dfs.DataNode$PacketResponder: PacketResponder aaalpha for block bbalpha terminating
081109 203615 148 INFO dfs.DataNode$PacketResponder: PacketResponder aaalpha for block bbalpha terminating
081109 203615 148 INFO dfs.DataNode$PacketResponder: PacketResponder aaalpha for block bbalpha terminating
081109 203615 148 INFO dfs.DataNode$PacketResponder: PacketResponder aaalpha for block bbalpha terminating
081109 203615 148 INFO dfs.DataNode$PacketResponder: PacketResponder aaalpha for block bbalpha terminating
081109 203615 148 INFO dfs.DataNode$PacketResponder: PacketResponder aaalpha for block bbalpha terminating
081109 203615 148 INFO dfs.DataNode$PacketResponder: PacketResponder aaalpha for block bbalpha terminating
081109 203615 148 INFO dfs.DataNode$PacketResponder: PacketResponder aaalpha for block bbalpha terminating
081109 203615 148 INFO dfs.DataNode$PacketResponder: PacketResponder aaalpha for block bbalpha terminating
081109 203615 148 INFO dfs.DataNode$PacketResponder: PacketResponder aaalpha for block bbalpha terminating
081109 203615 148 INFO dfs.DataNode$PacketResponder: PacketResponder aaalpha for block bbalpha terminating
081109 203615 148 INFO dfs.DataNode$PacketResponder: PacketResponder aaalpha for block bbalpha terminating
081109 203615 148 INFO dfs.DataNode$PacketResponder: PacketResponder aaalpha for block bbalpha terminating
081109 203615 148 INFO dfs.DataNode$PacketResponder: PacketResponder aaalpha for block bbalpha terminating
081109 203615 148 INFO dfs.DataNode$PacketResponder: PacketResponder aaalpha for block bbalpha terminating
081109 203615 148 INFO dfs.DataNode$PacketResponder: PacketResponder aaalpha for block bbalpha terminating
081109 203615 148 INFO dfs.DataNode$PacketResponder: PacketResponder aaalpha for block bbalpha terminating
081109 203615 148 INFO dfs.DataNode$PacketResponder: PacketResponder aaalpha for block bbalpha terminating
081109 203615 148 INFO dfs.DataNode$PacketResponder: PacketResponder aaalpha for block bbalpha terminating
081109 203615 148 INFO dfs.DataNode$PacketResponder: PacketResponder aaalpha for block bbalpha terminating
081109 203615 148 INFO dfs.DataNode$PacketResponder: PacketResponder aaalpha for block bbalpha terminating
081109 203615 148 INFO dfs.DataNode$PacketResponder: PacketResponder aaalpha for block bbalpha terminating
081109 203615 148 INFO dfs.DataNode$PacketResponder: PacketResponder aaalpha for block bbalpha terminating
081109 203615 148 INFO dfs.DataNode$PacketResponder: PacketResponder aaalpha for block bbalpha terminating
081109 203615 148 INFO dfs.DataNode$PacketResponder: PacketResponder aaalpha for block bbalpha terminating
081109 205035 28 INFO dfs.FSNamesystem: BLOCK* NameSystem.allocateBlock: aaalpha bbalpha
081109 205035 28 INFO dfs.FSNamesystem: BLOCK* NameSystem.allocateBlock: aaalpha bbalpha
081109 205035 28 INFO dfs.FSNamesystem: BLOCK* NameSystem.allocateBlock: aaalpha bbalpha
081109 205035 28 INFO dfs.FSNamesystem: BLOCK* NameSystem.allocateBlock: aaalpha bbalpha
081109 205035 28 INFO dfs.FSNamesystem: BLOCK* NameSystem.allocateBlock: aaalpha bbalpha
081109 205035 28 INFO dfs.FSNamesystem: BLOCK* NameSystem.allocateBlock: aaalpha bbalpha
081109 205035 28 INFO dfs.FSNamesystem: BLOCK* NameSystem.allocateBlock: aaalpha bbalpha
081109 205035 28 INFO dfs.FSNamesystem: BLOCK* NameSystem.allocateBlock: aaalpha bbalpha
081109 205035 28 INFO dfs.FSNamesystem: BLOCK* NameSystem.allocateBlock: aaalpha bbalpha
081109 205035 28 INFO dfs.FSNamesystem: BLOCK* NameSystem.allocateBlock: aaalpha bbalpha
081109 205035 28 INFO dfs.FSNamesystem: BLOCK* NameSystem.allocateBlock: aaalpha bbalpha
081109 205035 28 INFO dfs.FSNamesystem: BLOCK* NameSystem.allocateBlock: aaalpha bbalpha
081109 205035 28 INFO dfs.FSNamesystem: BLOCK* NameSystem.allocateBlock: aaalpha bbalpha
081109 205035 28 INFO dfs.FSNamesystem: BLOCK* NameSystem.allocateBlock: aaalpha bbalpha
081109 205035 28 INFO dfs.FSNamesystem: BLOCK* NameSystem.allocateBlock: aaalpha bbalpha
081109 205035 28 INFO dfs.FSNamesystem: BLOCK* NameSystem.allocateBlock: aaalpha bbalpha
081109 205035 28 INFO dfs.FSNamesystem: BLOCK* NameSystem.allocateBlock: aaalpha bbalpha
081109 205035 28 INFO dfs.FSNamesystem: BLOCK* NameSystem.allocateBlock: aaalpha bbalpha
081109 205035 28 INFO dfs.FSNamesystem: BLOCK* NameSystem.allocateBlock: aaalpha bbalpha
081109 205035 28 INFO dfs.FSNamesystem: BLOCK* NameSystem.allocateBlock: aaalpha bbalpha
081109 205035 28 INFO dfs.FSNamesystem: BLOCK* NameSystem.allocateBlock: aaalpha bbalpha
081109 205035 28 INFO dfs.FSNamesystem: BLOCK* NameSystem.allocateBlock: aaalpha bbalpha
081109 205035 28 INFO dfs.FSNamesystem: BLOCK* NameSystem.allocateBlock: aaalpha bbalpha
081109 205035 28 INFO dfs.FSNamesystem: BLOCK* NameSystem.allocateBlock: aaalpha bbalpha
081109 205035 28 INFO dfs.FSNamesystem: BLOCK* NameSystem.allocateBlock: aaalpha bbalpha
081109 205035 28 INFO dfs.FSNamesystem: BLOCK* NameSystem.allocateBlock: aaalpha bbalpha
081109 205035 28 INFO dfs.FSNamesystem: BLOCK* NameSystem.allocateBlock: aaalpha bbalpha
081109 205035 28 INFO dfs.FSNamesystem: BLOCK* NameSystem.allocateBlock: aaalpha bbalpha
081109 205035 28 INFO dfs.FSNamesystem: BLOCK* NameSystem.allocateBlock: aaalpha bbalpha
081109 205035 28 INFO dfs.FSNamesystem: BLOCK* NameSystem.allocateBlock: aaalpha bbalpha
081109 205035 28 INFO dfs.FSNamesystem: BLOCK* NameSystem.allocateBlock: aaalpha bbalpha
081109 205035 28 INFO dfs.FSNamesystem: BLOCK* NameSystem.allocateBlock: aaalpha bbalpha
081109 205035 28 INFO dfs.FSNamesystem: BLOCK* NameSystem.allocateBlock: aaalpha bbalpha
081109 205035 28 INFO dfs.FSNamesystem: BLOCK* NameSystem.allocateBlock: aaalpha bbalpha
081109 205035 28 INFO dfs.FSNamesystem: BLOCK* NameSystem.allocateBlock: aaalpha bbalpha
081109 205035 28 INFO dfs.FSNamesystem: BLOCK* NameSystem.allocateBlock: aaalpha bbalpha
081109 205035 28 INFO dfs.FSNamesystem: BLOCK* NameSystem.allocateBlock: aaalpha bbalpha
081109 205035 28 INFO dfs.FSNamesystem: BLOCK* NameSystem.allocateBlock: aaalpha bbalpha
081109 205035 28 INFO dfs.FSNamesystem: BLOCK* NameSystem.allocateBlock: aaalpha bbalpha
081109 205035 28 INFO dfs.FSNamesystem: BLOCK* NameSystem.allocateBlock: aaalpha bbalpha
081109 205035 28 INFO dfs.FSNamesystem: BLOCK* NameSystem.allocateBlock: aaalpha bbalpha
081109 205035 28 INFO dfs.FSNamesystem: BLOCK* NameSystem.allocateBlock: aaalpha bbalpha
081109 205035 28 INFO dfs.FSNamesystem: BLOCK* NameSystem.allocateBlock: aaalpha bbalpha
081109 205035 28 INFO dfs.FSNamesystem: BLOCK* NameSystem.allocateBlock: aaalpha bbalpha
081109 205035 28 INFO dfs.FSNamesystem: BLOCK* NameSystem.allocateBlock: aaalpha bbalpha
081109 205035 28 INFO dfs.FSNamesystem: BLOCK* NameSystem.allocateBlock: aaalpha bbalpha
081109 205035 28 INFO dfs.FSNamesystem: BLOCK* NameSystem.allocateBlock: aaalpha bbalpha
081109 205035 28 INFO dfs.FSNamesystem: BLOCK* NameSystem.allocateBlock: aaalpha bbalpha
081109 205035 28 INFO dfs.FSNamesystem: BLOCK* NameSystem.allocateBlock: aaalpha bbalpha
081109 205035 28 INFO dfs.FSNamesystem: BLOCK* NameSystem.allocateBlock: aaalpha bbalpha
081109 205035 28 INFO dfs.FSNamesystem: BLOCK* NameSystem.allocateBlock: aaalpha bbalpha
081109 205035 28 INFO dfs.FSNamesystem: BLOCK* NameSystem.allocateBlock: aaalpha bbalpha
081109 205035 28 INFO dfs.FSNamesystem: BLOCK* NameSystem.allocateBlock: aaalpha bbalpha
081109 205035 28 INFO dfs.FSNamesystem: BLOCK* NameSystem.allocateBlock: aaalpha bbalpha
081109 205035 28 INFO dfs.FSNamesystem: BLOCK* NameSystem.allocateBlock: aaalpha bbalpha
081109 205035 28 INFO dfs.FSNamesystem: BLOCK* NameSystem.allocateBlock: aaalpha bbalpha
081109 205035 28 INFO dfs.FSNamesystem: BLOCK* NameSystem.allocateBlock: aaalpha bbalpha
081109 205035 28 INFO dfs.FSNamesystem: BLOCK* NameSystem.allocateBlock: aaalpha bbalpha
081109 205035 28 INFO dfs.FSNamesystem: BLOCK* NameSystem.allocateBlock: aaalpha bbalpha
081109 205035 28 INFO dfs.FSNamesystem: BLOCK* NameSystem.allocateBlock: aaalpha bbalpha
081109 205035 28 INFO dfs.FSNamesystem: BLOCK* NameSystem.allocateBlock: aaalpha bbalpha
081109 205035 28 INFO dfs.FSNamesystem: BLOCK* NameSystem.allocateBlock: aaalpha bbalpha
081109 205035 28 INFO dfs.FSNamesystem: BLOCK* NameSystem.allocateBlock: aaalpha bbalpha
081109 205035 28 INFO dfs.FSNamesystem: BLOCK* NameSystem.allocateBlock: aaalpha bbalpha
081109 213837 19 INFO dfs.FSDataset: Deleting block aaalpha file bbalpha
081109 213837 19 INFO dfs.FSDataset: Deleting block aaalpha file bbalpha
081109 213837 19 INFO dfs.FSDataset: Deleting block aaalpha file bbalpha
081109 213837 19 INFO dfs.FSDataset: Deleting block aaalpha file bbalpha
081109 213837 19 INFO dfs.FSDataset: Deleting block aaalpha file bbalpha
081109 213837 19 INFO dfs.FSDataset: Deleting block aaalpha file bbalpha
081109 213837 19 INFO dfs.FSDataset: Deleting block aaalpha file bbalpha
081109 213837 19 INFO dfs.FSDataset: Deleting block aaalpha file bbalpha
081109 213837 19 INFO dfs.FSDataset: Deleting block aaalpha file bbalpha
081109 213837 19 INFO dfs.FSDataset: Deleting block aaalpha file bbalpha
081109 213837 19 INFO dfs.FSDataset: Deleting block aaalpha file bbalpha
081109 213837 19 INFO dfs.FSDataset: Deleting block aaalpha file bbalpha
081109 213837 19 INFO dfs.FSDataset: Deleting block aaalpha file bbalpha
081109 213837 19 INFO dfs.FSDataset: Deleting block aaalpha file bbalpha
081109 213837 19 INFO dfs.FSDataset: Deleting block aaalpha file bbalpha
081109 213837 19 INFO dfs.FSDataset: Deleting block aaalpha file bbalpha
081109 213837 19 INFO dfs.FSDataset: Deleting block aaalpha file bbalpha
081109 213837 19 INFO dfs.FSDataset: Deleting block aaalpha file bbalpha
081109 213837 19 INFO dfs.FSDataset: Deleting block aaalpha file bbalpha
081109 213837 19 INFO dfs.FSDataset: Deleting block aaalpha file bbalpha
081109 213837 19 INFO dfs.FSDataset: Deleting block aaalpha file bbalpha
081109 213837 19 INFO dfs.FSDataset: Deleting block aaalpha file bbalpha
081109 213837 19 INFO dfs.FSDataset: Deleting block aaalpha file bbalpha
081109 213837 19 INFO dfs.FSDataset: Deleting block aaalpha file bbalpha
081109 213837 19 INFO dfs.FSDataset: Deleting block aaalpha file bbalpha
081109 213837 19 INFO dfs.FSDataset: Deleting block aaalpha file bbalpha
081109 213837 19 INFO dfs.FSDataset: Deleting block aaalpha file bbalpha
081109 213837 19 INFO dfs.FSDataset: Deleting block aaalpha file bbalpha
081109 213837 19 INFO dfs.FSDataset: Deleting block aaalpha file bbalpha
081109 213837 19 INFO dfs.FSDataset: Deleting block aaalpha file bbalpha
081109 213837 19 INFO dfs.FSDataset: Deleting block aaalpha file bbalpha
081109 213837 19 INFO dfs.FSDataset: Deleting block aaalpha file bbalpha
081109 213837 19 INFO dfs.FSDataset: Deleting block aaalpha file bbalpha
081109 213837 19 INFO dfs.FSDataset: Deleting block aaalpha file bbalpha
081109 213837 19 INFO dfs.FSDataset: Deleting block aaalpha file bbalpha
081109 213837 19 INFO dfs.FSDataset: Deleting block aaalpha file bbalpha
081109 213837 19 INFO dfs.FSDataset: Deleting block aaalpha file bbalpha
081109 213837 19 INFO dfs.FSDataset: Deleting block aaalpha file bbalpha
081109 213837 19 INFO dfs.FSDataset: Deleting block aaalpha file bbalpha
081109 213837 19 INFO dfs.FSDataset: Deleting block aaalpha file bbalpha
081109 213837 19 INFO dfs.FSDataset: Deleting block aaalpha file bbalpha
081109 213837 19 INFO dfs.FSDataset: Deleting block aaalpha file bbalpha
081109 213837 19 INFO dfs.FSDataset: Deleting block aaalpha file bbalpha
081109 213837 19 INFO dfs.FSDataset: Deleting block aaalpha file bbalpha
081109 213837 19 INFO dfs.FSDataset: Deleting block aaalpha file bbalpha
081109 213837 19 INFO dfs.FSDataset: Deleting block aaalpha file bbalpha
081109 213837 19 INFO dfs.FSDataset: Deleting block aaalpha file bbalpha
081109 213837 19 INFO dfs.FSDataset: Deleting block aaalpha file bbalpha
081109 213837 19 INFO dfs.FSDataset: Deleting block aaalpha file bbalpha
081109 213837 19 INFO dfs.FSDataset: Deleting block aaalpha file bbalpha
081109 213837 19 INFO dfs.FSDataset: Deleting block aaalpha file bbalpha
081109 213837 19 INFO dfs.FSDataset: Deleting block aaalpha file bbalpha
081109 213837 19 INFO dfs.FSDataset: Deleting block aaalpha file bbalpha
081109 213837 19 INFO dfs.FSDataset: Deleting block aaalpha file bbalpha
081109 213837 19 INFO dfs.FSDataset: Deleting block aaalpha file bbalpha
081109 213837 19 INFO dfs.FSDataset: Deleting block aaalpha file bbalpha
081109 213837 19 INFO dfs.FSDataset: Deleting block aaalpha file bbalpha
081109 213837 19 INFO dfs.FSDataset: Deleting block aaalpha file bbalpha
081109 213837 19 INFO dfs.FSDataset: Deleting block aaalpha file bbalpha
081109 213837 19 INFO dfs.FSDataset: Deleting block aaalpha file bbalpha
081109 213837 19 INFO dfs.FSDataset: Deleting block aaalpha file bbalpha
081109 213837 19 INFO dfs.FSDataset: Deleting block aaalpha file bbalpha
081109 213837 19 INFO dfs.FSDataset: Deleting block aaalpha file bbalpha
081109 213837 19 INFO dfs.FSDataset: Deleting block aaalpha file bbalpha
081110 020724 29 INFO dfs.FSNamesystem: BLOCK* NameSystem.delete: aaalpha is added to invalidSet of bbalpha:ccalpha
081110 020724 29 INFO dfs.FSNamesystem: BLOCK* NameSystem.delete: aaalpha is added to invalidSet of bbalpha:ccalpha
081110 020724 29 INFO dfs.FSNamesystem: BLOCK* NameSystem.delete: aaalpha is added to invalidSet of bbalpha:ccalpha
081110 020724 29 INFO dfs.FSNamesystem: BLOCK* NameSystem.delete: aaalpha is added to invalidSet of bbalpha:ccalpha
081110 020724 29 INFO dfs.FSNamesystem: BLOCK* NameSystem.delete: aaalpha is added to invalidSet of bbalpha:ccalpha
081110 020724 29 INFO dfs.FSNamesystem: BLOCK* NameSystem.delete: aaalpha is added to invalidSet of bbalpha:ccalpha
081110 020724 29 INFO dfs.FSNamesystem: BLOCK* NameSystem.delete: aaalpha is added to invalidSet of bbalpha:ccalpha
081110 020724 29 INFO dfs.FSNamesystem: BLOCK* NameSystem.delete: aaalpha is added to invalidSet of bbalpha:ccalpha
081110 020724 29 INFO dfs.FSNamesystem: BLOCK* NameSystem.delete: aaalpha is added to invalidSet of bbalpha:ccalpha
081110 020724 29 INFO dfs.FSNamesystem: BLOCK* NameSystem.delete: aaalpha is added to invalidSet of bbalpha:ccalpha
081110 020724 29 INFO dfs.FSNamesystem: BLOCK* NameSystem.delete: aaalpha is added to invalidSet of bbalpha:ccalpha
081110 020724 29 INFO dfs.FSNamesystem: BLOCK* NameSystem.delete: aaalpha is added to invalidSet of bbalpha:ccalpha
081110 020724 29 INFO dfs.FSNamesystem: BLOCK* NameSystem.delete: aaalpha is added to invalidSet of bbalpha:ccalpha
081110 020724 29 INFO dfs.FSNamesystem: BLOCK* NameSystem.delete: aaalpha is added to invalidSet of bbalpha:ccalpha
081110 020724 29 INFO dfs.FSNamesystem: BLOCK* NameSystem.delete: aaalpha is added to invalidSet of bbalpha:ccalpha
081110 020724 29 INFO dfs.FSNamesystem: BLOCK* NameSystem.delete: aaalpha is added to invalidSet of bbalpha:ccalpha
081110 020724 29 INFO dfs.FSNamesystem: BLOCK* NameSystem.delete: aaalpha is added to invalidSet of bbalpha:ccalpha
081110 020724 29 INFO dfs.FSNamesystem: BLOCK* NameSystem.delete: aaalpha is added to invalidSet of bbalpha:ccalpha
081110 020724 29 INFO dfs.FSNamesystem: BLOCK* NameSystem.delete: aaalpha is added to invalidSet of bbalpha:ccalpha
081110 020724 29 INFO dfs.FSNamesystem: BLOCK* NameSystem.delete: aaalpha is added to invalidSet of bbalpha:ccalpha
081110 020724 29 INFO dfs.FSNamesystem: BLOCK* NameSystem.delete: aaalpha is added to invalidSet of bbalpha:ccalpha
081110 020724 29 INFO dfs.FSNamesystem: BLOCK* NameSystem.delete: aaalpha is added to invalidSet of bbalpha:ccalpha
081110 020724 29 INFO dfs.FSNamesystem: BLOCK* NameSystem.delete: aaalpha is added to invalidSet of bbalpha:ccalpha
081110 020724 29 INFO dfs.FSNamesystem: BLOCK* NameSystem.delete: aaalpha is added to invalidSet of bbalpha:ccalpha
081110 020724 29 INFO dfs.FSNamesystem: BLOCK* NameSystem.delete: aaalpha is added to invalidSet of bbalpha:ccalpha
081110 020724 29 INFO dfs.FSNamesystem: BLOCK* NameSystem.delete: aaalpha is added to invalidSet of bbalpha:ccalpha
081110 020724 29 INFO dfs.FSNamesystem: BLOCK* NameSystem.delete: aaalpha is added to invalidSet of bbalpha:ccalpha
081110 020724 29 INFO dfs.FSNamesystem: BLOCK* NameSystem.delete: aaalpha is added to invalidSet of bbalpha:ccalpha
081110 020724 29 INFO dfs.FSNamesystem: BLOCK* NameSystem.delete: aaalpha is added to invalidSet of bbalpha:ccalpha
081110 020724 29 INFO dfs.FSNamesystem: BLOCK* NameSystem.delete: aaalpha is added to invalidSet of bbalpha:ccalpha
081110 020724 29 INFO dfs.FSNamesystem: BLOCK* NameSystem.delete: aaalpha is added to invalidSet of bbalpha:ccalpha
081110 020724 29 INFO dfs.FSNamesystem: BLOCK* NameSystem.delete: aaalpha is added to invalidSet of bbalpha:ccalpha
081110 020724 29 INFO dfs.FSNamesystem: BLOCK* NameSystem.delete: aaalpha is added to invalidSet of bbalpha:ccalpha
081110 020724 29 INFO dfs.FSNamesystem: BLOCK* NameSystem.delete: aaalpha is added to invalidSet of bbalpha:ccalpha
081110 020724 29 INFO dfs.FSNamesystem: BLOCK* NameSystem.delete: aaalpha is added to invalidSet of bbalpha:ccalpha
081110 020724 29 INFO dfs.FSNamesystem: BLOCK* NameSystem.delete: aaalpha is added to invalidSet of bbalpha:ccalpha
081110 020724 29 INFO dfs.FSNamesystem: BLOCK* NameSystem.delete: aaalpha is added to invalidSet of bbalpha:ccalpha
081110 020724 29 INFO dfs.FSNamesystem: BLOCK* NameSystem.delete: aaalpha is added to invalidSet of bbalpha:ccalpha
081110 020724 29 INFO dfs.FSNamesystem: BLOCK* NameSystem.delete: aaalpha is added to invalidSet of bbalpha:ccalpha
081110 020724 29 INFO dfs.FSNamesystem: BLOCK* NameSystem.delete: aaalpha is added to invalidSet of bbalpha:ccalpha
081110 020724 29 INFO dfs.FSNamesystem: BLOCK* NameSystem.delete: aaalpha is added to invalidSet of bbalpha:ccalpha
081110 020724 29 INFO dfs.FSNamesystem: BLOCK* NameSystem.delete: aaalpha is added to invalidSet of bbalpha:ccalpha
081110 020724 29 INFO dfs.FSNamesystem: BLOCK* NameSystem.delete: aaalpha is added to invalidSet of bbalpha:ccalpha
081110 020724 29 INFO dfs.FSNamesystem: BLOCK* NameSystem.delete: aaalpha is added to invalidSet of bbalpha:ccalpha
081110 020724 29 INFO dfs.FSNamesystem: BLOCK* NameSystem.delete: aaalpha is added to invalidSet of bbalpha:ccalpha
081110 020724 29 INFO dfs.FSNamesystem: BLOCK* NameSystem.delete: aaalpha is added to invalidSet of bbalpha:ccalpha
081110 020724 29 INFO dfs.FSNamesystem: BLOCK* NameSystem.delete: aaalpha is added to invalidSet of bbalpha:ccalpha
081110 020724 29 INFO dfs.FSNamesystem: BLOCK* NameSystem.delete: aaalpha is added to invalidSet of bbalpha:ccalpha
081110 020724 29 INFO dfs.FSNamesystem: BLOCK* NameSystem.delete: aaalpha is added to invalidSet of bbalpha:ccalpha
081110 020724 29 INFO dfs.FSNamesystem: BLOCK* NameSystem.delete: aaalpha is added to invalidSet of bbalpha:ccalpha
081110 020724 29 INFO dfs.FSNamesystem: BLOCK* NameSystem.delete: aaalpha is added to invalidSet of bbalpha:ccalpha
081110 020724 29 INFO dfs.FSNamesystem: BLOCK* NameSystem.delete: aaalpha is added to invalidSet of bbalpha:ccalpha
081110 020724 29 INFO dfs.FSNamesystem: BLOCK* NameSystem.delete: aaalpha is added to invalidSet of bbalpha:ccalpha
081110 020724 29 INFO dfs.FSNamesystem: BLOCK* NameSystem.delete: aaalpha is added to invalidSet of bbalpha:ccalpha
081110 020724 29 INFO dfs.FSNamesystem: BLOCK* NameSystem.delete: aaalpha is added to invalidSet of bbalpha:ccalpha
081110 020724 29 INFO dfs.FSNamesystem: BLOCK* NameSystem.delete: aaalpha is added to invalidSet of bbalpha:ccalpha
081110 020724 29 INFO dfs.FSNamesystem: BLOCK* NameSystem.delete: aaalpha is added to invalidSet of bbalpha:ccalpha
081110 020724 29 INFO dfs.FSNamesystem: BLOCK* NameSystem.delete: aaalpha is added to invalidSet of bbalpha:ccalpha
081110 020724 29 INFO dfs.FSNamesystem: BLOCK* NameSystem.delete: aaalpha is added to invalidSet of bbalpha:ccalpha
081110 020724 29 INFO dfs.FSNamesystem: BLOCK* NameSystem.delete: aaalpha is added to invalidSet of bbalpha:ccalpha
081110 020724 29 INFO dfs.FSNamesystem: BLOCK* NameSystem.delete: aaalpha is added to invalidSet of bbalpha:ccalpha
081110 020724 29 INFO dfs.FSNamesystem: BLOCK* NameSystem.delete: aaalpha is added to invalidSet of bbalpha:ccalpha
081110 020724 29 INFO dfs.FSNamesystem: BLOCK* NameSystem.delete: aaalpha is added to invalidSet of bbalpha:ccalpha
081110 020724 29 INFO dfs.FSNamesystem: BLOCK* NameSystem.delete: aaalpha is added to invalidSet of bbalpha:ccalpha
081110 212510 19 INFO dfs.FSNamesystem: BLOCK* ask aaalpha:bbalpha to delete ccalpha
081110 212510 19 INFO dfs.FSNamesystem: BLOCK* ask aaalpha:bbalpha to delete ccalpha
081110 212510 19 INFO dfs.FSNamesystem: BLOCK* ask aaalpha:bbalpha to delete ccalpha
081110 212510 19 INFO dfs.FSNamesystem: BLOCK* ask aaalpha:bbalpha to delete ccalpha
081110 212510 19 INFO dfs.FSNamesystem: BLOCK* ask aaalpha:bbalpha to delete ccalpha
081110 212510 19 INFO dfs.FSNamesystem: BLOCK* ask aaalpha:bbalpha to delete ccalpha
081110 212510 19 INFO dfs.FSNamesystem: BLOCK* ask aaalpha:bbalpha to delete ccalpha
081110 212510 19 INFO dfs.FSNamesystem: BLOCK* ask aaalpha:bbalpha to delete ccalpha
081110 212510 19 INFO dfs.FSNamesystem: BLOCK* ask aaalpha:bbalpha to delete ccalpha
081110 212510 19 INFO dfs.FSNamesystem: BLOCK* ask aaalpha:bbalpha to delete ccalpha
081110 212510 19 INFO dfs.FSNamesystem: BLOCK* ask aaalpha:bbalpha to delete ccalpha
081110 212510 19 INFO dfs.FSNamesystem: BLOCK* ask aaalpha:bbalpha to delete ccalpha
081110 212510 19 INFO dfs.FSNamesystem: BLOCK* ask aaalpha:bbalpha to delete ccalpha
081110 212510 19 INFO dfs.FSNamesystem: BLOCK* ask aaalpha:bbalpha to delete ccalpha
081110 212510 19 INFO dfs.FSNamesystem: BLOCK* ask aaalpha:bbalpha to delete ccalpha
081110 212510 19 INFO dfs.FSNamesystem: BLOCK* ask aaalpha:bbalpha to delete ccalpha
081110 212510 19 INFO dfs.FSNamesystem: BLOCK* ask aaalpha:bbalpha to delete ccalpha
081110 212510 19 INFO dfs.FSNamesystem: BLOCK* ask aaalpha:bbalpha to delete ccalpha
081110 212510 19 INFO dfs.FSNamesystem: BLOCK* ask aaalpha:bbalpha to delete ccalpha
081110 212510 19 INFO dfs.FSNamesystem: BLOCK* ask aaalpha:bbalpha to delete ccalpha
081110 212510 19 INFO dfs.FSNamesystem: BLOCK* ask aaalpha:bbalpha to delete ccalpha
081110 212510 19 INFO dfs.FSNamesystem: BLOCK* ask aaalpha:bbalpha to delete ccalpha
081110 212510 19 INFO dfs.FSNamesystem: BLOCK* ask aaalpha:bbalpha to delete ccalpha
081110 212510 19 INFO dfs.FSNamesystem: BLOCK* ask aaalpha:bbalpha to delete ccalpha
081110 212510 19 INFO dfs.FSNamesystem: BLOCK* ask aaalpha:bbalpha to delete ccalpha
081110 212510 19 INFO dfs.FSNamesystem: BLOCK* ask aaalpha:bbalpha to delete ccalpha
081110 212510 19 INFO dfs.FSNamesystem: BLOCK* ask aaalpha:bbalpha to delete ccalpha
081110 212510 19 INFO dfs.FSNamesystem: BLOCK* ask aaalpha:bbalpha to delete ccalpha
081110 212510 19 INFO dfs.FSNamesystem: BLOCK* ask aaalpha:bbalpha to delete ccalpha
081110 212510 19 INFO dfs.FSNamesystem: BLOCK* ask aaalpha:bbalpha to delete ccalpha
081110 212510 19 INFO dfs.FSNamesystem: BLOCK* ask aaalpha:bbalpha to delete ccalpha
081110 212510 19 INFO dfs.FSNamesystem: BLOCK* ask aaalpha:bbalpha to delete ccalpha
081110 212510 19 INFO dfs.FSNamesystem: BLOCK* ask aaalpha:bbalpha to delete ccalpha
081110 212510 19 INFO dfs.FSNamesystem: BLOCK* ask aaalpha:bbalpha to delete ccalpha
081110 212510 19 INFO dfs.FSNamesystem: BLOCK* ask aaalpha:bbalpha to delete ccalpha
081110 212510 19 INFO dfs.FSNamesystem: BLOCK* ask aaalpha:bbalpha to delete ccalpha
081110 212510 19 INFO dfs.FSNamesystem: BLOCK* ask aaalpha:bbalpha to delete ccalpha
081110 212510 19 INFO dfs.FSNamesystem: BLOCK* ask aaalpha:bbalpha to delete ccalpha
081110 212510 19 INFO dfs.FSNamesystem: BLOCK* ask aaalpha:bbalpha to delete ccalpha
081110 212510 19 INFO dfs.FSNamesystem: BLOCK* ask aaalpha:bbalpha to delete ccalpha
081110 212510 19 INFO dfs.FSNamesystem: BLOCK* ask aaalpha:bbalpha to delete ccalpha
081110 212510 19 INFO dfs.FSNamesystem: BLOCK* ask aaalpha:bbalpha to delete ccalpha
081110 212510 19 INFO dfs.FSNamesystem: BLOCK* ask aaalpha:bbalpha to delete ccalpha
081110 212510 19 INFO dfs.FSNamesystem: BLOCK* ask aaalpha:bbalpha to delete ccalpha
081110 212510 19 INFO dfs.FSNamesystem: BLOCK* ask aaalpha:bbalpha to delete ccalpha
081110 212510 19 INFO dfs.FSNamesystem: BLOCK* ask aaalpha:bbalpha to delete ccalpha
081110 212510 19 INFO dfs.FSNamesystem: BLOCK* ask aaalpha:bbalpha to delete ccalpha
081110 212510 19 INFO dfs.FSNamesystem: BLOCK* ask aaalpha:bbalpha to delete ccalpha
081110 212510 19 INFO dfs.FSNamesystem: BLOCK* ask aaalpha:bbalpha to delete ccalpha
081110 212510 19 INFO dfs.FSNamesystem: BLOCK* ask aaalpha:bbalpha to delete ccalpha
081110 212510 19 INFO dfs.FSNamesystem: BLOCK* ask aaalpha:bbalpha to delete ccalpha
081110 212510 19 INFO dfs.FSNamesystem: BLOCK* ask aaalpha:bbalpha to delete ccalpha
081110 212510 19 INFO dfs.FSNamesystem: BLOCK* ask aaalpha:bbalpha to delete ccalpha
081110 212510 19 INFO dfs.FSNamesystem: BLOCK* ask aaalpha:bbalpha to delete ccalpha
081110 212510 19 INFO dfs.FSNamesystem: BLOCK* ask aaalpha:bbalpha to delete ccalpha
081110 212510 19 INFO dfs.FSNamesystem: BLOCK* ask aaalpha:bbalpha to delete ccalpha
081110 212510 19 INFO dfs.FSNamesystem: BLOCK* ask aaalpha:bbalpha to delete ccalpha
081110 212510 19 INFO dfs.FSNamesystem: BLOCK* ask aaalpha:bbalpha to delete ccalpha
081110 212510 19 INFO dfs.FSNamesystem: BLOCK* ask aaalpha:bbalpha to delete ccalpha
081110 212510 19 INFO dfs.FSNamesystem: BLOCK* ask aaalpha:bbalpha to delete ccalpha
081110 212510 19 INFO dfs.FSNamesystem: BLOCK* ask aaalpha:bbalpha to delete ccalpha
081110 212510 19 INFO dfs.FSNamesystem: BLOCK* ask aaalpha:bbalpha to delete ccalpha
081110 212510 19 INFO dfs.FSNamesystem: BLOCK* ask aaalpha:bbalpha to delete ccalpha
081110 212510 19 INFO dfs.FSNamesystem: BLOCK* ask aaalpha:bbalpha to delete ccalpha
081109 213847 2552 INFO dfs.DataNode$DataXceiver: aaalpha:bbalpha Served block ccalpha to ddalpha
081109 213847 2552 INFO dfs.DataNode$DataXceiver: aaalpha:bbalpha Served block ccalpha to ddalpha
081109 213847 2552 INFO dfs.DataNode$DataXceiver: aaalpha:bbalpha Served block ccalpha to ddalpha
081109 213847 2552 INFO dfs.DataNode$DataXceiver: aaalpha:bbalpha Served block ccalpha to ddalpha
081109 213847 2552 INFO dfs.DataNode$DataXceiver: aaalpha:bbalpha Served block ccalpha to ddalpha
081109 213847 2552 INFO dfs.DataNode$DataXceiver: aaalpha:bbalpha Served block ccalpha to ddalpha
081109 213847 2552 INFO dfs.DataNode$DataXceiver: aaalpha:bbalpha Served block ccalpha to ddalpha
081109 213847 2552 INFO dfs.DataNode$DataXceiver: aaalpha:bbalpha Served block ccalpha to ddalpha
081109 213847 2552 INFO dfs.DataNode$DataXceiver: aaalpha:bbalpha Served block ccalpha to ddalpha
081109 213847 2552 INFO dfs.DataNode$DataXceiver: aaalpha:bbalpha Served block ccalpha to ddalpha
081109 213847 2552 INFO dfs.DataNode$DataXceiver: aaalpha:bbalpha Served block ccalpha to ddalpha
081109 213847 2552 INFO dfs.DataNode$DataXceiver: aaalpha:bbalpha Served block ccalpha to ddalpha
081109 213847 2552 INFO dfs.DataNode$DataXceiver: aaalpha:bbalpha Served block ccalpha to ddalpha
081109 213847 2552 INFO dfs.DataNode$DataXceiver: aaalpha:bbalpha Served block ccalpha to ddalpha
081109 213847 2552 INFO dfs.DataNode$DataXceiver: aaalpha:bbalpha Served block ccalpha to ddalpha
081109 213847 2552 INFO dfs.DataNode$DataXceiver: aaalpha:bbalpha Served block ccalpha to ddalpha
081109 213847 2552 INFO dfs.DataNode$DataXceiver: aaalpha:bbalpha Served block ccalpha to ddalpha
081109 213847 2552 INFO dfs.DataNode$DataXceiver: aaalpha:bbalpha Served block ccalpha to ddalpha
081109 213847 2552 INFO dfs.DataNode$DataXceiver: aaalpha:bbalpha Served block ccalpha to ddalpha
081109 213847 2552 INFO dfs.DataNode$DataXceiver: aaalpha:bbalpha Served block ccalpha to ddalpha
081109 213847 2552 INFO dfs.DataNode$DataXceiver: aaalpha:bbalpha Served block ccalpha to ddalpha
081109 213847 2552 INFO dfs.DataNode$DataXceiver: aaalpha:bbalpha Served block ccalpha to ddalpha
081109 213847 2552 INFO dfs.DataNode$DataXceiver: aaalpha:bbalpha Served block ccalpha to ddalpha
081109 213847 2552 INFO dfs.DataNode$DataXceiver: aaalpha:bbalpha Served block ccalpha to ddalpha
081109 213847 2552 INFO dfs.DataNode$DataXceiver: aaalpha:bbalpha Served block ccalpha to ddalpha
081109 213847 2552 INFO dfs.DataNode$DataXceiver: aaalpha:bbalpha Served block ccalpha to ddalpha
081109 213847 2552 INFO dfs.DataNode$DataXceiver: aaalpha:bbalpha Served block ccalpha to ddalpha
081109 213847 2552 INFO dfs.DataNode$DataXceiver: aaalpha:bbalpha Served block ccalpha to ddalpha
081109 213847 2552 INFO dfs.DataNode$DataXceiver: aaalpha:bbalpha Served block ccalpha to ddalpha
081109 213847 2552 INFO dfs.DataNode$DataXceiver: aaalpha:bbalpha Served block ccalpha to ddalpha
081109 213847 2552 INFO dfs.DataNode$DataXceiver: aaalpha:bbalpha Served block ccalpha to ddalpha
081109 213847 2552 INFO dfs.DataNode$DataXceiver: aaalpha:bbalpha Served block ccalpha to ddalpha
081109 213847 2552 INFO dfs.DataNode$DataXceiver: aaalpha:bbalpha Served block ccalpha to ddalpha
081109 213847 2552 INFO dfs.DataNode$DataXceiver: aaalpha:bbalpha Served block ccalpha to ddalpha
081109 213847 2552 INFO dfs.DataNode$DataXceiver: aaalpha:bbalpha Served block ccalpha to ddalpha
081109 213847 2552 INFO dfs.DataNode$DataXceiver: aaalpha:bbalpha Served block ccalpha to ddalpha
081109 213847 2552 INFO dfs.DataNode$DataXceiver: aaalpha:bbalpha Served block ccalpha to ddalpha
081109 213847 2552 INFO dfs.DataNode$DataXceiver: aaalpha:bbalpha Served block ccalpha to ddalpha
081109 213847 2552 INFO dfs.DataNode$DataXceiver: aaalpha:bbalpha Served block ccalpha to ddalpha
081109 213847 2552 INFO dfs.DataNode$DataXceiver: aaalpha:bbalpha Served block ccalpha to ddalpha
081109 213847 2552 INFO dfs.DataNode$DataXceiver: aaalpha:bbalpha Served block ccalpha to ddalpha
081109 213847 2552 INFO dfs.DataNode$DataXceiver: aaalpha:bbalpha Served block ccalpha to ddalpha
081109 213847 2552 INFO dfs.DataNode$DataXceiver: aaalpha:bbalpha Served block ccalpha to ddalpha
081109 213847 2552 INFO dfs.DataNode$DataXceiver: aaalpha:bbalpha Served block ccalpha to ddalpha
081109 213847 2552 INFO dfs.DataNode$DataXceiver: aaalpha:bbalpha Served block ccalpha to ddalpha
081109 213847 2552 INFO dfs.DataNode$DataXceiver: aaalpha:bbalpha Served block ccalpha to ddalpha
081109 213847 2552 INFO dfs.DataNode$DataXceiver: aaalpha:bbalpha Served block ccalpha to ddalpha
081109 213847 2552 INFO dfs.DataNode$DataXceiver: aaalpha:bbalpha Served block ccalpha to ddalpha
081109 213847 2552 INFO dfs.DataNode$DataXceiver: aaalpha:bbalpha Served block ccalpha to ddalpha
081109 213847 2552 INFO dfs.DataNode$DataXceiver: aaalpha:bbalpha Served block ccalpha to ddalpha
081109 213847 2552 INFO dfs.DataNode$DataXceiver: aaalpha:bbalpha Served block ccalpha to ddalpha
081109 213847 2552 INFO dfs.DataNode$DataXceiver: aaalpha:bbalpha Served block ccalpha to ddalpha
081109 213847 2552 INFO dfs.DataNode$DataXceiver: aaalpha:bbalpha Served block ccalpha to ddalpha
081109 213847 2552 INFO dfs.DataNode$DataXceiver: aaalpha:bbalpha Served block ccalpha to ddalpha
081109 213847 2552 INFO dfs.DataNode$DataXceiver: aaalpha:bbalpha Served block ccalpha to ddalpha
081109 213847 2552 INFO dfs.DataNode$DataXceiver: aaalpha:bbalpha Served block ccalpha to ddalpha
081109 213847 2552 INFO dfs.DataNode$DataXceiver: aaalpha:bbalpha Served block ccalpha to ddalpha
081109 213847 2552 INFO dfs.DataNode$DataXceiver: aaalpha:bbalpha Served block ccalpha to ddalpha
081109 213847 2552 INFO dfs.DataNode$DataXceiver: aaalpha:bbalpha Served block ccalpha to ddalpha
081109 213847 2552 INFO dfs.DataNode$DataXceiver: aaalpha:bbalpha Served block ccalpha to ddalpha
081109 213847 2552 INFO dfs.DataNode$DataXceiver: aaalpha:bbalpha Served block ccalpha to ddalpha
081109 213847 2552 INFO dfs.DataNode$DataXceiver: aaalpha:bbalpha Served block ccalpha to ddalpha
081109 213847 2552 INFO dfs.DataNode$DataXceiver: aaalpha:bbalpha Served block ccalpha to ddalpha
081109 213847 2552 INFO dfs.DataNode$DataXceiver: aaalpha:bbalpha Served block ccalpha to ddalpha
