[07.27 05:05:50] chrome.exe *64 - node0-0.example.local:node1-0.example.local error : Could not connect to proxy node2-0.example.local:node3-0.example.local - connection attempt failed with error node4-0.example.local
[07.27 05:05:50] chrome.exe *64 - node0-0.example.local:node1-0.example.local error : Could not connect to proxy node2-0.example.local:node3-0.example.local - connection attempt failed with error node4-0.example.local
[07.27 05:05:50] chrome.exe *64 - node0-0.example.local:node1-0.example.local error : Could not connect to proxy node2-0.example.local:node3-0.example.local - connection attempt failed with error node4-0.example.local
[07.27 05:05:50] chrome.exe *64 - node0-0.example.local:node1-0.example.local error : Could not connect to proxy node2-0.example.local:node3-0.example.local - connection attempt failed with error node4-0.example.local
[07.27 05:05:50] chrome.exe *64 - node0-0.example.local:node1-0.example.local error : Could not connect to proxy node2-0.example.local:node3-0.example.local - connection attempt failed with error node4-0.example.local
[07.27 05:05:50] chrome.exe *64 - node0-0.example.local:node1-0.example.local error : Could not connect to proxy node2-0.example.local:node3-0.example.local - connection attempt failed with error node4-0.example.local
[07.27 05:05:50] chrome.exe *64 - node0-0.example.local:node1-0.example.local error : Could not connect to proxy node2-0.example.local:node3-0.example.local - connection attempt failed with error node4-0.example.local
[07.27 05:05:50] chrome.exe *64 - node0-0.example.local:node1-0.example.local error : Could not connect to proxy node2-0.example.local:node3-0.example.local - connection attempt failed with error node4-0.example.local
[07.27 05:05:50] chrome.exe *64 - node0-0.example.local:node1-0.example.local error : Could not connect to proxy node2-0.example.local:node3-0.example.local - connection attempt failed with error node4-0.example.local
[07.27 05:05:50] chrome.exe *64 - node0-0.example.local:node1-0.example.local error : Could not connect to proxy node2-0.example.local:node3-0.example.local - connection attempt failed with error node4-0.example.local
[07.27 05:05:50] chrome.exe *64 - node0-0.example.local:node1-0.example.local error : Could not connect to proxy node2-0.example.local:node3-0.example.local - connection attempt failed with error node4-0.example.local
[07.27 05:05:50] chrome.exe *64 - node0-0.example.local:node1-0.example.local error : Could not connect to proxy node2-0.example.local:node3-0.example.local - connection attempt failed with error node4-0.example.local
[07.27 05:05:50] chrome.exe *64 - node0-0.example.local:node1-0.example.local error : Could not connect to proxy node2-0.example.local:node3-0.example.local - connection attempt failed with error node4-0.example.local
[07.27 05:05:50] chrome.exe *64 - node0-0.example.local:node1-0.example.local error : Could not connect to proxy node2-0.example.local:node3-0.example.local - connection attempt failed with error node4-0.example.local
[07.27 05:05:50] chrome.exe *64 - node0-0.example.local:node1-0.example.local error : Could not connect to proxy node2-0.example.local:node3-0.example.local - connection attempt failed with error node4-0.example.local
[07.27 05:05:50] chrome.exe *64 - node0-0.example.local:node1-0.example.local error : Could not connect to proxy node2-0.example.local:node3-0.example.local - connection attempt failed with error node4-0.example.local
[07.27 05:05:50] chrome.exe *64 - node0-0.example.local:node1-0.example.local error : Could not connect to proxy node2-0.example.local:node3-0.example.local - connection attempt failed with error node4-0.example.local
[07.27 05:05:50] chrome.exe *64 - node0-0.example.local:node1-0.example.local error : Could not connect to proxy node2-0.example.local:node3-0.example.local - connection attempt failed with error node4-0.example.local
[07.27 05:05:50] chrome.exe *64 - node0-0.example.local:node1-0.example.local error : Could not connect to proxy node2-0.example.local:node3-0.example.local - connection attempt failed with error node4-0.example.local
[07.27 05:05:50] chrome.exe *64 - node0-0.example.local:node1-0.example.local error : Could not connect to proxy node2-0.example.local:node3-0.example.local - connection attempt failed with error node4-0.example.local
[07.27 05:05:50] chrome.exe *64 - node0-0.example.local:node1-0.example.local error : Could not connect to proxy node2-0.example.local:node3-0.example.local - connection attempt failed with error node4-0.example.local
[07.27 05:05:50] chrome.exe *64 - node0-0.example.local:node1-0.example.local error : Could not connect to proxy node2-0.example.local:node3-0.example.local - connection attempt failed with error node4-0.example.local
[07.27 05:05:50] chrome.exe *64 - node0-0.example.local:node1-0.example.local error : Could not connect to proxy node2-0.example.local:node3-0.example.local - connection attempt failed with error node4-0.example.local
[07.27 05:05:50] chrome.exe *64 - node0-0.example.local:node1-0.example.local error : Could not connect to proxy node2-0.example.local:node3-0.example.local - connection attempt failed with error node4-0.example.local
[07.27 05:05:50] chrome.exe *64 - node0-0.example.local:node1-0.example.local error : Could not connect to proxy node2-0.example.local:node3-0.example.local - connection attempt failed with error node4-0.example.local
[07.27 05:05:50] chrome.exe *64 - node0-0.example.local:node1-0.example.local error : Could not connect to proxy node2-0.example.local:node3-0.example.local - connection attempt failed with error node4-0.example.local
[07.27 05:05:50] chrome.exe *64 - node0-0.example.local:node1-0.example.local error : Could not connect to proxy node2-0.example.local:node3-0.example.local - connection attempt failed with error node4-0.example.local
[07.27 05:05:50] chrome.exe *64 - node0-0.example.local:node1-0.example.local error : Could not connect to proxy node2-0.example.local:node3-0.example.local - connection attempt failed with error node4-0.example.local
[07.27 05:05:50] chrome.exe *64 - node0-0.example.local:node1-0.example.local error : Could not connect to proxy node2-0.example.local:node3-0.example.local - connection attempt failed with error node4-0.example.local
[07.27 05:05:50] chrome.exe *64 - node0-0.example.local:node1-0.example.local error : Could not connect to proxy node2-0.example.local:node3-0.example.local - connection attempt failed with error node4-0.example.local
[07.27 05:05:50] chrome.exe *64 - node0-0.example.local:node1-0.example.local error : Could not connect to proxy node2-0.example.local:node3-0.example.local - connection attempt failed with error node4-0.example.local
[07.27 05:05:50] chrome.exe *64 - node0-0.example.local:node1-0.example.local error : Could not connect to proxy node2-0.example.local:node3-0.example.local - connection attempt failed with error node4-0.example.local
[07.27 05:05:50] chrome.exe *64 - node0-1.example.local:node1-1.example.local error : Could not connect to proxy node2-1.example.local:node3-1.example.local - connection attempt failed with error node4-1.example.local
[07.27 05:05:50] chrome.exe *64 - node0-1.example.local:node1-1.example.local error : Could not connect to proxy node2-1.example.local:node3-1.example.local - connection attempt failed with error node4-1.example.local
[07.27 05:05:50] chrome.exe *64 - node0-1.example.local:node1-1.example.local error : Could not connect to proxy node2-1.example.local:node3-1.example.local - connection attempt failed with error node4-1.example.local
[07.27 05:05:50] chrome.exe *64 - node0-1.example.local:node1-1.example.local error : Could not connect to proxy node2-1.example.local:node3-1.example.local - connection attempt failed with error node4-1.example.local
[07.27 05:05:50] chrome.exe *64 - node0-1.example.local:node1-1.example.local error : Could not connect to proxy node2-1.example.local:node3-1.example.local - connection attempt failed with error node4-1.example.local
[07.27 05:05:50] chrome.exe *64 - node0-2.example.local:node1-2.example.local error : Could not connect to proxy node2-2.example.local:node3-2.example.local - connection attempt failed with error node4-2.example.local
[07.27 05:05:50] chrome.exe *64 - node0-2.example.local:node1-2.example.local error : Could not connect to proxy node2-2.example.local:node3-2.example.local - connection attempt failed with error node4-2.example.local
[07.27 05:05:50] chrome.exe *64 - node0-2.example.local:node1-2.example.local error : Could not connect to proxy node2-2.example.local:node3-2.example.local - connection attempt failed with error node4-2.example.local
[07.27 05:05:50] chrome.exe *64 - node0-2.example.local:node1-2.example.local error : Could not connect to proxy node2-2.example.local:node3-2.example.local - connection attempt failed with error node4-2.example.local
[07.27 05:05:50] chrome.exe *64 - node0-2.example.local:node1-2.example.local error : Could not connect to proxy node2-2.example.local:node3-2.example.local - connection attempt failed with error node4-2.example.local
[07.27 05:05:50] chrome.exe *64 - node0-3.example.local:node1-3.example.local error : Could not connect to proxy node2-3.example.local:node3-3.example.local - connection attempt failed with error node4-3.example.local
[07.27 05:05:50] chrome.exe *64 - node0-3.example.local:node1-3.example.local error : Could not connect to proxy node2-3.example.local:node3-3.example.local - connection attempt failed with error node4-3.example.local
[07.27 05:05:50] chrome.exe *64 - node0-3.example.local:node1-3.example.local error : Could not connect to proxy node2-3.example.local:node3-3.example.local - connection attempt failed with error node4-3.example.local
[07.27 05:05:50] chrome.exe *64 - node0-3.example.local:node1-3.example.local error : Could not connect to proxy node2-3.example.local:node3-3.example.local - connection attempt failed with error node4-3.example.local
[07.27 05:05:50] chrome.exe *64 - node0-3.example.local:node1-3.example.local error : Could not connect to proxy node2-3.example.local:node3-3.example.local - connection attempt failed with error node4-3.example.local
[07.27 05:05:50] chrome.exe *64 - node0-4.example.local:node1-4.example.local error : Could not connect to proxy node2-4.example.local:node3-4.example.local - connection attempt failed with error node4-4.example.local
[07.27 05:05:50] chrome.exe *64 - node0-4.example.local:node1-4.example.local error : Could not connect to proxy node2-4.example.local:node3-4.example.local - connection attempt failed with error node4-4.example.local
[07.27 05:05:50] chrome.exe *64 - node0-4.example.local:node1-4.example.local error : Could not connect to proxy node2-4.example.local:node3-4.example.local - connection attempt failed with error node4-4.example.local
[07.27 05:05:50] chrome.exe *64 - node0-4.example.local:node1-4.example.local error : Could not connect to proxy node2-4.example.local:node3-4.example.local - connection attempt failed with error node4-4.example.local
[07.27 05:05:50] chrome.exe *64 - node0-4.example.local:node1-4.example.local error : Could not connect to proxy node2-4.example.local:node3-4.example.local - connection attempt failed with error node4-4.example.local
[07.27 05:05:50] chrome.exe *64 - node0-5.example.local:node1-5.example.local error : Could not connect to proxy node2-5.example.local:node3-5.example.local - connection attempt failed with error node4-5.example.local
[07.27 05:05:50] chrome.exe *64 - node0-5.example.local:node1-5.example.local error : Could not connect to proxy node2-5.example.local:node3-5.example.local - connection attempt failed with error node4-5.example.local
[07.27 05:05:50] chrome.exe *64 - node0-5.example.local:node1-5.example.local error : Could not connect to proxy node2-5.example.local:node3-5.example.local - connection attempt failed with error node4-5.example.local
[07.27 05:05:50] chrome.exe *64 - node0-5.example.local:node1-5.example.local error : Could not connect to proxy node2-5.example.local:node3-5.example.local - connection attempt failed with error node4-5.example.local
[07.27 05:05:50] chrome.exe *64 - node0-6.example.local:node1-6.example.local error : Could not connect to proxy node2-6.example.local:node3-6.example.local - connection attempt failed with error node4-6.example.local
[07.27 05:05:50] chrome.exe *64 - node0-6.example.local:node1-6.example.local error : Could not connect to proxy node2-6.example.local:node3-6.example.local - connection attempt failed with error node4-6.example.local
[07.27 05:05:50] chrome.exe *64 - node0-6.example.local:node1-6.example.local error : Could not connect to proxy node2-6.example.local:node3-6.example.local - connection attempt failed with error node4-6.example.local
[07.27 05:05:50] chrome.exe *64 - node0-6.example.local:node1-6.example.local error : Could not connect to proxy node2-6.example.local:node3-6.example.local - connection attempt failed with error node4-6.example.local
[07.27 05:05:50] chrome.exe *64 - node0-7.example.local:node1-7.example.local error : Could not connect to proxy node2-7.example.local:node3-7.example.local - connection attempt failed with error node4-7.example.local
[07.27 05:05:50] chrome.exe *64 - node0-7.example.local:node1-7.example.local error : Could not connect to proxy node2-7.example.local:node3-7.example.local - connection attempt failed with error node4-7.example.local
[07.27 05:05:50] chrome.exe *64 - node0-7.example.local:node1-7.example.local error : Could not connect to proxy node2-7.example.local:node3-7.example.local - connection attempt failed with error node4-7.example.local
[07.27 05:05:50] chrome.exe *64 - node0-7.example.local:node1-7.example.local error : Could not connect to proxy node2-7.example.local:node3-7.example.local - connection attempt failed with error node4-7.example.local
[10.30 16:49:06] chrome.exe - node0-0.example.local:node1-0.example.local open through proxy node2-0.example.local:node3-0.example.local HTTPS
[10.30 16:49:06] chrome.exe - node0-0.example.local:node1-0.example.local open through proxy node2-0.example.local:node3-0.example.local HTTPS
[10.30 16:49:06] chrome.exe - node0-0.example.local:node1-0.example.local open through proxy node2-0.example.local:node3-0.example.local HTTPS
[10.30 16:49:06] chrome.exe - node0-0.example.local:node1-0.example.local open through proxy node2-0.example.local:node3-0.example.local HTTPS
[10.30 16:49:06] chrome.exe - node0-0.example.local:node1-0.example.local open through proxy node2-0.example.local:node3-0.example.local HTTPS
[10.30 16:49:06] chrome.exe - node0-0.example.local:node1-0.example.local open through proxy node2-0.example.local:node3-0.example.local HTTPS
[10.30 16:49:06] chrome.exe - node0-0.example.local:node1-0.example.local open through proxy node2-0.example.local:node3-0.example.local HTTPS
[10.30 16:49:06] chrome.exe - node0-0.example.local:node1-0.example.local open through proxy node2-0.example.local:node3-0.example.local HTTPS
[10.30 16:49:06] chrome.exe - node0-0.example.local:node1-0.example.local open through proxy node2-0.example.local:node3-0.example.local HTTPS
[10.30 16:49:06] chrome.exe - node0-0.example.local:node1-0.example.local open through proxy node2-0.example.local:node3-0.example.local HTTPS
[10.30 16:49:06] chrome.exe - node0-0.example.local:node1-0.example.local open through proxy node2-0.example.local:node3-0.example.local HTTPS
[10.30 16:49:06] chrome.exe - node0-0.example.local:node1-0.example.local open through proxy node2-0.example.local:node3-0.example.local HTTPS
[10.30 16:49:06] chrome.exe - node0-0.example.local:node1-0.example.local open through proxy node2-0.example.local:node3-0.example.local HTTPS
[10.30 16:49:06] chrome.exe - node0-0.example.local:node1-0.example.local open through proxy node2-0.example.local:node3-0.example.local HTTPS
[10.30 16:49:06] chrome.exe - node0-0.example.local:node1-0.example.local open through proxy node2-0.example.local:node3-0.example.local HTTPS
[10.30 16:49:06] chrome.exe - node0-0.example.local:node1-0.example.local open through proxy node2-0.example.local:node3-0.example.local HTTPS
[10.30 16:49:06] chrome.exe - node0-0.example.local:node1-0.example.local open through proxy node2-0.example.local:node3-0.example.local HTTPS
[10.30 16:49:06] chrome.exe - node0-0.example.local:node1-0.example.local open through proxy node2-0.example.local:node3-0.example.local HTTPS
[10.30 16:49:06] chrome.exe - node0-0.example.local:node1-0.example.local open through proxy node2-0.example.local:node3-0.example.local HTTPS
[10.30 16:49:06] chrome.exe - node0-0.example.local:node1-0.example.local open through proxy node2-0.example.local:node3-0.example.local HTTPS
[10.30 16:49:06] chrome.exe - node0-0.example.local:node1-0.example.local open through proxy node2-0.example.local:node3-0.example.local HTTPS
[10.30 16:49:06] chrome.exe - node0-0.example.local:node1-0.example.local open through proxy node2-0.example.local:node3-0.example.local HTTPS
[10.30 16:49:06] chrome.exe - node0-0.example.local:node1-0.example.local open through proxy node2-0.example.local:node3-0.example.local HTTPS
[10.30 16:49:06] chrome.exe - node0-0.example.local:node1-0.example.local open through proxy node2-0.example.local:node3-0.example.local HTTPS
[10.30 16:49:06] chrome.exe - node0-0.example.local:node1-0.example.local open through proxy node2-0.example.local:node3-0.example.local HTTPS
[10.30 16:49:06] chrome.exe - node0-0.example.local:node1-0.example.local open through proxy node2-0.example.local:node3-0.example.local HTTPS
[10.30 16:49:06] chrome.exe - node0-0.example.local:node1-0.example.local open through proxy node2-0.example.local:node3-0.example.local HTTPS
[10.30 16:49:06] chrome.exe - node0-0.example.local:node1-0.example.local open through proxy node2-0.example.local:node3-0.example.local HTTPS
[10.30 16:49:06] chrome.exe - node0-0.example.local:node1-0.example.local open through proxy node2-0.example.local:node3-0.example.local HTTPS
[10.30 16:49:06] chrome.exe - node0-0.example.local:node1-0.example.local open through proxy node2-0.example.local:node3-0.example.local HTTPS
[10.30 16:49:06] chrome.exe - node0-0.example.local:node1-0.example.local open through proxy node2-0.example.local:node3-0.example.local HTTPS
[10.30 16:49:06] chrome.exe - node0-0.example.local:node1-0.example.local open through proxy node2-0.example.local:node3-0.example.local HTTPS
[10.30 16:49:06] chrome.exe - node0-1.example.local:node1-1.example.local open through proxy node2-1.example.local:node3-1.example.local HTTPS
[10.30 16:49:06] chrome.exe - node0-1.example.local:node1-1.example.local open through proxy node2-1.example.local:node3-1.example.local HTTPS
[10.30 16:49:06] chrome.exe - node0-1.example.local:node1-1.example.local open through proxy node2-1.example.local:node3-1.example.local HTTPS
[10.30 16:49:06] chrome.exe - node0-1.example.local:node1-1.example.local open through proxy node2-1.example.local:node3-1.example.local HTTPS
[10.30 16:49:06] chrome.exe - node0-1.example.local:node1-1.example.local open through proxy node2-1.example.local:node3-1.example.local HTTPS
[10.30 16:49:06] chrome.exe - node0-2.example.local:node1-2.example.local open through proxy node2-2.example.local:node3-2.example.local HTTPS
[10.30 16:49:06] chrome.exe - node0-2.example.local:node1-2.example.local open through proxy node2-2.example.local:node3-2.example.local HTTPS
[10.30 16:49:06] chrome.exe - node0-2.example.local:node1-2.example.local open through proxy node2-2.example.local:node3-2.example.local HTTPS
[10.30 16:49:06] chrome.exe - node0-2.example.local:node1-2.example.local open through proxy node2-2.example.local:node3-2.example.local HTTPS
[10.30 16:49:06] chrome.exe - node0-2.example.local:node1-2.example.local open through proxy node2-2.example.local:node3-2.example.local HTTPS
[10.30 16:49:06] chrome.exe - node0-3.example.local:node1-3.example.local open through proxy node2-3.example.local:node3-3.example.local HTTPS
[10.30 16:49:06] chrome.exe - node0-3.example.local:node1-3.example.local open through proxy node2-3.example.local:node3-3.example.local HTTPS
[10.30 16:49:06] chrome.exe - node0-3.example.local:node1-3.example.local open through proxy node2-3.example.local:node3-3.example.local HTTPS
[10.30 16:49:06] chrome.exe - node0-3.example.local:node1-3.example.local open through proxy node2-3.example.local:node3-3.example.local HTTPS
[10.30 16:49:06] chrome.exe - node0-3.example.local:node1-3.example.local open through proxy node2-3.example.local:node3-3.example.local HTTPS
[10.30 16:49:06] chrome.exe - node0-4.example.local:node1-4.example.local open through proxy node2-4.example.local:node3-4.example.local HTTPS
[10.30 16:49:06] chrome.exe - node0-4.example.local:node1-4.example.local open through proxy node2-4.example.local:node3-4.example.local HTTPS
[10.30 16:49:06] chrome.exe - node0-4.example.local:node1-4.example.local open through proxy node2-4.example.local:node3-4.example.local HTTPS
[10.30 16:49:06] chrome.exe - node0-4.example.local:node1-4.example.local open through proxy node2-4.example.local:node3-4.example.local HTTPS
[10.30 16:49:06] chrome.exe - node0-4.example.local:node1-4.example.local open through proxy node2-4.example.local:node3-4.example.local HTTPS
[10.30 16:49:06] chrome.exe - node0-5.example.local:node1-5.example.local open through proxy node2-5.example.local:node3-5.example.local HTTPS
[10.30 16:49:06] chrome.exe - node0-5.example.local:node1-5.example.local open through proxy node2-5.example.local:node3-5.example.local HTTPS
[10.30 16:49:06] chrome.exe - node0-5.example.local:node1-5.example.local open through proxy node2-5.example.local:node3-5.example.local HTTPS
[10.30 16:49:06] chrome.exe - node0-5.example.local:node1-5.example.local open through proxy node2-5.example.local:node3-5.example.local HTTPS
[10.30 16:49:06] chrome.exe - node0-6.example.local:node1-6.example.local open through proxy node2-6.example.local:node3-6.example.local HTTPS
[10.30 16:49:06] chrome.exe - node0-6.example.local:node1-6.example.local open through proxy node2-6.example.local:node3-6.example.local HTTPS
[10.30 16:49:06] chrome.exe - node0-6.example.local:node1-6.example.local open through proxy node2-6.example.local:node3-6.example.local HTTPS
[10.30 16:49:06] chrome.exe - node0-6.example.local:node1-6.example.local open through proxy node2-6.example.local:node3-6.example.local HTTPS
[10.30 16:49:06] chrome.exe - node0-7.example.local:node1-7.example.local open through proxy node2-7.example.local:node3-7.example.local HTTPS
[10.30 16:49:06] chrome.exe - node0-7.example.local:node1-7.example.local open through proxy node2-7.example.local:node3-7.example.local HTTPS
[10.30 16:49:06] chrome.exe - node0-7.example.local:node1-7.example.local open through proxy node2-7.example.local:node3-7.example.local HTTPS
[10.30 16:49:06] chrome.exe - node0-7.example.local:node1-7.example.local open through proxy node2-7.example.local:node3-7.example.local HTTPS
[10.30 16:49:07] chrome.exe - node0-0.example.local close, node1-0.example.local bytes sent, node2-0.example.local bytes received, lifetime node3-0.example.local
[10.30 16:49:07] chrome.exe - node0-0.example.local close, node1-0.example.local bytes sent, node2-0.example.local bytes received, lifetime node3-0.example.local
[10.30 16:49:07] chrome.exe - node0-0.example.local close, node1-0.example.local bytes sent, node2-0.example.local bytes received, lifetime node3-0.example.local
[10.30 16:49:07] chrome.exe - node0-0.example.local close, node1-0.example.local bytes sent, node2-0.example.local bytes received, lifetime node3-0.example.local
[10.30 16:49:07] chrome.exe - node0-0.example.local close, node1-0.example.local bytes sent, node2-0.example.local bytes received, lifetime node3-0.example.local
[10.30 16:49:07] chrome.exe - node0-0.example.local close, node1-0.example.local bytes sent, node2-0.example.local bytes received, lifetime node3-0.example.local
[10.30 16:49:07] chrome.exe - node0-0.example.local close, node1-0.example.local bytes sent, node2-0.example.local bytes received, lifetime node3-0.example.local
[10.30 16:49:07] chrome.exe - node0-0.example.local close, node1-0.example.local bytes sent, node2-0.example.local bytes received, lifetime node3-0.example.local
[10.30 16:49:07] chrome.exe - node0-0.example.local close, node1-0.example.local bytes sent, node2-0.example.local bytes received, lifetime node3-0.example.local
[10.30 16:49:07] chrome.exe - node0-0.example.local close, node1-0.example.local bytes sent, node2-0.example.local bytes received, lifetime node3-0.example.local
[10.30 16:49:07] chrome.exe - node0-0.example.local close, node1-0.example.local bytes sent, node2-0.example.local bytes received, lifetime node3-0.example.local
[10.30 16:49:07] chrome.exe - node0-0.example.local close, node1-0.example.local bytes sent, node2-0.example.local bytes received, lifetime node3-0.example.local
[10.30 16:49:07] chrome.exe - node0-0.example.local close, node1-0.example.local bytes sent, node2-0.example.local bytes received, lifetime node3-0.example.local
[10.30 16:49:07] chrome.exe - node0-0.example.local close, node1-0.example.local bytes sent, node2-0.example.local bytes received, lifetime node3-0.example.local
[10.30 16:49:07] chrome.exe - node0-0.example.local close, node1-0.example.local bytes sent, node2-0.example.local bytes received, lifetime node3-0.example.local
[10.30 16:49:07] chrome.exe - node0-0.example.local close, node1-0.example.local bytes sent, node2-0.example.local bytes received, lifetime node3-0.example.local
[10.30 16:49:07] chrome.exe - node0-0.example.local close, node1-0.example.local bytes sent, node2-0.example.local bytes received, lifetime node3-0.example.local
[10.30 16:49:07] chrome.exe - node0-0.example.local close, node1-0.example.local bytes sent, node2-0.example.local bytes received, lifetime node3-0.example.local
[10.30 16:49:07] chrome.exe - node0-0.example.local close, node1-0.example.local bytes sent, node2-0.example.local bytes received, lifetime node3-0.example.local
[10.30 16:49:07] chrome.exe - node0-0.example.local close, node1-0.example.local bytes sent, node2-0.example.local bytes received, lifetime node3-0.example.local
[10.30 16:49:07] chrome.exe - node0-0.example.local close, node1-0.example.local bytes sent, node2-0.example.local bytes received, lifetime node3-0.example.local
[10.30 16:49:07] chrome.exe - node0-0.example.local close, node1-0.example.local bytes sent, node2-0.example.local bytes received, lifetime node3-0.example.local
[10.30 16:49:07] chrome.exe - node0-0.example.local close, node1-0.example.local bytes sent, node2-0.example.local bytes received, lifetime node3-0.example.local
[10.30 16:49:07] chrome.exe - node0-0.example.local close, node1-0.example.local bytes sent, node2-0.example.local bytes received, lifetime node3-0.example.local
[10.30 16:49:07] chrome.exe - node0-0.example.local close, node1-0.example.local bytes sent, node2-0.example.local bytes received, lifetime node3-0.example.local
[10.30 16:49:07] chrome.exe - node0-0.example.local close, node1-0.example.local bytes sent, node2-0.example.local bytes received, lifetime node3-0.example.local
[10.30 16:49:07] chrome.exe - node0-0.example.local close, node1-0.example.local bytes sent, node2-0.example.local bytes received, lifetime node3-0.example.local
[10.30 16:49:07] chrome.exe - node0-0.example.local close, node1-0.example.local bytes sent, node2-0.example.local bytes received, lifetime node3-0.example.local
[10.30 16:49:07] chrome.exe - node0-0.example.local close, node1-0.example.local bytes sent, node2-0.example.local bytes received, lifetime node3-0.example.local
[10.30 16:49:07] chrome.exe - node0-0.example.local close, node1-0.example.local bytes sent, node2-0.example.local bytes received, lifetime node3-0.example.local
[10.30 16:49:07] chrome.exe - node0-0.example.local close, node1-0.example.local bytes sent, node2-0.example.local bytes received, lifetime node3-0.example.local
[10.30 16:49:07] chrome.exe - node0-0.example.local close, node1-0.example.local bytes sent, node2-0.example.local bytes received, lifetime node3-0.example.local
[10.30 16:49:07] chrome.exe - node0-1.example.local close, node1-1.example.local bytes sent, node2-1.example.local bytes received, lifetime node3-1.example.local
[10.30 16:49:07] chrome.exe - node0-1.example.local close, node1-1.example.local bytes sent, node2-1.example.local bytes received, lifetime node3-1.example.local
[10.30 16:49:07] chrome.exe - node0-1.example.local close, node1-1.example.local bytes sent, node2-1.example.local bytes received, lifetime node3-1.example.local
[10.30 16:49:07] chrome.exe - node0-1.example.local close, node1-1.example.local bytes sent, node2-1.example.local bytes received, lifetime node3-1.example.local
[10.30 16:49:07] chrome.exe - node0-1.example.local close, node1-1.example.local bytes sent, node2-1.example.local bytes received, lifetime node3-1.example.local
[10.30 16:49:07] chrome.exe - node0-2.example.local close, node1-2.example.local bytes sent, node2-2.example.local bytes received, lifetime node3-2.example.local
[10.30 16:49:07] chrome.exe - node0-2.example.local close, node1-2.example.local bytes sent, node2-2.example.local bytes received, lifetime node3-2.example.local
[10.30 16:49:07] chrome.exe - node0-2.example.local close, node1-2.example.local bytes sent, node2-2.example.local bytes received, lifetime node3-2.example.local
[10.30 16:49:07] chrome.exe - node0-2.example.local close, node1-2.example.local bytes sent, node2-2.example.local bytes received, lifetime node3-2.example.local
[10.30 16:49:07] chrome.exe - node0-2.example.local close, node1-2.example.local bytes sent, node2-2.example.local bytes received, lifetime node3-2.example.local
[10.30 16:49:07] chrome.exe - node0-3.example.local close, node1-3.example.local bytes sent, node2-3.example.local bytes received, lifetime node3-3.example.local
[10.30 16:49:07] chrome.exe - node0-3.example.local close, node1-3.example.local bytes sent, node2-3.example.local bytes received, lifetime node3-3.example.local
[10.30 16:49:07] chrome.exe - node0-3.example.local close, node1-3.example.local bytes sent, node2-3.example.local bytes received, lifetime node3-3.example.local
[10.30 16:49:07] chrome.exe - node0-3.example.local close, node1-3.example.local bytes sent, node2-3.example.local bytes received, lifetime node3-3.example.local
[10.30 16:49:07] chrome.exe - node0-3.example.local close, node1-3.example.local bytes sent, node2-3.example.local bytes received, lifetime node3-3.example.local
[10.30 16:49:07] chrome.exe - node0-4.example.local close, node1-4.example.local bytes sent, node2-4.example.local bytes received, lifetime node3-4.example.local
[10.30 16:49:07] chrome.exe - node0-4.example.local close, node1-4.example.local bytes sent, node2-4.example.local bytes received, lifetime node3-4.example.local
[10.30 16:49:07] chrome.exe - node0-4.example.local close, node1-4.example.local bytes sent, node2-4.example.local bytes received, lifetime node3-4.example.local
[10.30 16:49:07] chrome.exe - node0-4.example.local close, node1-4.example.local bytes sent, node2-4.example.local bytes received, lifetime node3-4.example.local
[10.30 16:49:07] chrome.exe - node0-4.example.local close, node1-4.example.local bytes sent, node2-4.example.local bytes received, lifetime node3-4.example.local
[10.30 16:49:07] chrome.exe - node0-5.example.local close, node1-5.example.local bytes sent, node2-5.example.local bytes received, lifetime node3-5.example.local
[10.30 16:49:07] chrome.exe - node0-5.example.local close, node1-5.example.local bytes sent, node2-5.example.local bytes received, lifetime node3-5.example.local
[10.30 16:49:07] chrome.exe - node0-5.example.local close, node1-5.example.local bytes sent, node2-5.example.local bytes received, lifetime node3-5.example.local
[10.30 16:49:07] chrome.exe - node0-5.example.local close, node1-5.example.local bytes sent, node2-5.example.local bytes received, lifetime node3-5.example.local
[10.30 16:49:07] chrome.exe - node0-6.example.local close, node1-6.example.local bytes sent, node2-6.example.local bytes received, lifetime node3-6.example.local
[10.30 16:49:07] chrome.exe - node0-6.example.local close, node1-6.example.local bytes sent, node2-6.example.local bytes received, lifetime node3-6.example.local
[10.30 16:49:07] chrome.exe - node0-6.example.local close, node1-6.example.local bytes sent, node2-6.example.local bytes received, lifetime node3-6.example.local
[10.30 16:49:07] chrome.exe - node0-6.example.local close, node1-6.example.local bytes sent, node2-6.example.local bytes received, lifetime node3-6.example.local
[10.30 16:49:07] chrome.exe - node0-7.example.local close, node1-7.example.local bytes sent, node2-7.example.local bytes received, lifetime node3-7.example.local
[10.30 16:49:07] chrome.exe - node0-7.example.local close, node1-7.example.local bytes sent, node2-7.example.local bytes received, lifetime node3-7.example.local
[10.30 16:49:07] chrome.exe - node0-7.example.local close, node1-7.example.local bytes sent, node2-7.example.local bytes received, lifetime node3-7.example.local
[10.30 16:49:07] chrome.exe - node0-7.example.local close, node1-7.example.local bytes sent, node2-7.example.local bytes received, lifetime node3-7.example.local
[10.30 17:02:17] putty.exe - node0-0.example.local:node1-0.example.local open through proxy node2-0.example.local:node3-0.example.local SOCKS5
[10.30 17:02:17] putty.exe - node0-0.example.local:node1-0.example.local open through proxy node2-0.example.local:node3-0.example.local SOCKS5
[10.30 17:02:17] putty.exe - node0-0.example.local:node1-0.example.local open through proxy node2-0.example.local:node3-0.example.local SOCKS5
[10.30 17:02:17] putty.exe - node0-0.example.local:node1-0.example.local open through proxy node2-0.example.local:node3-0.example.local SOCKS5
[10.30 17:02:17] putty.exe - node0-0.example.local:node1-0.example.local open through proxy node2-0.example.local:node3-0.example.local SOCKS5
[10.30 17:02:17] putty.exe - node0-0.example.local:node1-0.example.local open through proxy node2-0.example.local:node3-0.example.local SOCKS5
[10.30 17:02:17] putty.exe - node0-0.example.local:node1-0.example.local open through proxy node2-0.example.local:node3-0.example.local SOCKS5
[10.30 17:02:17] putty.exe - node0-0.example.local:node1-0.example.local open through proxy node2-0.example.local:node3-0.example.local SOCKS5
[10.30 17:02:17] putty.exe - node0-0.example.local:node1-0.example.local open through proxy node2-0.example.local:node3-0.example.local SOCKS5
[10.30 17:02:17] putty.exe - node0-0.example.local:node1-0.example.local open through proxy node2-0.example.local:node3-0.example.local SOCKS5
[10.30 17:02:17] putty.exe - node0-0.example.local:node1-0.example.local open through proxy node2-0.example.local:node3-0.example.local SOCKS5
[10.30 17:02:17] putty.exe - node0-0.example.local:node1-0.example.local open through proxy node2-0.example.local:node3-0.example.local SOCKS5
[10.30 17:02:17] putty.exe - node0-0.example.local:node1-0.example.local open through proxy node2-0.example.local:node3-0.example.local SOCKS5
[10.30 17:02:17] putty.exe - node0-0.example.local:node1-0.example.local open through proxy node2-0.example.local:node3-0.example.local SOCKS5
[10.30 17:02:17] putty.exe - node0-0.example.local:node1-0.example.local open through proxy node2-0.example.local:node3-0.example.local SOCKS5
[10.30 17:02:17] putty.exe - node0-0.example.local:node1-0.example.local open through proxy node2-0.example.local:node3-0.example.local SOCKS5
[10.30 17:02:17] putty.exe - node0-0.example.local:node1-0.example.local open through proxy node2-0.example.local:node3-0.example.local SOCKS5
[10.30 17:02:17] putty.exe - node0-0.example.local:node1-0.example.local open through proxy node2-0.example.local:node3-0.example.local SOCKS5
[10.30 17:02:17] putty.exe - node0-0.example.local:node1-0.example.local open through proxy node2-0.example.local:node3-0.example.local SOCKS5
[10.30 17:02:17] putty.exe - node0-0.example.local:node1-0.example.local open through proxy node2-0.example.local:node3-0.example.local SOCKS5
[10.30 17:02:17] putty.exe - node0-0.example.local:node1-0.example.local open through proxy node2-0.example.local:node3-0.example.local SOCKS5
[10.30 17:02:17] putty.exe - node0-0.example.local:node1-0.example.local open through proxy node2-0.example.local:node3-0.example.local SOCKS5
[10.30 17:02:17] putty.exe - node0-0.example.local:node1-0.example.local open through proxy node2-0.example.local:node3-0.example.local SOCKS5
[10.30 17:02:17] putty.exe - node0-0.example.local:node1-0.example.local open through proxy node2-0.example.local:node3-0.example.local SOCKS5
[10.30 17:02:17] putty.exe - node0-0.example.local:node1-0.example.local open through proxy node2-0.example.local:node3-0.example.local SOCKS5
[10.30 17:02:17] putty.exe - node0-0.example.local:node1-0.example.local open through proxy node2-0.example.local:node3-0.example.local SOCKS5
[10.30 17:02:17] putty.exe - node0-0.example.local:node1-0.example.local open through proxy node2-0.example.local:node3-0.example.local SOCKS5
[10.30 17:02:17] putty.exe - node0-0.example.local:node1-0.example.local open through proxy node2-0.example.local:node3-0.example.local SOCKS5
[10.30 17:02:17] putty.exe - node0-0.example.local:node1-0.example.local open through proxy node2-0.example.local:node3-0.example.local SOCKS5
[10.30 17:02:17] putty.exe - node0-0.example.local:node1-0.example.local open through proxy node2-0.example.local:node3-0.example.local SOCKS5
[10.30 17:02:17] putty.exe - node0-0.example.local:node1-0.example.local open through proxy node2-0.example.local:node3-0.example.local SOCKS5
[10.30 17:02:17] putty.exe - node0-0.example.local:node1-0.example.local open through proxy node2-0.example.local:node3-0.example.local SOCKS5
[10.30 17:02:17] putty.exe - node0-1.example.local:node1-1.example.local open through proxy node2-1.example.local:node3-1.example.local SOCKS5
[10.30 17:02:17] putty.exe - node0-1.example.local:node1-1.example.local open through proxy node2-1.example.local:node3-1.example.local SOCKS5
[10.30 17:02:17] putty.exe - node0-1.example.local:node1-1.example.local open through proxy node2-1.example.local:node3-1.example.local SOCKS5
[10.30 17:02:17] putty.exe - node0-1.example.local:node1-1.example.local open through proxy node2-1.example.local:node3-1.example.local SOCKS5
[10.30 17:02:17] putty.exe - node0-1.example.local:node1-1.example.local open through proxy node2-1.example.local:node3-1.example.local SOCKS5
[10.30 17:02:17] putty.exe - node0-2.example.local:node1-2.example.local open through proxy node2-2.example.local:node3-2.example.local SOCKS5
[10.30 17:02:17] putty.exe - node0-2.example.local:node1-2.example.local open through proxy node2-2.example.local:node3-2.example.local SOCKS5
[10.30 17:02:17] putty.exe - node0-2.example.local:node1-2.example.local open through proxy node2-2.example.local:node3-2.example.local SOCKS5
[10.30 17:02:17] putty.exe - node0-2.example.local:node1-2.example.local open through proxy node2-2.example.local:node3-2.example.local SOCKS5
[10.30 17:02:17] putty.exe - node0-2.example.local:node1-2.example.local open through proxy node2-2.example.local:node3-2.example.local SOCKS5
[10.30 17:02:17] putty.exe - node0-3.example.local:node1-3.example.local open through proxy node2-3.example.local:node3-3.example.local SOCKS5
[10.30 17:02:17] putty.exe - node0-3.example.local:node1-3.example.local open through proxy node2-3.example.local:node3-3.example.local SOCKS5
[10.30 17:02:17] putty.exe - node0-3.example.local:node1-3.example.local open through proxy node2-3.example.local:node3-3.example.local SOCKS5
[10.30 17:02:17] putty.exe - node0-3.example.local:node1-3.example.local open through proxy node2-3.example.local:node3-3.example.local SOCKS5
[10.30 17:02:17] putty.exe - node0-3.example.local:node1-3.example.local open through proxy node2-3.example.local:node3-3.example.local SOCKS5
[10.30 17:02:17] putty.exe - node0-4.example.local:node1-4.example.local open through proxy node2-4.example.local:node3-4.example.local SOCKS5
[10.30 17:02:17] putty.exe - node0-4.example.local:node1-4.example.local open through proxy node2-4.example.local:node3-4.example.local SOCKS5
[10.30 17:02:17] putty.exe - node0-4.example.local:node1-4.example.local open through proxy node2-4.example.local:node3-4.example.local SOCKS5
[10.30 17:02:17] putty.exe - node0-4.example.local:node1-4.example.local open through proxy node2-4.example.local:node3-4.example.local SOCKS5
[10.30 17:02:17] putty.exe - node0-4.example.local:node1-4.example.local open through proxy node2-4.example.local:node3-4.example.local SOCKS5
[10.30 17:02:17] putty.exe - node0-5.example.local:node1-5.example.local open through proxy node2-5.example.local:node3-5.example.local SOCKS5
[10.30 17:02:17] putty.exe - node0-5.example.local:node1-5.example.local open through proxy node2-5.example.local:node3-5.example.local SOCKS5
[10.30 17:02:17] putty.exe - node0-5.example.local:node1-5.example.local open through proxy node2-5.example.local:node3-5.example.local SOCKS5
[10.30 17:02:17] putty.exe - node0-5.example.local:node1-5.example.local open through proxy node2-5.example.local:node3-5.example.local SOCKS5
[10.30 17:02:17] putty.exe - node0-6.example.local:node1-6.example.local open through proxy node2-6.example.local:node3-6.example.local SOCKS5
[10.30 17:02:17] putty.exe - node0-6.example.local:node1-6.example.local open through proxy node2-6.example.local:node3-6.example.local SOCKS5
[10.30 17:02:17] putty.exe - node0-6.example.local:node1-6.example.local open through proxy node2-6.example.local:node3-6.example.local SOCKS5
[10.30 17:02:17] putty.exe - node0-6.example.local:node1-6.example.local open through proxy node2-6.example.local:node3-6.example.local SOCKS5
[10.30 17:02:17] putty.exe - node0-7.example.local:node1-7.example.local open through proxy node2-7.example.local:node3-7.example.local SOCKS5
[10.30 17:02:17] putty.exe - node0-7.example.local:node1-7.example.local open through proxy node2-7.example.local:node3-7.example.local SOCKS5
[10.30 17:02:17] putty.exe - node0-7.example.local:node1-7.example.local open through proxy node2-7.example.local:node3-7.example.local SOCKS5
[10.30 17:02:17] putty.exe - node0-7.example.local:node1-7.example.local open through proxy node2-7.example.local:node3-7.example.local SOCKS5
[10.30 17:16:10] QQ.exe - aaalpha:bbalpha error : Could not connect through proxy ccalpha:ddalpha - Proxy closed the connection unexpectedly. 
[10.30 17:16:10] QQ.exe - aaalpha:bbalpha error : Could not connect through proxy ccalpha:ddalpha - Proxy closed the connection unexpectedly. 
[10.30 17:16:10] QQ.exe - aaalpha:bbalpha error : Could not connect through proxy ccalpha:ddalpha - Proxy closed the connection unexpectedly. 
[10.30 17:16:10] QQ.exe - aaalpha:bbalpha error : Could not connect through proxy ccalpha:ddalpha - Proxy closed the connection unexpectedly. 
[10.30 17:16:10] QQ.exe - aaalpha:bbalpha error : Could not connect through proxy ccalpha:ddalpha - Proxy closed the connection unexpectedly. 
[10.30 17:16:10] QQ.exe - aaalpha:bbalpha error : Could not connect through proxy ccalpha:ddalpha - Proxy closed the connection unexpectedly. 
[10.30 17:16:10] QQ.exe - aaalpha:bbalpha error : Could not connect through proxy ccalpha:ddalpha - Proxy closed the connection unexpectedly. 
[10.30 17:16:10] QQ.exe - aaalpha:bbalpha error : Could not connect through proxy ccalpha:ddalpha - Proxy closed the connection unexpectedly. 
[10.30 17:16:10] QQ.exe - aaalpha:bbalpha error : Could not connect through proxy ccalpha:ddalpha - Proxy closed the connection unexpectedly. 
[10.30 17:16:10] QQ.exe - aaalpha:bbalpha error : Could not connect through proxy ccalpha:ddalpha - Proxy closed the connection unexpectedly. 
[10.30 17:16:10] QQ.exe - aaalpha:bbalpha error : Could not connect through proxy ccalpha:ddalpha - Proxy closed the connection unexpectedly. 
[10.30 17:16:10] QQ.exe - aaalpha:bbalpha error : Could not connect through proxy ccalpha:ddalpha - Proxy closed the connection unexpectedly. 
[10.30 17:16:10] QQ.exe - aaalpha:bbalpha error : Could not connect through proxy ccalpha:ddalpha - Proxy closed the connection unexpectedly. 
[10.30 17:16:10] QQ.exe - aaalpha:bbalpha error : Could not connect through proxy ccalpha:ddalpha - Proxy closed the connection unexpectedly. 
[10.30 17:16:10] QQ.exe - aaalpha:bbalpha error : Could not connect through proxy ccalpha:ddalpha - Proxy closed the connection unexpectedly. 
[10.30 17:16:10] QQ.exe - aaalpha:bbalpha error : Could not connect through proxy ccalpha:ddalpha - Proxy closed the connection unexpectedly. 
[10.30 17:16:10] QQ.exe - aaalpha:bbalpha error : Could not connect through proxy ccalpha:ddalpha - Proxy closed the connection unexpectedly. 
[10.30 17:16:10] QQ.exe - aaalpha:bbalpha error : Could not connect through proxy ccalpha:ddalpha - Proxy closed the connection unexpectedly. 
[10.30 17:16:10] QQ.exe - aaalpha:bbalpha error : Could not connect through proxy ccalpha:ddalpha - Proxy closed the connection unexpectedly. 
[10.30 17:16:10] QQ.exe - aaalpha:bbalpha error : Could not connect through proxy ccalpha:ddalpha - Proxy closed the connection unexpectedly. 
[10.30 17:16:10] QQ.exe - aaalpha:bbalpha error : Could not connect through proxy ccalpha:ddalpha - Proxy closed the connection unexpectedly. 
[10.30 17:16:10] QQ.exe - aaalpha:bbalpha error : Could not connect through proxy ccalpha:ddalpha - Proxy closed the connection unexpectedly. 
[10.30 17:16:10] QQ.exe - aaalpha:bbalpha error : Could not connect through proxy ccalpha:ddalpha - Proxy closed the connection unexpectedly. 
[10.30 17:16:10] QQ.exe - aaalpha:bbalpha error : Could not connect through proxy ccalpha:ddalpha - Proxy closed the connection unexpectedly. 
[10.30 17:16:10] QQ.exe - aaalpha:bbalpha error : Could not connect through proxy ccalpha:ddalpha - Proxy closed the connection unexpectedly. 
[10.30 17:16:10] QQ.exe - aaalpha:bbalpha error : Could not connect through proxy ccalpha:ddalpha - Proxy closed the connection unexpectedly. 
[10.30 17:16:10] QQ.exe - aaalpha:bbalpha error : Could not connect through proxy ccalpha:ddalpha - Proxy closed the connection unexpectedly. 
[10.30 17:16:10] QQ.exe - aaalpha:bbalpha error : Could not connect through proxy ccalpha:ddalpha - Proxy closed the connection unexpectedly. 
[10.30 17:16:10] QQ.exe - aaalpha:bbalpha error : Could not connect through proxy ccalpha:ddalpha - Proxy closed the connection unexpectedly. 
[10.30 17:16:10] QQ.exe - aaalpha:bbalpha error : Could not connect through proxy ccalpha:ddalpha - Proxy closed the connection unexpectedly. 
[10.30 17:16:10] QQ.exe - aaalpha:bbalpha error : Could not connect through proxy ccalpha:ddalpha - Proxy closed the connection unexpectedly. 
[10.30 17:16:10] QQ.exe - aaalpha:bbalpha error : Could not connect through proxy ccalpha:ddalpha - Proxy closed the connection unexpectedly. 
[10.30 17:16:10] QQ.exe - aaalpha:bbalpha error : Could not connect through proxy ccalpha:ddalpha - Proxy closed the connection unexpectedly. 
[10.30 17:16:10] QQ.exe - aaalpha:bbalpha error : Could not connect through proxy ccalpha:ddalpha - Proxy closed the connection unexpectedly. 
[10.30 17:16:10] QQ.exe - aaalpha:bbalpha error : Could not connect through proxy ccalpha:ddalpha - Proxy closed the connection unexpectedly. 
[10.30 17:16:10] QQ.exe - aaalpha:bbalpha error : Could not connect through proxy ccalpha:ddalpha - Proxy closed the connection unexpectedly. 
[10.30 17:16:10] QQ.exe - aaalpha:bbalpha error : Could not connect through proxy ccalpha:ddalpha - Proxy closed the connection unexpectedly. 
[10.30 17:16:10] QQ.exe - aaalpha:bbalpha error : Could not connect through proxy ccalpha:ddalpha - Proxy closed the connection unexpectedly. 
[10.30 17:16:10] QQ.exe - aaalpha:bbalpha error : Could not connect through proxy ccalpha:ddalpha - Proxy closed the connection unexpectedly. 
[10.30 17:16:10] QQ.exe - aaalpha:bbalpha error : Could not connect through proxy ccalpha:ddalpha - Proxy closed the connection unexpectedly. 
[10.30 17:16:10] QQ.exe - aaalpha:bbalpha error : Could not connect through proxy ccalpha:ddalpha - Proxy closed the connection unexpectedly. 
[10.30 17:16:10] QQ.exe - aaalpha:bbalpha error : Could not connect through proxy ccalpha:ddalpha - Proxy closed the connection unexpectedly. 
[10.30 17:16:10] QQ.exe - aaalpha:bbalpha error : Could not connect through proxy ccalpha:ddalpha - Proxy closed the connection unexpectedly. 
[10.30 17:16:10] QQ.exe - aaalpha:bbalpha error : Could not connect through proxy ccalpha:ddalpha - Proxy closed the connection unexpectedly. 
[10.30 17:16:10] QQ.exe - aaalpha:bbalpha error : Could not connect through proxy ccalpha:ddalpha - Proxy closed the connection unexpectedly. 
[10.30 17:16:10] QQ.exe - aaalpha:bbalpha error : Could not connect through proxy ccalpha:ddalpha - Proxy closed the connection unexpectedly. 
[10.30 17:16:10] QQ.exe - aaalpha:bbalpha error : Could not connect through proxy ccalpha:ddalpha - Proxy closed the connection unexpectedly. 
[10.30 17:16:10] QQ.exe - aaalpha:bbalpha error : Could not connect through proxy ccalpha:ddalpha - Proxy closed the connection unexpectedly. 
[10.30 17:16:10] QQ.exe - aaalpha:bbalpha error : Could not connect through proxy ccalpha:ddalpha - Proxy closed the connection unexpectedly. 
[10.30 17:16:10] QQ.exe - aaalpha:bbalpha error : Could not connect through proxy ccalpha:ddalpha - Proxy closed the connection unexpectedly. 
[10.30 17:16:10] QQ.exe - aaalpha:bbalpha error : Could not connect through proxy ccalpha:ddalpha - Proxy closed the connection unexpectedly. 
[10.30 17:16:10] QQ.exe - aaalpha:bbalpha error : Could not connect through proxy ccalpha:ddalpha - Proxy closed the connection unexpectedly. 
[10.30 17:16:10] QQ.exe - aaalpha:bbalpha error : Could not connect through proxy ccalpha:ddalpha - Proxy closed the connection unexpectedly. 
[10.30 17:16:10] QQ.exe - aaalpha:bbalpha error : Could not connect through proxy ccalpha:ddalpha - Proxy closed the connection unexpectedly. 
[10.30 17:16:10] QQ.exe - aaalpha:bbalpha error : Could not connect through proxy ccalpha:ddalpha - Proxy closed the connection unexpectedly. 
[10.30 17:16:10] QQ.exe - aaalpha:bbalpha error : Could not connect through proxy ccalpha:ddalpha - Proxy closed the connection unexpectedly. 
[10.30 17:16:10] QQ.exe - aaalpha:bbalpha error : Could not connect through proxy ccalpha:ddalpha - Proxy closed the connection unexpectedly. 
[10.30 17:16:10] QQ.exe - aaalpha:bbalpha error : Could not connect through proxy ccalpha:ddalpha - Proxy closed the connection unexpectedly. 
[10.30 17:16:10] QQ.exe - aaalpha:bbalpha error : Could not connect through proxy ccalpha:ddalpha - Proxy closed the connection unexpectedly. 
[10.30 17:16:10] QQ.exe - aaalpha:bbalpha error : Could not connect through proxy ccalpha:ddalpha - Proxy closed the connection unexpectedly. 
[10.30 17:16:10] QQ.exe - aaalpha:bbalpha error : Could not connect through proxy ccalpha:ddalpha - Proxy closed the connection unexpectedly. 
[10.30 17:16:10] QQ.exe - aaalpha:bbalpha error : Could not connect through proxy ccalpha:ddalpha - Proxy closed the connection unexpectedly. 
[10.30 17:16:10] QQ.exe - aaalpha:bbalpha error : Could not connect through proxy ccalpha:ddalpha - Proxy closed the connection unexpectedly. 
[10.30 17:16:10] QQ.exe - aaalpha:bbalpha error : Could not connect through proxy ccalpha:ddalpha - Proxy closed the connection unexpectedly. 
[07.26 17:23:51] WeChat.exe - aaalpha:bbalpha error : Could not connect to proxy ccalpha:ddalpha - Could not resolve eealpha error ffalpha
[07.26 17:23:51] WeChat.exe - aaalpha:bbalpha error : Could not connect to proxy ccalpha:ddalpha - Could not resolve eealpha error ffalpha
[07.26 17:23:51] WeChat.exe - aaalpha:bbalpha error : Could not connect to proxy ccalpha:ddalpha - Could not resolve eealpha error ffalpha
[07.26 17:23:51] WeChat.exe - aaalpha:bbalpha error : Could not connect to proxy ccalpha:ddalpha - Could not resolve eealpha error ffalpha
[07.26 17:23:51] WeChat.exe - aaalpha:bbalpha error : Could not connect to proxy ccalpha:ddalpha - Could not resolve eealpha error ffalpha
[07.26 17:23:51] WeChat.exe - aaalpha:bbalpha error : Could not connect to proxy ccalpha:ddalpha - Could not resolve eealpha error ffalpha
[07.26 17:23:51] WeChat.exe - aaalpha:bbalpha error : Could not connect to proxy ccalpha:ddalpha - Could not resolve eealpha error ffalpha
[07.26 17:23:51] WeChat.exe - aaalpha:bbalpha error : Could not connect to proxy ccalpha:ddalpha - Could not resolve eealpha error ffalpha
[07.26 17:23:51] WeChat.exe - aaalpha:bbalpha error : Could not connect to proxy ccalpha:ddalpha - Could not resolve eealpha error ffalpha
[07.26 17:23:51] WeChat.exe - aaalpha:bbalpha error : Could not connect to proxy ccalpha:ddalpha - Could not resolve eealpha error ffalpha
[07.26 17:23:51] WeChat.exe - aaalpha:bbalpha error : Could not connect to proxy ccalpha:ddalpha - Could not resolve eealpha error ffalpha
[07.26 17:23:51] WeChat.exe - aaalpha:bbalpha error : Could not connect to proxy ccalpha:ddalpha - Could not resolve eealpha error ffalpha
[07.26 17:23:51] WeChat.exe - aaalpha:bbalpha error : Could not connect to proxy ccalpha:ddalpha - Could not resolve eealpha error ffalpha
[07.26 17:23:51] WeChat.exe - aaalpha:bbalpha error : Could not connect to proxy ccalpha:ddalpha - Could not resolve eealpha error ffalpha
[07.26 17:23:51] WeChat.exe - aaalpha:bbalpha error : Could not connect to proxy ccalpha:ddalpha - Could not resolve eealpha error ffalpha
[07.26 17:23:51] WeChat.exe - aaalpha:bbalpha error : Could not connect to proxy ccalpha:ddalpha - Could not resolve eealpha error ffalpha
[07.26 17:23:51] WeChat.exe - aaalpha:bbalpha error : Could not connect to proxy ccalpha:ddalpha - Could not resolve eealpha error ffalpha
[07.26 17:23:51] WeChat.exe - aaalpha:bbalpha error : Could not connect to proxy ccalpha:ddalpha - Could not resolve eealpha error ffalpha
[07.26 17:23:51] WeChat.exe - aaalpha:bbalpha error : Could not connect to proxy ccalpha:ddalpha - Could not resolve eealpha error ffalpha
[07.26 17:23:51] WeChat.exe - aaalpha:bbalpha error : Could not connect to proxy ccalpha:ddalpha - Could not resolve eealpha error ffalpha
[07.26 17:23:51] WeChat.exe - aaalpha:bbalpha error : Could not connect to proxy ccalpha:ddalpha - Could not resolve eealpha error ffalpha
[07.26 17:23:51] WeChat.exe - aaalpha:bbalpha error : Could not connect to proxy ccalpha:ddalpha - Could not resolve eealpha error ffalpha
[07.26 17:23:51] WeChat.exe - aaalpha:bbalpha error : Could not connect to proxy ccalpha:ddalpha - Could not resolve eealpha error ffalpha
[07.26 17:23:51] WeChat.exe - aaalpha:bbalpha error : Could not connect to proxy ccalpha:ddalpha - Could not resolve eealpha error ffalpha
[07.26 17:23:51] WeChat.exe - aaalpha:bbalpha error : Could not connect to proxy ccalpha:ddalpha - Could not resolve eealpha error ffalpha
[07.26 17:23:51] WeChat.exe - aaalpha:bbalpha error : Could not connect to proxy ccalpha:ddalpha - Could not resolve eealpha error ffalpha
[07.26 17:23:51] WeChat.exe - aaalpha:bbalpha error : Could not connect to proxy ccalpha:ddalpha - Could not resolve eealpha error ffalpha
[07.26 17:23:51] WeChat.exe - aaalpha:bbalpha error : Could not connect to proxy ccalpha:ddalpha - Could not resolve eealpha error ffalpha
[07.26 17:23:51] WeChat.exe - aaalpha:bbalpha error : Could not connect to proxy ccalpha:ddalpha - Could not resolve eealpha error ffalpha
[07.26 17:23:51] WeChat.exe - aaalpha:bbalpha error : Could not connect to proxy ccalpha:ddalpha - Could not resolve eealpha error ffalpha
[07.26 17:23:51] WeChat.exe - aaalpha:bbalpha error : Could not connect to proxy ccalpha:ddalpha - Could not resolve eealpha error ffalpha
[07.26 17:23:51] WeChat.exe - aaalpha:bbalpha error : Could not connect to proxy ccalpha:ddalpha - Could not resolve eealpha error ffalpha
[07.26 17:23:51] WeChat.exe - aaalpha:bbalpha error : Could not connect to proxy ccalpha:ddalpha - Could not resolve eealpha error ffalpha
[07.26 17:23:51] WeChat.exe - aaalpha:bbalpha error : Could not connect to proxy ccalpha:ddalpha - Could not resolve eealpha error ffalpha
[07.26 17:23:51] WeChat.exe - aaalpha:bbalpha error : Could not connect to proxy ccalpha:ddalpha - Could not resolve eealpha error ffalpha
[07.26 17:23:51] WeChat.exe - aaalpha:bbalpha error : Could not connect to proxy ccalpha:ddalpha - Could not resolve eealpha error ffalpha
[07.26 17:23:51] WeChat.exe - aaalpha:bbalpha error : Could not connect to proxy ccalpha:ddalpha - Could not resolve eealpha error ffalpha
[07.26 17:23:51] WeChat.exe - aaalpha:bbalpha error : Could not connect to proxy ccalpha:ddalpha - Could not resolve eealpha error ffalpha
[07.26 17:23:51] WeChat.exe - aaalpha:bbalpha error : Could not connect to proxy ccalpha:ddalpha - Could not resolve eealpha error ffalpha
[07.26 17:23:51] WeChat.exe - aaalpha:bbalpha error : Could not connect to proxy ccalpha:ddalpha - Could not resolve eealpha error ffalpha
[07.26 17:23:51] WeChat.exe - aaalpha:bbalpha error : Could not connect to proxy ccalpha:ddalpha - Could not resolve eealpha error ffalpha
[07.26 17:23:51] WeChat.exe - aaalpha:bbalpha error : Could not connect to proxy ccalpha:ddalpha - Could not resolve eealpha error ffalpha
[07.26 17:23:51] WeChat.exe - aaalpha:bbalpha error : Could not connect to proxy ccalpha:ddalpha - Could not resolve eealpha error ffalpha
[07.26 17:23:51] WeChat.exe - aaalpha:bbalpha error : Could not connect to proxy ccalpha:ddalpha - Could not resolve eealpha error ffalpha
[07.26 17:23:51] WeChat.exe - aaalpha:bbalpha error : Could not connect to proxy ccalpha:ddalpha - Could not resolve eealpha error ffalpha
[07.26 17:23:51] WeChat.exe - aaalpha:bbalpha error : Could not connect to proxy ccalpha:ddalpha - Could not resolve eealpha error ffalpha
[07.26 17:23:51] WeChat.exe - aaalpha:bbalpha error : Could not connect to proxy ccalpha:ddalpha - Could not resolve eealpha error ffalpha
[07.26 17:23:51] WeChat.exe - aaalpha:bbalpha error : Could not connect to proxy ccalpha:ddalpha - Could not resolve eealpha error ffalpha
[07.26 17:23:51] WeChat.exe - aaalpha:bbalpha error : Could not connect to proxy ccalpha:ddalpha - Could not resolve eealpha error ffalpha
[07.26 17:23:51] WeChat.exe - aaalpha:bbalpha error : Could not connect to proxy ccalpha:ddalpha - Could not resolve eealpha error ffalpha
[07.26 17:23:51] WeChat.exe - aaalpha:bbalpha error : Could not connect to proxy ccalpha:ddalpha - Could not resolve eealpha error ffalpha
[07.26 17:23:51] WeChat.exe - aaalpha:bbalpha error : Could not connect to proxy ccalpha:ddalpha - Could not resolve eealpha error ffalpha
[07.26 17:23:51] WeChat.exe - aaalpha:bbalpha error : Could not connect to proxy ccalpha:ddalpha - Could not resolve eealpha error ffalpha
[07.26 17:23:51] WeChat.exe - aaalpha:bbalpha error : Could not connect to proxy ccalpha:ddalpha - Could not resolve eealpha error ffalpha
[07.26 17:23:51] WeChat.exe - aaalpha:bbalpha error : Could not connect to proxy ccalpha:ddalpha - Could not resolve eealpha error ffalpha
[07.26 17:23:51] WeChat.exe - aaalpha:bbalpha error : Could not connect to proxy ccalpha:ddalpha - Could not resolve eealpha error ffalpha
[07.26 17:23:51] WeChat.exe - aaalpha:bbalpha error : Could not connect to proxy ccalpha:ddalpha - Could not resolve eealpha error ffalpha
[07.26 17:23:51] WeChat.exe - aaalpha:bbalpha error : Could not connect to proxy ccalpha:ddalpha - Could not resolve eealpha error ffalpha
[07.26 17:23:51] WeChat.exe - aaalpha:bbalpha error : Could not connect to proxy ccalpha:ddalpha - Could not resolve eealpha error ffalpha
[07.26 17:23:51] WeChat.exe - aaalpha:bbalpha error : Could not connect to proxy ccalpha:ddalpha - Could not resolve eealpha error ffalpha
[07.26 17:23:51] WeChat.exe - aaalpha:bbalpha error : Could not connect to proxy ccalpha:ddalpha - Could not resolve eealpha error ffalpha
[07.26 17:23:51] WeChat.exe - aaalpha:bbalpha error : Could not connect to proxy ccalpha:ddalpha - Could not resolve eealpha error ffalpha
[07.26 17:23:51] WeChat.exe - aaalpha:bbalpha error : Could not connect to proxy ccalpha:ddalpha - Could not resolve eealpha error ffalpha
[07.26 17:23:51] WeChat.exe - aaalpha:bbalpha error : Could not connect to proxy ccalpha:ddalpha - Could not resolve eealpha error ffalpha
[10.30 18:00:12] FlashPlayerPlugin_18_0_0_209.exe - aaalpha:bbalpha error : Could not connect through proxy ccalpha:ddalpha - Proxy server cannot establish a connection with the target, status code eealpha
[10.30 18:00:12] FlashPlayerPlugin_18_0_0_209.exe - aaalpha:bbalpha error : Could not connect through proxy ccalpha:ddalpha - Proxy server cannot establish a connection with the target, status code eealpha
[10.30 18:00:12] FlashPlayerPlugin_18_0_0_209.exe - aaalpha:bbalpha error : Could not connect through proxy ccalpha:ddalpha - Proxy server cannot establish a connection with the target, status code eealpha
[10.30 18:00:12] FlashPlayerPlugin_18_0_0_209.exe - aaalpha:bbalpha error : Could not connect through proxy ccalpha:ddalpha - Proxy server cannot establish a connection with the target, status code eealpha
[10.30 18:00:12] FlashPlayerPlugin_18_0_0_209.exe - aaalpha:bbalpha error : Could not connect through proxy ccalpha:ddalpha - Proxy server cannot establish a connection with the target, status code eealpha
[10.30 18:00:12] FlashPlayerPlugin_18_0_0_209.exe - aaalpha:bbalpha error : Could not connect through proxy ccalpha:ddalpha - Proxy server cannot establish a connection with the target, status code eealpha
[10.30 18:00:12] FlashPlayerPlugin_18_0_0_209.exe - aaalpha:bbalpha error : Could not connect through proxy ccalpha:ddalpha - Proxy server cannot establish a connection with the target, status code eealpha
[10.30 18:00:12] FlashPlayerPlugin_18_0_0_209.exe - aaalpha:bbalpha error : Could not connect through proxy ccalpha:ddalpha - Proxy server cannot establish a connection with the target, status code eealpha
[10.30 18:00:12] FlashPlayerPlugin_18_0_0_209.exe - aaalpha:bbalpha error : Could not connect through proxy ccalpha:ddalpha - Proxy server cannot establish a connection with the target, status code eealpha
[10.30 18:00:12] FlashPlayerPlugin_18_0_0_209.exe - aaalpha:bbalpha error : Could not connect through proxy ccalpha:ddalpha - Proxy server cannot establish a connection with the target, status code eealpha
[10.30 18:00:12] FlashPlayerPlugin_18_0_0_209.exe - aaalpha:bbalpha error : Could not connect through proxy ccalpha:ddalpha - Proxy server cannot establish a connection with the target, status code eealpha
[10.30 18:00:12] FlashPlayerPlugin_18_0_0_209.exe - aaalpha:bbalpha error : Could not connect through proxy ccalpha:ddalpha - Proxy server cannot establish a connection with the target, status code eealpha
[10.30 18:00:12] FlashPlayerPlugin_18_0_0_209.exe - aaalpha:bbalpha error : Could not connect through proxy ccalpha:ddalpha - Proxy server cannot establish a connection with the target, status code eealpha
[10.30 18:00:12] FlashPlayerPlugin_18_0_0_209.exe - aaalpha:bbalpha error : Could not connect through proxy ccalpha:ddalpha - Proxy server cannot establish a connection with the target, status code eealpha
[10.30 18:00:12] FlashPlayerPlugin_18_0_0_209.exe - aaalpha:bbalpha error : Could not connect through proxy ccalpha:ddalpha - Proxy server cannot establish a connection with the target, status code eealpha
[10.30 18:00:12] FlashPlayerPlugin_18_0_0_209.exe - aaalpha:bbalpha error : Could not connect through proxy ccalpha:ddalpha - Proxy server cannot establish a connection with the target, status code eealpha
[10.30 18:00:12] FlashPlayerPlugin_18_0_0_209.exe - aaalpha:bbalpha error : Could not connect through proxy ccalpha:ddalpha - Proxy server cannot establish a connection with the target, status code eealpha
[10.30 18:00:12] FlashPlayerPlugin_18_0_0_209.exe - aaalpha:bbalpha error : Could not connect through proxy ccalpha:ddalpha - Proxy server cannot establish a connection with the target, status code eealpha
[10.30 18:00:12] FlashPlayerPlugin_18_0_0_209.exe - aaalpha:bbalpha error : Could not connect through proxy ccalpha:ddalpha - Proxy server cannot establish a connection with the target, status code eealpha
[10.30 18:00:12] FlashPlayerPlugin_18_0_0_209.exe - aaalpha:bbalpha error : Could not connect through proxy ccalpha:ddalpha - Proxy server cannot establish a connection with the target, status code eealpha
[10.30 18:00:12] FlashPlayerPlugin_18_0_0_209.exe - aaalpha:bbalpha error : Could not connect through proxy ccalpha:ddalpha - Proxy server cannot establish a connection with the target, status code eealpha
[10.30 18:00:12] FlashPlayerPlugin_18_0_0_209.exe - aaalpha:bbalpha error : Could not connect through proxy ccalpha:ddalpha - Proxy server cannot establish a connection with the target, status code eealpha
[10.30 18:00:12] FlashPlayerPlugin_18_0_0_209.exe - aaalpha:bbalpha error : Could not connect through proxy ccalpha:ddalpha - Proxy server cannot establish a connection with the target, status code eealpha
[10.30 18:00:12] FlashPlayerPlugin_18_0_0_209.exe - aaalpha:bbalpha error : Could not connect through proxy ccalpha:ddalpha - Proxy server cannot establish a connection with the target, status code eealpha
[10.30 18:00:12] FlashPlayerPlugin_18_0_0_209.exe - aaalpha:bbalpha error : Could not connect through proxy ccalpha:ddalpha - Proxy server cannot establish a connection with the target, status code eealpha
[10.30 18:00:12] FlashPlayerPlugin_18_0_0_209.exe - aaalpha:bbalpha error : Could not connect through proxy ccalpha:ddalpha - Proxy server cannot establish a connection with the target, status code eealpha
[10.30 18:00:12] FlashPlayerPlugin_18_0_0_209.exe - aaalpha:bbalpha error : Could not connect through proxy ccalpha:ddalpha - Proxy server cannot establish a connection with the target, status code eealpha
[10.30 18:00:12] FlashPlayerPlugin_18_0_0_209.exe - aaalpha:bbalpha error : Could not connect through proxy ccalpha:ddalpha - Proxy server cannot establish a connection with the target, status code eealpha
[10.30 18:00:12] FlashPlayerPlugin_18_0_0_209.exe - aaalpha:bbalpha error : Could not connect through proxy ccalpha:ddalpha - Proxy server cannot establish a connection with the target, status code eealpha
[10.30 18:00:12] FlashPlayerPlugin_18_0_0_209.exe - aaalpha:bbalpha error : Could not connect through proxy ccalpha:ddalpha - Proxy server cannot establish a connection with the target, status code eealpha
[10.30 18:00:12] FlashPlayerPlugin_18_0_0_209.exe - aaalpha:bbalpha error : Could not connect through proxy ccalpha:ddalpha - Proxy server cannot establish a connection with the target, status code eealpha
[10.30 18:00:12] FlashPlayerPlugin_18_0_0_209.exe - aaalpha:bbalpha error : Could not connect through proxy ccalpha:ddalpha - Proxy server cannot establish a connection with the target, status code eealpha
[10.30 18:00:12] FlashPlayerPlugin_18_0_0_209.exe - aaalpha:bbalpha error : Could not connect through proxy ccalpha:ddalpha - Proxy server cannot establish a connection with the target, status code eealpha
[10.30 18:00:12] FlashPlayerPlugin_18_0_0_209.exe - aaalpha:bbalpha error : Could not connect through proxy ccalpha:ddalpha - Proxy server cannot establish a connection with the target, status code eealpha
[10.30 18:00:12] FlashPlayerPlugin_18_0_0_209.exe - aaalpha:bbalpha error : Could not connect through proxy ccalpha:ddalpha - Proxy server cannot establish a connection with the target, status code eealpha
[10.30 18:00:12] FlashPlayerPlugin_18_0_0_209.exe - aaalpha:bbalpha error : Could not connect through proxy ccalpha:ddalpha - Proxy server cannot establish a connection with the target, status code eealpha
[10.30 18:00:12] FlashPlayerPlugin_18_0_0_209.exe - aaalpha:bbalpha error : Could not connect through proxy ccalpha:ddalpha - Proxy server cannot establish a connection with the target, status code eealpha
[10.30 18:00:12] FlashPlayerPlugin_18_0_0_209.exe - aaalpha:bbalpha error : Could not connect through proxy ccalpha:ddalpha - Proxy server cannot establish a connection with the target, status code eealpha
[10.30 18:00:12] FlashPlayerPlugin_18_0_0_209.exe - aaalpha:bbalpha error : Could not connect through proxy ccalpha:ddalpha - Proxy server cannot establish a connection with the target, status code eealpha
[10.30 18:00:12] FlashPlayerPlugin_18_0_0_209.exe - aaalpha:bbalpha error : Could not connect through proxy ccalpha:ddalpha - Proxy server cannot establish a connection with the target, status code eealpha
[10.30 18:00:12] FlashPlayerPlugin_18_0_0_209.exe - aaalpha:bbalpha error : Could not connect through proxy ccalpha:ddalpha - Proxy server cannot establish a connection with the target, status code eealpha
[10.30 18:00:12] FlashPlayerPlugin_18_0_0_209.exe - aaalpha:bbalpha error : Could not connect through proxy ccalpha:ddalpha - Proxy server cannot establish a connection with the target, status code eealpha
[10.30 18:00:12] FlashPlayerPlugin_18_0_0_209.exe - aaalpha:bbalpha error : Could not connect through proxy ccalpha:ddalpha - Proxy server cannot establish a connection with the target, status code eealpha
[10.30 18:00:12] FlashPlayerPlugin_18_0_0_209.exe - aaalpha:bbalpha error : Could not connect through proxy ccalpha:ddalpha - Proxy server cannot establish a connection with the target, status code eealpha
[10.30 18:00:12] FlashPlayerPlugin_18_0_0_209.exe - aaalpha:bbalpha error : Could not connect through proxy ccalpha:ddalpha - Proxy server cannot establish a connection with the target, status code eealpha
[10.30 18:00:12] FlashPlayerPlugin_18_0_0_209.exe - aaalpha:bbalpha error : Could not connect through proxy ccalpha:ddalpha - Proxy server cannot establish a connection with the target, status code eealpha
[10.30 18:00:12] FlashPlayerPlugin_18_0_0_209.exe - aaalpha:bbalpha error : Could not connect through proxy ccalpha:ddalpha - Proxy server cannot establish a connection with the target, status code eealpha
[10.30 18:00:12] FlashPlayerPlugin_18_0_0_209.exe - aaalpha:bbalpha error : Could not connect through proxy ccalpha:ddalpha - Proxy server cannot establish a connection with the target, status code eealpha
[10.30 18:00:12] FlashPlayerPlugin_18_0_0_209.exe - aaalpha:bbalpha error : Could not connect through proxy ccalpha:ddalpha - Proxy server cannot establish a connection with the target, status code eealpha
[10.30 18:00:12] FlashPlayerPlugin_18_0_0_209.exe - aaalpha:bbalpha error : Could not connect through proxy ccalpha:ddalpha - Proxy server cannot establish a connection with the target, status code eealpha
[10.30 18:00:12] FlashPlayerPlugin_18_0_0_209.exe - aaalpha:bbalpha error : Could not connect through proxy ccalpha:ddalpha - Proxy server cannot establish a connection with the target, status code eealpha
[10.30 18:00:12] FlashPlayerPlugin_18_0_0_209.exe - aaalpha:bbalpha error : Could not connect through proxy ccalpha:ddalpha - Proxy server cannot establish a connection with the target, status code eealpha
[10.30 18:00:12] FlashPlayerPlugin_18_0_0_209.exe - aaalpha:bbalpha error : Could not connect through proxy ccalpha:ddalpha - Proxy server cannot establish a connection with the target, status code eealpha
[10.30 18:00:12] FlashPlayerPlugin_18_0_0_209.exe - aaalpha:bbalpha error : Could not connect through proxy ccalpha:ddalpha - Proxy server cannot establish a connection with the target, status code eealpha
[10.30 18:00:12] FlashPlayerPlugin_18_0_0_209.exe - aaalpha:bbalpha error : Could not connect through proxy ccalpha:ddalpha - Proxy server cannot establish a connection with the target, status code eealpha
[10.30 18:00:12] FlashPlayerPlugin_18_0_0_209.exe - aaalpha:bbalpha error : Could not connect through proxy ccalpha:ddalpha - Proxy server cannot establish a connection with the target, status code eealpha
[10.30 18:00:12] FlashPlayerPlugin_18_0_0_209.exe - aaalpha:bbalpha error : Could not connect through proxy ccalpha:ddalpha - Proxy server cannot establish a connection with the target, status code eealpha
[10.30 18:00:12] FlashPlayerPlugin_18_0_0_209.exe - aaalpha:bbalpha error : Could not connect through proxy ccalpha:ddalpha - Proxy server cannot establish a connection with the target, status code eealpha
[10.30 18:00:12] FlashPlayerPlugin_18_0_0_209.exe - aaalpha:bbalpha error : Could not connect through proxy ccalpha:ddalpha - Proxy server cannot establish a connection with the target, status code eealpha
[10.30 18:00:12] FlashPlayerPlugin_18_0_0_209.exe - aaalpha:bbalpha error : Could not connect through proxy ccalpha:ddalpha - Proxy server cannot establish a connection with the target, status code eealpha
[10.30 18:00:12] FlashPlayerPlugin_18_0_0_209.exe - aaalpha:bbalpha error : Could not connect through proxy ccalpha:ddalpha - Proxy server cannot establish a connection with the target, status code eealpha
[10.30 18:00:12] FlashPlayerPlugin_18_0_0_209.exe - aaalpha:bbalpha error : Could not connect through proxy ccalpha:ddalpha - Proxy server cannot establish a connection with the target, status code eealpha
[10.30 18:00:12] FlashPlayerPlugin_18_0_0_209.exe - aaalpha:bbalpha error : Could not connect through proxy ccalpha:ddalpha - Proxy server cannot establish a connection with the target, status code eealpha
[10.30 18:00:12] FlashPlayerPlugin_18_0_0_209.exe - aaalpha:bbalpha error : Could not connect through proxy ccalpha:ddalpha - Proxy server cannot establish a connection with the target, status code eealpha
[10.30 17:15:42] QQ.exe - aaalpha:bbalpha error : A connection request was canceled before the completion.
[10.30 17:15:42] QQ.exe - aaalpha:bbalpha error : A connection request was canceled before the completion.
[10.30 17:15:42] QQ.exe - aaalpha:bbalpha error : A connection request was canceled before the completion.
[10.30 17:15:42] QQ.exe - aaalpha:bbalpha error : A connection request was canceled before the completion.
[10.30 17:15:42] QQ.exe - aaalpha:bbalpha error : A connection request was canceled before the completion.
[10.30 17:15:42] QQ.exe - aaalpha:bbalpha error : A connection request was canceled before the completion.
[10.30 17:15:42] QQ.exe - aaalpha:bbalpha error : A connection request was canceled before the completion.
[10.30 17:15:42] QQ.exe - aaalpha:bbalpha error : A connection request was canceled before the completion.
[10.30 17:15:42] QQ.exe - aaalpha:bbalpha error : A connection request was canceled before the completion.
[10.30 17:15:42] QQ.exe - aaalpha:bbalpha error : A connection request was canceled before the completion.
[10.30 17:15:42] QQ.exe - aaalpha:bbalpha error : A connection request was canceled before the completion.
[10.30 17:15:42] QQ.exe - aaalpha:bbalpha error : A connection request was canceled before the completion.
[10.30 17:15:42] QQ.exe - aaalpha:bbalpha error : A connection request was canceled before the completion.
[10.30 17:15:42] QQ.exe - aaalpha:bbalpha error : A connection request was canceled before the completion.
[10.30 17:15:42] QQ.exe - aaalpha:bbalpha error : A connection request was canceled before the completion.
[10.30 17:15:42] QQ.exe - aaalpha:bbalpha error : A connection request was canceled before the completion.
[10.30 17:15:42] QQ.exe - aaalpha:bbalpha error : A connection request was canceled before the completion.
[10.30 17:15:42] QQ.exe - aaalpha:bbalpha error : A connection request was canceled before the completion.
[10.30 17:15:42] QQ.exe - aaalpha:bbalpha error : A connection request was canceled before the completion.
[10.30 17:15:42] QQ.exe - aaalpha:bbalpha error : A connection request was canceled before the completion.
[10.30 17:15:42] QQ.exe - aaalpha:bbalpha error : A connection request was canceled before the completion.
[10.30 17:15:42] QQ.exe - aaalpha:bbalpha error : A connection request was canceled before the completion.
[10.30 17:15:42] QQ.exe - aaalpha:bbalpha error : A connection request was canceled before the completion.
[10.30 17:15:42] QQ.exe - aaalpha:bbalpha error : A connection request was canceled before the completion.
[10.30 17:15:42] QQ.exe - aaalpha:bbalpha error : A connection request was canceled before the completion.
[10.30 17:15:42] QQ.exe - aaalpha:bbalpha error : A connection request was canceled before the completion.
[10.30 17:15:42] QQ.exe - aaalpha:bbalpha error : A connection request was canceled before the completion.
[10.30 17:15:42] QQ.exe - aaalpha:bbalpha error : A connection request was canceled before the completion.
[10.30 17:15:42] QQ.exe - aaalpha:bbalpha error : A connection request was canceled before the completion.
[10.30 17:15:42] QQ.exe - aaalpha:bbalpha error : A connection request was canceled before the completion.
[10.30 17:15:42] QQ.exe - aaalpha:bbalpha error : A connection request was canceled before the completion.
[10.30 17:15:42] QQ.exe - aaalpha:bbalpha error : A connection request was canceled before the completion.
[10.30 17:15:42] QQ.exe - aaalpha:bbalpha error : A connection request was canceled before the completion.
[10.30 17:15:42] QQ.exe - aaalpha:bbalpha error : A connection request was canceled before the completion.
[10.30 17:15:42] QQ.exe - aaalpha:bbalpha error : A connection request was canceled before the completion.
[10.30 17:15:42] QQ.exe - aaalpha:bbalpha error : A connection request was canceled before the completion.
[10.30 17:15:42] QQ.exe - aaalpha:bbalpha error : A connection request was canceled before the completion.
[10.30 17:15:42] QQ.exe - aaalpha:bbalpha error : A connection request was canceled before the completion.
[10.30 17:15:42] QQ.exe - aaalpha:bbalpha error : A connection request was canceled before the completion.
[10.30 17:15:42] QQ.exe - aaalpha:bbalpha error : A connection request was canceled before the completion.
[10.30 17:15:42] QQ.exe - aaalpha:bbalpha error : A connection request was canceled before the completion.
[10.30 17:15:42] QQ.exe - aaalpha:bbalpha error : A connection request was canceled before the completion.
[10.30 17:15:42] QQ.exe - aaalpha:bbalpha error : A connection request was canceled before the completion.
[10.30 17:15:42] QQ.exe - aaalpha:bbalpha error : A connection request was canceled before the completion.
[10.30 17:15:42] QQ.exe - aaalpha:bbalpha error : A connection request was canceled before the completion.
[10.30 17:15:42] QQ.exe - aaalpha:bbalpha error : A connection request was canceled before the completion.
[10.30 17:15:42] QQ.exe - aaalpha:bbalpha error : A connection request was canceled before the completion.
[10.30 17:15:42] QQ.exe - aaalpha:bbalpha error : A connection request was canceled before the completion.
[10.30 17:15:42] QQ.exe - aaalpha:bbalpha error : A connection request was canceled before the completion.
[10.30 17:15:42] QQ.exe - aaalpha:bbalpha error : A connection request was canceled before the completion.
[10.30 17:15:42] QQ.exe - aaalpha:bbalpha error : A connection request was canceled before the completion.
[10.30 17:15:42] QQ.exe - aaalpha:bbalpha error : A connection request was canceled before the completion.
[10.30 17:15:42] QQ.exe - aaalpha:bbalpha error : A connection request was canceled before the completion.
[10.30 17:15:42] QQ.exe - aaalpha:bbalpha error : A connection request was canceled before the completion.
[10.30 17:15:42] QQ.exe - aaalpha:bbalpha error : A connection request was canceled before the completion.
[10.30 17:15:42] QQ.exe - aaalpha:bbalpha error : A connection request was canceled before the completion.
[10.30 17:15:42] QQ.exe - aaalpha:bbalpha error : A connection request was canceled before the completion.
[10.30 17:15:42] QQ.exe - aaalpha:bbalpha error : A connection request was canceled before the completion.
[10.30 17:15:42] QQ.exe - aaalpha:bbalpha error : A connection request was canceled before the completion.
[10.30 17:15:42] QQ.exe - aaalpha:bbalpha error : A connection request was canceled before the completion.
[10.30 17:15:42] QQ.exe - aaalpha:bbalpha error : A connection request was canceled before the completion.
[10.30 17:15:42] QQ.exe - aaalpha:bbalpha error : A connection request was canceled before the completion.
[10.30 17:15:42] QQ.exe - aaalpha:bbalpha error : A connection request was canceled before the completion.
[10.30 17:15:42] QQ.exe - aaalpha:bbalpha error : A connection request was canceled before the completion.
