[07.27 05:05:50] chrome.exe *64 - node0-0.example.local:node1-0.example.local error : Could not connect to proxy node2-0.example.local:node3-0.example.local - connection attempt failed with error node4-0.example.local
[07.27 05:05:50] chrome.exe *64 - node0-0.example.local:node1-0.example.local error : Could not connect to proxy node2-0.example.local:node3-0.example.local - connection attempt failed with error node4-0.example.local
[07.27 05:05:50] chrome.exe *64 - node0-0.example.local:node1-0.example.local error : Could not connect to proxy node2-0.example.local:node3-0.example.local - connection attempt failed with error node4-0.example.local
[07.27 05:05:50] chrome.exe *64 - node0-0.example.local:node1-0.example.local error : Could not connect to proxy node2-0.example.local:node3-0.example.local - connection attempt failed with error node4-0.example.local
[07.27 05:05:50] chrome.exe *64 - node0-0.example.local:node1-0.example.local error : Could not connect to proxy node2-0.example.local:node3-0.example.local - connection attempt failed with error node4-0.example.local
[07.27 05:05:50] chrome.exe *64 - node0-0.example.local:node1-0.example.local error : Could not connect to proxy node2-0.example.local:node3-0.example.local - connection attempt failed with error node4-0.example.local
[07.27 05:05:50] chrome.exe *64 - node0-0.example.local:node1-0.example.local error : Could not connect to proxy node2-0.example.local:node3-0.example.local - connection attempt failed with error node4-0.example.local
[07.27 05:05:50] chrome.exe *64 - node0-0.example.local:node1-0.example.local error : Could not connect to proxy node2-0.example.local:node3-0.example.local - connection attempt failed with error node4-0.example.local
[07.27 05:05:50] chrome.exe *64 - node0-0.example.local:node1-0.example.local error : Could not connect to proxy node2-0.example.local:node3-0.example.local - connection attempt failed with error node4-0.example.local
[07.27 05:05:50] chrome.exe *64 - node0-0.example.local:node1-0.example.local error : Could not connect to proxy node2-0.example.local:node3-0.example.local - connection attempt failed with error node4-0.example.local
[07.27 05:05:50] chrome.exe *64 - node0-0.example.local:node1-0.example.local error : Could not connect to proxy node2-0.example.local:node3-0.example.local - connection attempt failed with error node4-0.example.local
[07.27 05:05:50] chrome.exe *64 - node0-0.example.local:node1-0.example.local error : Could not connect to proxy node2-0.example.local:node3-0.example.local - connection attempt failed with error node4-0.example.local
[07.27 05:05:50] chrome.exe *64 - node0-0.example.local:node1-0.example.local error : Could not connect to proxy node2-0.example.local:node3-0.example.local - connection attempt failed with error node4-0.example.local
[07.27 05:05:50] chrome.exe *64 - node0-0.example.local:node1-0.example.local error : Could not connect to proxy node2-0.example.local:node3-0.example.local - connection attempt failed with error node4-0.example.local
[07.27 05:05:50] chrome.exe *64 - node0-0.example.local:node1-0.example.local error : Could not connect to proxy node2-0.example.local:node3-0.example.local - connection attempt failed with error node4-0.example.local
[07.27 05:05:50] chrome.exe *64 - node0-1.example.local:node1-1.example.local error : Could not connect to proxy node2-1.example.local:node3-1.example.local - connection attempt failed with error node4-1.example.local
[07.27 05:05:50] chrome.exe *64 - node0-1.example.local:node1-1.example.local error : Could not connect to proxy node2-1.example.local:node3-1.example.local - connection attempt failed with error node4-1.example.local
[07.27 05:05:50] chrome.exe *64 - node0-2.example.local:node1-2.example.local error : Could not connect to proxy node2-2.example.local:node3-2.example.local - connection attempt failed with error node4-2.example.local
[07.27 05:05:50] chrome.exe *64 - node0-2.example.local:node1-2.example.local error : Could not connect to proxy node2-2.example.local:node3-2.example.local - connection attempt failed with error node4-2.example.local
[07.27 05:05:50] chrome.exe *64 - node0-3.example.local:node1-3.example.local error : Could not connect to proxy node2-3.example.local:node3-3.example.local - connection attempt failed with error node4-3.example.local
[07.27 05:05:50] chrome.exe *64 - node0-3.example.local:node1-3.example.local error : Could not connect to proxy node2-3.example.local:node3-3.example.local - connection attempt failed with error node4-3.example.local
[07.27 05:05:50] chrome.exe *64 - node0-4.example.local:node1-4.example.local error : Could not connect to proxy node2-4.example.local:node3-4.example.local - connection attempt failed with error node4-4.example.local
[07.27 05:05:50] chrome.exe *64 - node0-4.example.local:node1-4.example.local error : Could not connect to proxy node2-4.example.local:node3-4.example.local - connection attempt failed with error node4-4.example.local
[07.27 05:05:50] chrome.exe *64 - node0-5.example.local:node1-5.example.local error : Could not connect to proxy node2-5.example.local:node3-5.example.local - connection attempt failed with error node4-5.example.local
[07.27 05:05:50] chrome.exe *64 - node0-5.example.local:node1-5.example.local error : Could not connect to proxy node2-5.example.local:node3-5.example.local - connection attempt failed with error node4-5.example.local
[07.27 05:05:50] chrome.exe *64 - node0-6.example.local:node1-6.example.local error : Could not connect to proxy node2-6.example.local:node3-6.example.local - connection attempt failed with error node4-6.example.local
[07.27 05:05:50] chrome.exe *64 - node0-6.example.local:node1-6.example.local error : Could not connect to proxy node2-6.example.local:node3-6.example.local - connection attempt failed with error node4-6.example.local
[07.27 05:05:50] chrome.exe *64 - node0-7.example.local:node1-7.example.local error : Could not connect to proxy node2-7.example.local:node3-7.example.local - connection attempt failed with error node4-7.example.local
[07.27 05:05:50] chrome.exe *64 - node0-7.example.local:node1-7.example.local error : Could not connect to proxy node2-7.example.local:node3-7.example.local - connection attempt failed with error node4-7.example.local
[07.27 05:05:50] chrome.exe *64 - node0-8.example.local:node1-8.example.local error : Could not connect to proxy node2-8.example.local:node3-8.example.local - connection attempt failed with error node4-8.example.local
[07.27 05:05:50] chrome.exe *64 - node0-8.example.local:node1-8.example.local error : Could not connect to proxy node2-8.example.local:node3-8.example.local - connection attempt failed with error node4-8.example.local
[07.27 05:05:50] chrome.exe *64 - node0-9.example.local:node1-9.example.local error : Could not connect to proxy node2-9.example.local:node3-9.example.local - connection attempt failed with error node4-9.example.local
[07.27 05:05:50] chrome.exe *64 - node0-9.example.local:node1-9.example.local error : Could not connect to proxy node2-9.example.local:node3-9.example.local - connection attempt failed with error node4-9.example.local
[07.27 05:05:50] chrome.exe *64 - node0-10.example.local:node1-10.example.local error : Could not connect to proxy node2-10.example.local:node3-10.example.local - connection attempt failed with error node4-10.example.local
[07.27 05:05:50] chrome.exe *64 - node0-11.example.local:node1-11.example.local error : Could not connect to proxy node2-11.example.local:node3-11.example.local - connection attempt failed with error node4-11.example.local
[07.27 05:05:50] chrome.exe *64 - node0-12.example.local:node1-12.example.local error : Could not connect to proxy node2-12.example.local:node3-12.example.local - connection attempt failed with error node4-12.example.local
[07.27 05:05:50] chrome.exe *64 - node0-13.example.local:node1-13.example.local error : Could not connect to proxy node2-13.example.local:node3-13.example.local - connection attempt failed with error node4-13.example.local
[07.27 05:05:50] chrome.exe *64 - node0-14.example.local:node1-14.example.local error : Could not connect to proxy node2-14.example.local:node3-14.example.local - connection attempt failed with error node4-14.example.local
[07.27 05:05:50] chrome.exe *64 - node0-15.example.local:node1-15.example.local error : Could not connect to proxy node2-15.example.local:node3-15.example.local - connection attempt failed with error node4-15.example.local
[07.27 05:05:50] chrome.exe *64 - node0-16.example.local:node1-16.example.local error : Could not connect to proxy node2-16.example.local:node3-16.example.local - connection attempt failed with error node4-16.example.local
[07.27 05:05:50] chrome.exe *64 - node0-17.example.local:node1-17.example.local error : Could not connect to proxy node2-17.example.local:node3-17.example.local - connection attempt failed with error node4-17.example.local
[07.27 05:05:50] chrome.exe *64 - node0-18.example.local:node1-18.example.local error : Could not connect to proxy node2-18.example.local:node3-18.example.local - connection attempt failed with error node4-18.example.local
[07.27 05:05:50] chrome.exe *64 - node0-19.example.local:node1-19.example.local error : Could not connect to proxy node2-19.example.local:node3-19.example.local - connection attempt failed with error node4-19.example.local
[07.27 05:05:50] chrome.exe *64 - node0-20.example.local:node1-20.example.local error : Could not connect to proxy node2-20.example.local:node3-20.example.local - connection attempt failed with error node4-20.example.local
[07.27 05:05:50] chrome.exe *64 - node0-21.example.local:node1-21.example.local error : Could not connect to proxy node2-21.example.local:node3-21.example.local - connection attempt failed with error node4-21.example.local
[07.27 05:05:50] chrome.exe *64 - node0-22.example.local:node1-22.example.local error : Could not connect to proxy node2-22.example.local:node3-22.example.local - connection attempt failed with error node4-22.example.local
[07.27 05:05:50] chrome.exe *64 - node0-23.example.local:node1-23.example.local error : Could not connect to proxy node2-23.example.local:node3-23.example.local - connection attempt failed with error node4-23.example.local
[07.27 05:05:50] chrome.exe *64 - node0-24.example.local:node1-24.example.local error : Could not connect to proxy node2-24.example.local:node3-24.example.local - connection attempt failed with error node4-24.example.local
[07.27 05:05:50] chrome.exe *64 - node0-25.example.local:node1-25.example.local error : Could not connect to proxy node2-25.example.local:node3-25.example.local - connection attempt failed with error node4-25.example.local
[07.27 05:05:50] chrome.exe *64 - node0-26.example.local:node1-26.example.local error : Could not connect to proxy node2-26.example.local:node3-26.example.local - connection attempt failed with error node4-26.example.local
[07.27 05:05:50] chrome.exe *64 - node0-27.example.local:node1-27.example.local error : Could not connect to proxy node2-27.example.local:node3-27.example.local - connection attempt failed with error node4-27.example.local
[07.27 05:05:50] chrome.exe *64 - node0-28.example.local:node1-28.example.local error : Could not connect to proxy node2-28.example.local:node3-28.example.local - connection attempt failed with error node4-28.example.local
[07.27 05:05:50] chrome.exe *64 - node0-29.example.local:node1-29.example.local error : Could not connect to proxy node2-29.example.local:node3-29.example.local - connection attempt failed with error node4-29.example.local
[07.27 05:05:50] chrome.exe *64 - node0-30.example.local:node1-30.example.local error : Could not connect to proxy node2-30.example.local:node3-30.example.local - connection attempt failed with error node4-30.example.local
[07.27 05:05:50] chrome.exe *64 - node0-31.example.local:node1-31.example.local error : Could not connect to proxy node2-31.example.local:node3-31.example.local - connection attempt failed with error node4-31.example.local
[07.27 05:05:50] chrome.exe *64 - node0-32.example.local:node1-32.example.local error : Could not connect to proxy node2-32.example.local:node3-32.example.local - connection attempt failed with error node4-32.example.local
[07.27 05:05:50] chrome.exe *64 - node0-33.example.local:node1-33.example.local error : Could not connect to proxy node2-33.example.local:node3-33.example.local - connection attempt failed with error node4-33.example.local
[07.27 05:05:50] chrome.exe *64 - node0-34.example.local:node1-34.example.local error : Could not connect to proxy node2-34.example.local:node3-34.example.local - connection attempt failed with error node4-34.example.local
[07.27 05:05:50] chrome.exe *64 - node0-35.example.local:node1-35.example.local error : Could not connect to proxy node2-35.example.local:node3-35.example.local - connection attempt failed with error node4-35.example.local
[07.27 05:05:50] chrome.exe *64 - node0-36.example.local:node1-36.example.local error : Could not connect to proxy node2-36.example.local:node3-36.example.local - connection attempt failed with error node4-36.example.local
[07.27 05:05:50] chrome.exe *64 - node0-37.example.local:node1-37.example.local error : Could not connect to proxy node2-37.example.local:node3-37.example.local - connection attempt failed with error node4-37.example.local
[07.27 05:05:50] chrome.exe *64 - node0-38.example.local:node1-38.example.local error : Could not connect to proxy node2-38.example.local:node3-38.example.local - connection attempt failed with error node4-38.example.local
[07.27 05:05:50] chrome.exe *64 - node0-39.example.local:node1-39.example.local error : Could not connect to proxy node2-39.example.local:node3-39.example.local - connection attempt failed with error node4-39.example.local
[07.27 05:05:50] chrome.exe *64 - node0-40.example.local:node1-40.example.local error : Could not connect to proxy node2-40.example.local:node3-40.example.local - connection attempt failed with error node4-40.example.local
[10.30 16:49:06] chrome.exe - node0-0.example.local:node1-0.example.local open through proxy node2-0.example.local:node3-0.example.local HTTPS
[10.30 16:49:06] chrome.exe - node0-0.example.local:node1-0.example.local open through proxy node2-0.example.local:node3-0.example.local HTTPS
[10.30 16:49:06] chrome.exe - node0-0.example.local:node1-0.example.local open through proxy node2-0.example.local:node3-0.example.local HTTPS
[10.30 16:49:06] chrome.exe - node0-0.example.local:node1-0.example.local open through proxy node2-0.example.local:node3-0.example.local HTTPS
[10.30 16:49:06] chrome.exe - node0-0.example.local:node1-0.example.local open through proxy node2-0.example.local:node3-0.example.local HTTPS
[10.30 16:49:06] chrome.exe - node0-0.example.local:node1-0.example.local open through proxy node2-0.example.local:node3-0.example.local HTTPS
[10.30 16:49:06] chrome.exe - node0-0.example.local:node1-0.example.local open through proxy node2-0.example.local:node3-0.example.local HTTPS
[10.30 16:49:06] chrome.exe - node0-0.example.local:node1-0.example.local open through proxy node2-0.example.local:node3-0.example.local HTTPS
[10.30 16:49:06] chrome.exe - node0-0.example.local:node1-0.example.local open through proxy node2-0.example.local:node3-0.example.local HTTPS
[10.30 16:49:06] chrome.exe - node0-0.example.local:node1-0.example.local open through proxy node2-0.example.local:node3-0.example.local HTTPS
[10.30 16:49:06] chrome.exe - node0-0.example.local:node1-0.example.local open through proxy node2-0.example.local:node3-0.example.local HTTPS
[10.30 16:49:06] chrome.exe - node0-0.example.local:node1-0.example.local open through proxy node2-0.example.local:node3-0.example.local HTTPS
[10.30 16:49:06] chrome.exe - node0-0.example.local:node1-0.example.local open through proxy node2-0.example.local:node3-0.example.local HTTPS
[10.30 16:49:06] chrome.exe - node0-0.example.local:node1-0.example.local open through proxy node2-0.example.local:node3-0.example.local HTTPS
[10.30 16:49:06] chrome.exe - node0-0.example.local:node1-0.example.local open through proxy node2-0.example.local:node3-0.example.local HTTPS
[10.30 16:49:06] chrome.exe - node0-1.example.local:node1-1.example.local open through proxy node2-1.example.local:node3-1.example.local HTTPS
[10.30 16:49:06] chrome.exe - node0-1.example.local:node1-1.example.local open through proxy node2-1.example.local:node3-1.example.local HTTPS
[10.30 16:49:06] chrome.exe - node0-2.example.local:node1-2.example.local open through proxy node2-2.example.local:node3-2.example.local HTTPS
[10.30 16:49:06] chrome.exe - node0-2.example.local:node1-2.example.local open through proxy node2-2.example.local:node3-2.example.local HTTPS
[10.30 16:49:06] chrome.exe - node0-3.example.local:node1-3.example.local open through proxy node2-3.example.local:node3-3.example.local HTTPS
[10.30 16:49:06] chrome.exe - node0-3.example.local:node1-3.example.local open through proxy node2-3.example.local:node3-3.example.local HTTPS
[10.30 16:49:06] chrome.exe - node0-4.example.local:node1-4.example.local open through proxy node2-4.example.local:node3-4.example.local HTTPS
[10.30 16:49:06] chrome.exe - node0-4.example.local:node1-4.example.local open through proxy node2-4.example.local:node3-4.example.local HTTPS
[10.30 16:49:06] chrome.exe - node0-5.example.local:node1-5.example.local open through proxy node2-5.example.local:node3-5.example.local HTTPS
[10.30 16:49:06] chrome.exe - node0-5.example.local:node1-5.example.local open through proxy node2-5.example.local:node3-5.example.local HTTPS
[10.30 16:49:06] chrome.exe - node0-6.example.local:node1-6.example.local open through proxy node2-6.example.local:node3-6.example.local HTTPS
[10.30 16:49:06] chrome.exe - node0-6.example.local:node1-6.example.local open through proxy node2-6.example.local:node3-6.example.local HTTPS
[10.30 16:49:06] chrome.exe - node0-7.example.local:node1-7.example.local open through proxy node2-7.example.local:node3-7.example.local HTTPS
[10.30 16:49:06] chrome.exe - node0-7.example.local:node1-7.example.local open through proxy node2-7.example.local:node3-7.example.local HTTPS
[10.30 16:49:06] chrome.exe - node0-8.example.local:node1-8.example.local open through proxy node2-8.example.local:node3-8.example.local HTTPS
[10.30 16:49:06] chrome.exe - node0-8.example.local:node1-8.example.local open through proxy node2-8.example.local:node3-8.example.local HTTPS
[10.30 16:49:06] chrome.exe - node0-9.example.local:node1-9.example.local open through proxy node2-9.example.local:node3-9.example.local HTTPS
[10.30 16:49:06] chrome.exe - node0-9.example.local:node1-9.example.local open through proxy node2-9.example.local:node3-9.example.local HTTPS
[10.30 16:49:06] chrome.exe - node0-10.example.local:node1-10.example.local open through proxy node2-10.example.local:node3-10.example.local HTTPS
[10.30 16:49:06] chrome.exe - node0-11.example.local:node1-11.example.local open through proxy node2-11.example.local:node3-11.example.local HTTPS
[10.30 16:49:06] chrome.exe - node0-12.example.local:node1-12.example.local open through proxy node2-12.example.local:node3-12.example.local HTTPS
[10.30 16:49:06] chrome.exe - node0-13.example.local:node1-13.example.local open through proxy node2-13.example.local:node3-13.example.local HTTPS
[10.30 16:49:06] chrome.exe - node0-14.example.local:node1-14.example.local open through proxy node2-14.example.local:node3-14.example.local HTTPS
[10.30 16:49:06] chrome.exe - node0-15.example.local:node1-15.example.local open through proxy node2-15.example.local:node3-15.example.local HTTPS
[10.30 16:49:06] chrome.exe - node0-16.example.local:node1-16.example.local open through proxy node2-16.example.local:node3-16.example.local HTTPS
[10.30 16:49:06] chrome.exe - node0-17.example.local:node1-17.example.local open through proxy node2-17.example.local:node3-17.example.local HTTPS
[10.30 16:49:06] chrome.exe - node0-18.example.local:node1-18.example.local open through proxy node2-18.example.local:node3-18.example.local HTTPS
[10.30 16:49:06] chrome.exe - node0-19.example.local:node1-19.example.local open through proxy node2-19.example.local:node3-19.example.local HTTPS
[10.30 16:49:06] chrome.exe - node0-20.example.local:node1-20.example.local open through proxy node2-20.example.local:node3-20.example.local HTTPS
[10.30 16:49:06] chrome.exe - node0-21.example.local:node1-21.example.local open through proxy node2-21.example.local:node3-21.example.local HTTPS
[10.30 16:49:06] chrome.exe - node0-22.example.local:node1-22.example.local open through proxy node2-22.example.local:node3-22.example.local HTTPS
[10.30 16:49:06] chrome.exe - node0-23.example.local:node1-23.example.local open through proxy node2-23.example.local:node3-23.example.local HTTPS
[10.30 16:49:06] chrome.exe - node0-24.example.local:node1-24.example.local open through proxy node2-24.example.local:node3-24.example.local HTTPS
[10.30 16:49:06] chrome.exe - node0-25.example.local:node1-25.example.local open through proxy node2-25.example.local:node3-25.example.local HTTPS
[10.30 16:49:06] chrome.exe - node0-26.example.local:node1-26.example.local open through proxy node2-26.example.local:node3-26.example.local HTTPS
[10.30 16:49:06] chrome.exe - node0-27.example.local:node1-27.example.local open through proxy node2-27.example.local:node3-27.example.local HTTPS
[10.30 16:49:06] chrome.exe - node0-28.example.local:node1-28.example.local open through proxy node2-28.example.local:node3-28.example.local HTTPS
[10.30 16:49:06] chrome.exe - node0-29.example.local:node1-29.example.local open through proxy node2-29.example.local:node3-29.example.local HTTPS
[10.30 16:49:06] chrome.exe - node0-30.example.local:node1-30.example.local open through proxy node2-30.example.local:node3-30.example.local HTTPS
[10.30 16:49:06] chrome.exe - node0-31.example.local:node1-31.example.local open through proxy node2-31.example.local:node3-31.example.local HTTPS
[10.30 16:49:06] chrome.exe - node0-32.example.local:node1-32.example.local open through proxy node2-32.example.local:node3-32.example.local HTTPS
[10.30 16:49:06] chrome.exe - node0-33.example.local:node1-33.example.local open through proxy node2-33.example.local:node3-33.example.local HTTPS
[10.30 16:49:06] chrome.exe - node0-34.example.local:node1-34.example.local open through proxy node2-34.example.local:node3-34.example.local HTTPS
[10.30 16:49:06] chrome.exe - node0-35.example.local:node1-35.example.local open through proxy node2-35.example.local:node3-35.example.local HTTPS
[10.30 16:49:06] chrome.exe - node0-36.example.local:node1-36.example.local open through proxy node2-36.example.local:node3-36.example.local HTTPS
[10.30 16:49:06] chrome.exe - node0-37.example.local:node1-37.example.local open through proxy node2-37.example.local:node3-37.example.local HTTPS
[10.30 16:49:06] chrome.exe - node0-38.example.local:node1-38.example.local open through proxy node2-38.example.local:node3-38.example.local HTTPS
[10.30 16:49:06] chrome.exe - node0-39.example.local:node1-39.example.local open through proxy node2-39.example.local:node3-39.example.local HTTPS
[10.30 16:49:06] chrome.exe - node0-40.example.local:node1-40.example.local open through proxy node2-40.example.local:node3-40.example.local HTTPS
[10.30 16:49:07] chrome.exe - node0-0.example.local close, node1-0.example.local bytes sent, node2-0.example.local bytes received, lifetime node3-0.example.local
[10.30 16:49:07] chrome.exe - node0-0.example.local close, node1-0.example.local bytes sent, node2-0.example.local bytes received, lifetime node3-0.example.local
[10.30 16:49:07] chrome.exe - node0-0.example.local close, node1-0.example.local bytes sent, node2-0.example.local bytes received, lifetime node3-0.example.local
[10.30 16:49:07] chrome.exe - node0-0.example.local close, node1-0.example.local bytes sent, node2-0.example.local bytes received, lifetime node3-0.example.local
[10.30 16:49:07] chrome.exe - node0-0.example.local close, node1-0.example.local bytes sent, node2-0.example.local bytes received, lifetime node3-0.example.local
[10.30 16:49:07] chrome.exe - node0-0.example.local close, node1-0.example.local bytes sent, node2-0.example.local bytes received, lifetime node3-0.example.local
[10.30 16:49:07] chrome.exe - node0-0.example.local close, node1-0.example.local bytes sent, node2-0.example.local bytes received, lifetime node3-0.example.local
[10.30 16:49:07] chrome.exe - node0-0.example.local close, node1-0.example.local bytes sent, node2-0.example.local bytes received, lifetime node3-0.example.local
[10.30 16:49:07] chrome.exe - node0-0.example.local close, node1-0.example.local bytes sent, node2-0.example.local bytes received, lifetime node3-0.example.local
[10.30 16:49:07] chrome.exe - node0-0.example.local close, node1-0.example.local bytes sent, node2-0.example.local bytes received, lifetime node3-0.example.local
[10.30 16:49:07] chrome.exe - node0-0.example.local close, node1-0.example.local bytes sent, node2-0.example.local bytes received, lifetime node3-0.example.local
[10.30 16:49:07] chrome.exe - node0-0.example.local close, node1-0.example.local bytes sent, node2-0.example.local bytes received, lifetime node3-0.example.local
[10.30 16:49:07] chrome.exe - node0-0.example.local close, node1-0.example.local bytes sent, node2-0.example.local bytes received, lifetime node3-0.example.local
[10.30 16:49:07] chrome.exe - node0-0.example.local close, node1-0.example.local bytes sent, node2-0.example.local bytes received, lifetime node3-0.example.local
[10.30 16:49:07] chrome.exe - node0-0.example.local close, node1-0.example.local bytes sent, node2-0.example.local bytes received, lifetime node3-0.example.local
[10.30 16:49:07] chrome.exe - node0-1.example.local close, node1-1.example.local bytes sent, node2-1.example.local bytes received, lifetime node3-1.example.local
[10.30 16:49:07] chrome.exe - node0-1.example.local close, node1-1.example.local bytes sent, node2-1.example.local bytes received, lifetime node3-1.example.local
[10.30 16:49:07] chrome.exe - node0-2.example.local close, node1-2.example.local bytes sent, node2-2.example.local bytes received, lifetime node3-2.example.local
[10.30 16:49:07] chrome.exe - node0-2.example.local close, node1-2.example.local bytes sent, node2-2.example.local bytes received, lifetime node3-2.example.local
[10.30 16:49:07] chrome.exe - node0-3.example.local close, node1-3.example.local bytes sent, node2-3.example.local bytes received, lifetime node3-3.example.local
[10.30 16:49:07] chrome.exe - node0-3.example.local close, node1-3.example.local bytes sent, node2-3.example.local bytes received, lifetime node3-3.example.local
[10.30 16:49:07] chrome.exe - node0-4.example.local close, node1-4.example.local bytes sent, node2-4.example.local bytes received, lifetime node3-4.example.local
[10.30 16:49:07] chrome.exe - node0-4.example.local close, node1-4.example.local bytes sent, node2-4.example.local bytes received, lifetime node3-4.example.local
[10.30 16:49:07] chrome.exe - node0-5.example.local close, node1-5.example.local bytes sent, node2-5.example.local bytes received, lifetime node3-5.example.local
[10.30 16:49:07] chrome.exe - node0-5.example.local close, node1-5.example.local bytes sent, node2-5.example.local bytes received, lifetime node3-5.example.local
[10.30 16:49:07] chrome.exe - node0-6.example.local close, node1-6.example.local bytes sent, node2-6.example.local bytes received, lifetime node3-6.example.local
[10.30 16:49:07] chrome.exe - node0-6.example.local close, node1-6.example.local bytes sent, node2-6.example.local bytes received, lifetime node3-6.example.local
[10.30 16:49:07] chrome.exe - node0-7.example.local close, node1-7.example.local bytes sent, node2-7.example.local bytes received, lifetime node3-7.example.local
[10.30 16:49:07] chrome.exe - node0-7.example.local close, node1-7.example.local bytes sent, node2-7.example.local bytes received, lifetime node3-7.example.local
[10.30 16:49:07] chrome.exe - node0-8.example.local close, node1-8.example.local bytes sent, node2-8.example.local bytes received, lifetime node3-8.example.local
[10.30 16:49:07] chrome.exe - node0-8.example.local close, node1-8.example.local bytes sent, node2-8.example.local bytes received, lifetime node3-8.example.local
[10.30 16:49:07] chrome.exe - node0-9.example.local close, node1-9.example.local bytes sent, node2-9.example.local bytes received, lifetime node3-9.example.local
[10.30 16:49:07] chrome.exe - node0-9.example.local close, node1-9.example.local bytes sent, node2-9.example.local bytes received, lifetime node3-9.example.local
[10.30 16:49:07] chrome.exe - node0-10.example.local close, node1-10.example.local bytes sent, node2-10.example.local bytes received, lifetime node3-10.example.local
[10.30 16:49:07] chrome.exe - node0-11.example.local close, node1-11.example.local bytes sent, node2-11.example.local bytes received, lifetime node3-11.example.local
[10.30 16:49:07] chrome.exe - node0-12.example.local close, node1-12.example.local bytes sent, node2-12.example.local bytes received, lifetime node3-12.example.local
[10.30 16:49:07] chrome.exe - node0-13.example.local close, node1-13.example.local bytes sent, node2-13.example.local bytes received, lifetime node3-13.example.local
[10.30 16:49:07] chrome.exe - node0-14.example.local close, node1-14.example.local bytes sent, node2-14.example.local bytes received, lifetime node3-14.example.local
[10.30 16:49:07] chrome.exe - node0-15.example.local close, node1-15.example.local bytes sent, node2-15.example.local bytes received, lifetime node3-15.example.local
[10.30 16:49:07] chrome.exe - node0-16.example.local close, node1-16.example.local bytes sent, node2-16.example.local bytes received, lifetime node3-16.example.local
[10.30 16:49:07] chrome.exe - node0-17.example.local close, node1-17.example.local bytes sent, node2-17.example.local bytes received, lifetime node3-17.example.local
[10.30 16:49:07] chrome.exe - node0-18.example.local close, node1-18.example.local bytes sent, node2-18.example.local bytes received, lifetime node3-18.example.local
[10.30 16:49:07] chrome.exe - node0-19.example.local close, node1-19.example.local bytes sent, node2-19.example.local bytes received, lifetime node3-19.example.local
[10.30 16:49:07] chrome.exe - node0-20.example.local close, node1-20.example.local bytes sent, node2-20.example.local bytes received, lifetime node3-20.example.local
[10.30 16:49:07] chrome.exe - node0-21.example.local close, node1-21.example.local bytes sent, node2-21.example.local bytes received, lifetime node3-21.example.local
[10.30 16:49:07] chrome.exe - node0-22.example.local close, node1-22.example.local bytes sent, node2-22.example.local bytes received, lifetime node3-22.example.local
[10.30 16:49:07] chrome.exe - node0-23.example.local close, node1-23.example.local bytes sent, node2-23.example.local bytes received, lifetime node3-23.example.local
[10.30 16:49:07] chrome.exe - node0-24.example.local close, node1-24.example.local bytes sent, node2-24.example.local bytes received, lifetime node3-24.example.local
[10.30 16:49:07] chrome.exe - node0-25.example.local close, node1-25.example.local bytes sent, node2-25.example.local bytes received, lifetime node3-25.example.local
[10.30 16:49:07] chrome.exe - node0-26.example.local close, node1-26.example.local bytes sent, node2-26.example.local bytes received, lifetime node3-26.example.local
[10.30 16:49:07] chrome.exe - node0-27.example.local close, node1-27.example.local bytes sent, node2-27.example.local bytes received, lifetime node3-27.example.local
[10.30 16:49:07] chrome.exe - node0-28.example.local close, node1-28.example.local bytes sent, node2-28.example.local bytes received, lifetime node3-28.example.local
[10.30 16:49:07] chrome.exe - node0-29.example.local close, node1-29.example.local bytes sent, node2-29.example.local bytes received, lifetime node3-29.example.local
[10.30 16:49:07] chrome.exe - node0-30.example.local close, node1-30.example.local bytes sent, node2-30.example.local bytes received, lifetime node3-30.example.local
[10.30 16:49:07] chrome.exe - node0-31.example.local close, node1-31.example.local bytes sent, node2-31.example.local bytes received, lifetime node3-31.example.local
[10.30 16:49:07] chrome.exe - node0-32.example.local close, node1-32.example.local bytes sent, node2-32.example.local bytes received, lifetime node3-32.example.local
[10.30 16:49:07] chrome.exe - node0-33.example.local close, node1-33.example.local bytes sent, node2-33.example.local bytes received, lifetime node3-33.example.local
[10.30 16:49:07] chrome.exe - node0-34.example.local close, node1-34.example.local bytes sent, node2-34.example.local bytes received, lifetime node3-34.example.local
[10.30 16:49:07] chrome.exe - node0-35.example.local close, node1-35.example.local bytes sent, node2-35.example.local bytes received, lifetime node3-35.example.local
[10.30 16:49:07] chrome.exe - node0-36.example.local close, node1-36.example.local bytes sent, node2-36.example.local bytes received, lifetime node3-36.example.local
[10.30 16:49:07] chrome.exe - node0-37.example.local close, node1-37.example.local bytes sent, node2-37.example.local bytes received, lifetime node3-37.example.local
[10.30 16:49:07] chrome.exe - node0-38.example.local close, node1-38.example.local bytes sent, node2-38.example.local bytes received, lifetime node3-38.example.local
[10.30 16:49:07] chrome.exe - node0-39.example.local close, node1-39.example.local bytes sent, node2-39.example.local bytes received, lifetime node3-39.example.local
[10.30 16:49:07] chrome.exe - node0-40.example.local close, node1-40.example.local bytes sent, node2-40.example.local bytes received, lifetime node3-40.example.local
[10.30 17:02:17] putty.exe - node0-0.example.local:node1-0.example.local open through proxy node2-0.example.local:node3-0.example.local SOCKS5
[10.30 17:02:17] putty.exe - node0-0.example.local:node1-0.example.local open through proxy node2-0.example.local:node3-0.example.local SOCKS5
[10.30 17:02:17] putty.exe - node0-0.example.local:node1-0.example.local open through proxy node2-0.example.local:node3-0.example.local SOCKS5
[10.30 17:02:17] putty.exe - node0-0.example.local:node1-0.example.local open through proxy node2-0.example.local:node3-0.example.local SOCKS5
[10.30 17:02:17] putty.exe - node0-0.example.local:node1-0.example.local open through proxy node2-0.example.local:node3-0.example.local SOCKS5
[10.30 17:02:17] putty.exe - node0-0.example.local:node1-0.example.local open through proxy node2-0.example.local:node3-0.example.local SOCKS5
[10.30 17:02:17] putty.exe - node0-0.example.local:node1-0.example.local open through proxy node2-0.example.local:node3-0.example.local SOCKS5
[10.30 17:02:17] putty.exe - node0-0.example.local:node1-0.example.local open through proxy node2-0.example.local:node3-0.example.local SOCKS5
[10.30 17:02:17] putty.exe - node0-0.example.local:node1-0.example.local open through proxy node2-0.example.local:node3-0.example.local SOCKS5
[10.30 17:02:17] putty.exe - node0-0.example.local:node1-0.example.local open through proxy node2-0.example.local:node3-0.example.local SOCKS5
[10.30 17:02:17] putty.exe - node0-0.example.local:node1-0.example.local open through proxy node2-0.example.local:node3-0.example.local SOCKS5
[10.30 17:02:17] putty.exe - node0-0.example.local:node1-0.example.local open through proxy node2-0.example.local:node3-0.example.local SOCKS5
[10.30 17:02:17] putty.exe - node0-0.example.local:node1-0.example.local open through proxy node2-0.example.local:node3-0.example.local SOCKS5
[10.30 17:02:17] putty.exe - node0-0.example.local:node1-0.example.local open through proxy node2-0.example.local:node3-0.example.local SOCKS5
[10.30 17:02:17] putty.exe - node0-0.example.local:node1-0.example.local open through proxy node2-0.example.local:node3-0.example.local SOCKS5
[10.30 17:02:17] putty.exe - node0-1.example.local:node1-1.example.local open through proxy node2-1.example.local:node3-1.example.local SOCKS5
[10.30 17:02:17] putty.exe - node0-1.example.local:node1-1.example.local open through proxy node2-1.example.local:node3-1.example.local SOCKS5
[10.30 17:02:17] putty.exe - node0-2.example.local:node1-2.example.local open through proxy node2-2.example.local:node3-2.example.local SOCKS5
[10.30 17:02:17] putty.exe - node0-2.example.local:node1-2.example.local open through proxy node2-2.example.local:node3-2.example.local SOCKS5
[10.30 17:02:17] putty.exe - node0-3.example.local:node1-3.example.local open through proxy node2-3.example.local:node3-3.example.local SOCKS5
[10.30 17:02:17] putty.exe - node0-3.example.local:node1-3.example.local open through proxy node2-3.example.local:node3-3.example.local SOCKS5
[10.30 17:02:17] putty.exe - node0-4.example.local:node1-4.example.local open through proxy node2-4.example.local:node3-4.example.local SOCKS5
[10.30 17:02:17] putty.exe - node0-4.example.local:node1-4.example.local open through proxy node2-4.example.local:node3-4.example.local SOCKS5
[10.30 17:02:17] putty.exe - node0-5.example.local:node1-5.example.local open through proxy node2-5.example.local:node3-5.example.local SOCKS5
[10.30 17:02:17] putty.exe - node0-5.example.local:node1-5.example.local open through proxy node2-5.example.local:node3-5.example.local SOCKS5
[10.30 17:02:17] putty.exe - node0-6.example.local:node1-6.example.local open through proxy node2-6.example.local:node3-6.example.local SOCKS5
[10.30 17:02:17] putty.exe - node0-6.example.local:node1-6.example.local open through proxy node2-6.example.local:node3-6.example.local SOCKS5
[10.30 17:02:17] putty.exe - node0-7.example.local:node1-7.example.local open through proxy node2-7.example.local:node3-7.example.local SOCKS5
[10.30 17:02:17] putty.exe - node0-7.example.local:node1-7.example.local open through proxy node2-7.example.local:node3-7.example.local SOCKS5
[10.30 17:02:17] putty.exe - node0-8.example.local:node1-8.example.local open through proxy node2-8.example.local:node3-8.example.local SOCKS5
[10.30 17:02:17] putty.exe - node0-8.example.local:node1-8.example.local open through proxy node2-8.example.local:node3-8.example.local SOCKS5
[10.30 17:02:17] putty.exe - node0-9.example.local:node1-9.example.local open through proxy node2-9.example.local:node3-9.example.local SOCKS5
[10.30 17:02:17] putty.exe - node0-9.example.local:node1-9.example.local open through proxy node2-9.example.local:node3-9.example.local SOCKS5
[10.30 17:02:17] putty.exe - node0-10.example.local:node1-10.example.local open through proxy node2-10.example.local:node3-10.example.local SOCKS5
[10.30 17:02:17] putty.exe - node0-11.example.local:node1-11.example.local open through proxy node2-11.example.local:node3-11.example.local SOCKS5
[10.30 17:02:17] putty.exe - node0-12.example.local:node1-12.example.local open through proxy node2-12.example.local:node3-12.example.local SOCKS5
[10.30 17:02:17] putty.exe - node0-13.example.local:node1-13.example.local open through proxy node2-13.example.local:node3-13.example.local SOCKS5
[10.30 17:02:17] putty.exe - node0-14.example.local:node1-14.example.local open through proxy node2-14.example.local:node3-14.example.local SOCKS5
[10.30 17:02:17] putty.exe - node0-15.example.local:node1-15.example.local open through proxy node2-15.example.local:node3-15.example.local SOCKS5
[10.30 17:02:17] putty.exe - node0-16.example.local:node1-16.example.local open through proxy node2-16.example.local:node3-16.example.local SOCKS5
[10.30 17:02:17] putty.exe - node0-17.example.local:node1-17.example.local open through proxy node2-17.example.local:node3-17.example.local SOCKS5
[10.30 17:02:17] putty.exe - node0-18.example.local:node1-18.example.local open through proxy node2-18.example.local:node3-18.example.local SOCKS5
[10.30 17:02:17] putty.exe - node0-19.example.local:node1-19.example.local open through proxy node2-19.example.local:node3-19.example.local SOCKS5
[10.30 17:02:17] putty.exe - node0-20.example.local:node1-20.example.local open through proxy node2-20.example.local:node3-20.example.local SOCKS5
[10.30 17:02:17] putty.exe - node0-21.example.local:node1-21.example.local open through proxy node2-21.example.local:node3-21.example.local SOCKS5
[10.30 17:02:17] putty.exe - node0-22.example.local:node1-22.example.local open through proxy node2-22.example.local:node3-22.example.local SOCKS5
[10.30 17:02:17] putty.exe - node0-23.example.local:node1-23.example.local open through proxy node2-23.example.local:node3-23.example.local SOCKS5
[10.30 17:02:17] putty.exe - node0-24.example.local:node1-24.example.local open through proxy node2-24.example.local:node3-24.example.local SOCKS5
[10.30 17:02:17] putty.exe - node0-25.example.local:node1-25.example.local open through proxy node2-25.example.local:node3-25.example.local SOCKS5
[10.30 17:02:17] putty.exe - node0-26.example.local:node1-26.example.local open through proxy node2-26.example.local:node3-26.example.local SOCKS5
[10.30 17:02:17] putty.exe - node0-27.example.local:node1-27.example.local open through proxy node2-27.example.local:node3-27.example.local SOCKS5
[10.30 17:02:17] putty.exe - node0-28.example.local:node1-28.example.local open through proxy node2-28.example.local:node3-28.example.local SOCKS5
[10.30 17:02:17] putty.exe - node0-29.example.local:node1-29.example.local open through proxy node2-29.example.local:node3-29.example.local SOCKS5
[10.30 17:02:17] putty.exe - node0-30.example.local:node1-30.example.local open through proxy node2-30.example.local:node3-30.example.local SOCKS5
[10.30 17:02:17] putty.exe - node0-31.example.local:node1-31.example.local open through proxy node2-31.example.local:node3-31.example.local SOCKS5
[10.30 17:02:17] putty.exe - node0-32.example.local:node1-32.example.local open through proxy node2-32.example.local:node3-32.example.local SOCKS5
[10.30 17:02:17] putty.exe - node0-33.example.local:node1-33.example.local open through proxy node2-33.example.local:node3-33.example.local SOCKS5
[10.30 17:02:17] putty.exe - node0-34.example.local:node1-34.example.local open through proxy node2-34.example.local:node3-34.example.local SOCKS5
[10.30 17:02:17] putty.exe - node0-35.example.local:node1-35.example.local open through proxy node2-35.example.local:node3-35.example.local SOCKS5
[10.30 17:02:17] putty.exe - node0-36.example.local:node1-36.example.local open through proxy node2-36.example.local:node3-36.example.local SOCKS5
[10.30 17:02:17] putty.exe - node0-37.example.local:node1-37.example.local open through proxy node2-37.example.local:node3-37.example.local SOCKS5
[10.30 17:02:17] putty.exe - node0-38.example.local:node1-38.example.local open through proxy node2-38.example.local:node3-38.example.local SOCKS5
[10.30 17:02:17] putty.exe - node0-39.example.local:node1-39.example.local open through proxy node2-39.example.local:node3-39.example.local SOCKS5
[10.30 17:02:17] putty.exe - node0-40.example.local:node1-40.example.local open through proxy node2-40.example.local:node3-40.example.local SOCKS5
[10.30 17:16:10] QQ.exe - node0-0.example.local:node1-0.example.local error : Could not connect through proxy node2-0.example.local:node3-0.example.local - Proxy closed the connection unexpectedly. 
[10.30 17:16:10] QQ.exe - node0-0.example.local:node1-0.example.local error : Could not connect through proxy node2-0.example.local:node3-0.example.local - Proxy closed the connection unexpectedly. 
[10.30 17:16:10] QQ.exe - node0-0.example.local:node1-0.example.local error : Could not connect through proxy node2-0.example.local:node3-0.example.local - Proxy closed the connection unexpectedly. 
[10.30 17:16:10] QQ.exe - node0-0.example.local:node1-0.example.local error : Could not connect through proxy node2-0.example.local:node3-0.example.local - Proxy closed the connection unexpectedly. 
[10.30 17:16:10] QQ.exe - node0-0.example.local:node1-0.example.local error : Could not connect through proxy node2-0.example.local:node3-0.example.local - Proxy closed the connection unexpectedly. 
[10.30 17:16:10] QQ.exe - node0-0.example.local:node1-0.example.local error : Could not connect through proxy node2-0.example.local:node3-0.example.local - Proxy closed the connection unexpectedly. 
[10.30 17:16:10] QQ.exe - node0-0.example.local:node1-0.example.local error : Could not connect through proxy node2-0.example.local:node3-0.example.local - Proxy closed the connection unexpectedly. 
[10.30 17:16:10] QQ.exe - node0-0.example.local:node1-0.example.local error : Could not connect through proxy node2-0.example.local:node3-0.example.local - Proxy closed the connection unexpectedly. 
[10.30 17:16:10] QQ.exe - node0-0.example.local:node1-0.example.local error : Could not connect through proxy node2-0.example.local:node3-0.example.local - Proxy closed the connection unexpectedly. 
[10.30 17:16:10] QQ.exe - node0-0.example.local:node1-0.example.local error : Could not connect through proxy node2-0.example.local:node3-0.example.local - Proxy closed the connection unexpectedly. 
[10.30 17:16:10] QQ.exe - node0-0.example.local:node1-0.example.local error : Could not connect through proxy node2-0.example.local:node3-0.example.local - Proxy closed the connection unexpectedly. 
[10.30 17:16:10] QQ.exe - node0-0.example.local:node1-0.example.local error : Could not connect through proxy node2-0.example.local:node3-0.example.local - Proxy closed the connection unexpectedly. 
[10.30 17:16:10] QQ.exe - node0-0.example.local:node1-0.example.local error : Could not connect through proxy node2-0.example.local:node3-0.example.local - Proxy closed the connection unexpectedly. 
[10.30 17:16:10] QQ.exe - node0-0.example.local:node1-0.example.local error : Could not connect through proxy node2-0.example.local:node3-0.example.local - Proxy closed the connection unexpectedly. 
[10.30 17:16:10] QQ.exe - node0-0.example.local:node1-0.example.local error : Could not connect through proxy node2-0.example.local:node3-0.example.local - Proxy closed the connection unexpectedly. 
[10.30 17:16:10] QQ.exe - node0-1.example.local:node1-1.example.local error : Could not connect through proxy node2-1.example.local:node3-1.example.local - Proxy closed the connection unexpectedly. 
[10.30 17:16:10] QQ.exe - node0-1.example.local:node1-1.example.local error : Could not connect through proxy node2-1.example.local:node3-1.example.local - Proxy closed the connection unexpectedly. 
[10.30 17:16:10] QQ.exe - node0-2.example.local:node1-2.example.local error : Could not connect through proxy node2-2.example.local:node3-2.example.local - Proxy closed the connection unexpectedly. 
[10.30 17:16:10] QQ.exe - node0-2.example.local:node1-2.example.local error : Could not connect through proxy node2-2.example.local:node3-2.example.local - Proxy closed the connection unexpectedly. 
[10.30 17:16:10] QQ.exe - node0-3.example.local:node1-3.example.local error : Could not connect through proxy node2-3.example.local:node3-3.example.local - Proxy closed the connection unexpectedly. 
[10.30 17:16:10] QQ.exe - node0-3.example.local:node1-3.example.local error : Could not connect through proxy node2-3.example.local:node3-3.example.local - Proxy closed the connection unexpectedly. 
[10.30 17:16:10] QQ.exe - node0-4.example.local:node1-4.example.local error : Could not connect through proxy node2-4.example.local:node3-4.example.local - Proxy closed the connection unexpectedly. 
[10.30 17:16:10] QQ.exe - node0-4.example.local:node1-4.example.local error : Could not connect through proxy node2-4.example.local:node3-4.example.local - Proxy closed the connection unexpectedly. 
[10.30 17:16:10] QQ.exe - node0-5.example.local:node1-5.example.local error : Could not connect through proxy node2-5.example.local:node3-5.example.local - Proxy closed the connection unexpectedly. 
[10.30 17:16:10] QQ.exe - node0-5.example.local:node1-5.example.local error : Could not connect through proxy node2-5.example.local:node3-5.example.local - Proxy closed the connection unexpectedly. 
[10.30 17:16:10] QQ.exe - node0-6.example.local:node1-6.example.local error : Could not connect through proxy node2-6.example.local:node3-6.example.local - Proxy closed the connection unexpectedly. 
[10.30 17:16:10] QQ.exe - node0-6.example.local:node1-6.example.local error : Could not connect through proxy node2-6.example.local:node3-6.example.local - Proxy closed the connection unexpectedly. 
[10.30 17:16:10] QQ.exe - node0-7.example.local:node1-7.example.local error : Could not connect through proxy node2-7.example.local:node3-7.example.local - Proxy closed the connection unexpectedly. 
[10.30 17:16:10] QQ.exe - node0-7.example.local:node1-7.example.local error : Could not connect through proxy node2-7.example.local:node3-7.example.local - Proxy closed the connection unexpectedly. 
[10.30 17:16:10] QQ.exe - node0-8.example.local:node1-8.example.local error : Could not connect through proxy node2-8.example.local:node3-8.example.local - Proxy closed the connection unexpectedly. 
[10.30 17:16:10] QQ.exe - node0-8.example.local:node1-8.example.local error : Could not connect through proxy node2-8.example.local:node3-8.example.local - Proxy closed the connection unexpectedly. 
[10.30 17:16:10] QQ.exe - node0-9.example.local:node1-9.example.local error : Could not connect through proxy node2-9.example.local:node3-9.example.local - Proxy closed the connection unexpectedly. 
[10.30 17:16:10] QQ.exe - node0-9.example.local:node1-9.example.local error : Could not connect through proxy node2-9.example.local:node3-9.example.local - Proxy closed the connection unexpectedly. 
[10.30 17:16:10] QQ.exe - node0-10.example.local:node1-10.example.local error : Could not connect through proxy node2-10.example.local:node3-10.example.local - Proxy closed the connection unexpectedly. 
[10.30 17:16:10] QQ.exe - node0-11.example.local:node1-11.example.local error : Could not connect through proxy node2-11.example.local:node3-11.example.local - Proxy closed the connection unexpectedly. 
[10.30 17:16:10] QQ.exe - node0-12.example.local:node1-12.example.local error : Could not connect through proxy node2-12.example.local:node3-12.example.local - Proxy closed the connection unexpectedly. 
[10.30 17:16:10] QQ.exe - node0-13.example.local:node1-13.example.local error : Could not connect through proxy node2-13.example.local:node3-13.example.local - Proxy closed the connection unexpectedly. 
[10.30 17:16:10] QQ.exe - node0-14.example.local:node1-14.example.local error : Could not connect through proxy node2-14.example.local:node3-14.example.local - Proxy closed the connection unexpectedly. 
[10.30 17:16:10] QQ.exe - node0-15.example.local:node1-15.example.local error : Could not connect through proxy node2-15.example.local:node3-15.example.local - Proxy closed the connection unexpectedly. 
[10.30 17:16:10] QQ.exe - node0-16.example.local:node1-16.example.local error : Could not connect through proxy node2-16.example.local:node3-16.example.local - Proxy closed the connection unexpectedly. 
[10.30 17:16:10] QQ.exe - node0-17.example.local:node1-17.example.local error : Could not connect through proxy node2-17.example.local:node3-17.example.local - Proxy closed the connection unexpectedly. 
[10.30 17:16:10] QQ.exe - node0-18.example.local:node1-18.example.local error : Could not connect through proxy node2-18.example.local:node3-18.example.local - Proxy closed the connection unexpectedly. 
[10.30 17:16:10] QQ.exe - node0-19.example.local:node1-19.example.local error : Could not connect through proxy node2-19.example.local:node3-19.example.local - Proxy closed the connection unexpectedly. 
[10.30 17:16:10] QQ.exe - node0-20.example.local:node1-20.example.local error : Could not connect through proxy node2-20.example.local:node3-20.example.local - Proxy closed the connection unexpectedly. 
[10.30 17:16:10] QQ.exe - node0-21.example.local:node1-21.example.local error : Could not connect through proxy node2-21.example.local:node3-21.example.local - Proxy closed the connection unexpectedly. 
[10.30 17:16:10] QQ.exe - node0-22.example.local:node1-22.example.local error : Could not connect through proxy node2-22.example.local:node3-22.example.local - Proxy closed the connection unexpectedly. 
[10.30 17:16:10] QQ.exe - node0-23.example.local:node1-23.example.local error : Could not connect through proxy node2-23.example.local:node3-23.example.local - Proxy closed the connection unexpectedly. 
[10.30 17:16:10] QQ.exe - node0-24.example.local:node1-24.example.local error : Could not connect through proxy node2-24.example.local:node3-24.example.local - Proxy closed the connection unexpectedly. 
[10.30 17:16:10] QQ.exe - node0-25.example.local:node1-25.example.local error : Could not connect through proxy node2-25.example.local:node3-25.example.local - Proxy closed the connection unexpectedly. 
[10.30 17:16:10] QQ.exe - node0-26.example.local:node1-26.example.local error : Could not connect through proxy node2-26.example.local:node3-26.example.local - Proxy closed the connection unexpectedly. 
[10.30 17:16:10] QQ.exe - node0-27.example.local:node1-27.example.local error : Could not connect through proxy node2-27.example.local:node3-27.example.local - Proxy closed the connection unexpectedly. 
[10.30 17:16:10] QQ.exe - node0-28.example.local:node1-28.example.local error : Could not connect through proxy node2-28.example.local:node3-28.example.local - Proxy closed the connection unexpectedly. 
[10.30 17:16:10] QQ.exe - node0-29.example.local:node1-29.example.local error : Could not connect through proxy node2-29.example.local:node3-29.example.local - Proxy closed the connection unexpectedly. 
[10.30 17:16:10] QQ.exe - node0-30.example.local:node1-30.example.local error : Could not connect through proxy node2-30.example.local:node3-30.example.local - Proxy closed the connection unexpectedly. 
[10.30 17:16:10] QQ.exe - node0-31.example.local:node1-31.example.local error : Could not connect through proxy node2-31.example.local:node3-31.example.local - Proxy closed the connection unexpectedly. 
[10.30 17:16:10] QQ.exe - node0-32.example.local:node1-32.example.local error : Could not connect through proxy node2-32.example.local:node3-32.example.local - Proxy closed the connection unexpectedly. 
[10.30 17:16:10] QQ.exe - node0-33.example.local:node1-33.example.local error : Could not connect through proxy node2-33.example.local:node3-33.example.local - Proxy closed the connection unexpectedly. 
[10.30 17:16:10] QQ.exe - node0-34.example.local:node1-34.example.local error : Could not connect through proxy node2-34.example.local:node3-34.example.local - Proxy closed the connection unexpectedly. 
[10.30 17:16:10] QQ.exe - node0-35.example.local:node1-35.example.local error : Could not connect through proxy node2-35.example.local:node3-35.example.local - Proxy closed the connection unexpectedly. 
[10.30 17:16:10] QQ.exe - node0-36.example.local:node1-36.example.local error : Could not connect through proxy node2-36.example.local:node3-36.example.local - Proxy closed the connection unexpectedly. 
[10.30 17:16:10] QQ.exe - node0-37.example.local:node1-37.example.local error : Could not connect through proxy node2-37.example.local:node3-37.example.local - Proxy closed the connection unexpectedly. 
[10.30 17:16:10] QQ.exe - node0-38.example.local:node1-38.example.local error : Could not connect through proxy node2-38.example.local:node3-38.example.local - Proxy closed the connection unexpectedly. 
[10.30 17:16:10] QQ.exe - node0-39.example.local:node1-39.example.local error : Could not connect through proxy node2-39.example.local:node3-39.example.local - Proxy closed the connection unexpectedly. 
[10.30 17:16:10] QQ.exe - node0-40.example.local:node1-40.example.local error : Could not connect through proxy node2-40.example.local:node3-40.example.local - Proxy closed the connection unexpectedly. 
[07.26 17:23:51] WeChat.exe - node0-0.example.local:node1-0.example.local error : Could not connect to proxy node2-0.example.local:node3-0.example.local - Could not resolve node4-0.example.local error node5-0.example.local
[07.26 17:23:51] WeChat.exe - node0-0.example.local:node1-0.example.local error : Could not connect to proxy node2-0.example.local:node3-0.example.local - Could not resolve node4-0.example.local error node5-0.example.local
[07.26 17:23:51] WeChat.exe - node0-0.example.local:node1-0.example.local error : Could not connect to proxy node2-0.example.local:node3-0.example.local - Could not resolve node4-0.example.local error node5-0.example.local
[07.26 17:23:51] WeChat.exe - node0-0.example.local:node1-0.example.local error : Could not connect to proxy node2-0.example.local:node3-0.example.local - Could not resolve node4-0.example.local error node5-0.example.local
[07.26 17:23:51] WeChat.exe - node0-0.example.local:node1-0.example.local error : Could not connect to proxy node2-0.example.local:node3-0.example.local - Could not resolve node4-0.example.local error node5-0.example.local
[07.26 17:23:51] WeChat.exe - node0-0.example.local:node1-0.example.local error : Could not connect to proxy node2-0.example.local:node3-0.example.local - Could not resolve node4-0.example.local error node5-0.example.local
[07.26 17:23:51] WeChat.exe - node0-0.example.local:node1-0.example.local error : Could not connect to proxy node2-0.example.local:node3-0.example.local - Could not resolve node4-0.example.local error node5-0.example.local
[07.26 17:23:51] WeChat.exe - node0-0.example.local:node1-0.example.local error : Could not connect to proxy node2-0.example.local:node3-0.example.local - Could not resolve node4-0.example.local error node5-0.example.local
[07.26 17:23:51] WeChat.exe - node0-0.example.local:node1-0.example.local error : Could not connect to proxy node2-0.example.local:node3-0.example.local - Could not resolve node4-0.example.local error node5-0.example.local
[07.26 17:23:51] WeChat.exe - node0-0.example.local:node1-0.example.local error : Could not connect to proxy node2-0.example.local:node3-0.example.local - Could not resolve node4-0.example.local error node5-0.example.local
[07.26 17:23:51] WeChat.exe - node0-0.example.local:node1-0.example.local error : Could not connect to proxy node2-0.example.local:node3-0.example.local - Could not resolve node4-0.example.local error node5-0.example.local
[07.26 17:23:51] WeChat.exe - node0-0.example.local:node1-0.example.local error : Could not connect to proxy node2-0.example.local:node3-0.example.local - Could not resolve node4-0.example.local error node5-0.example.local
[07.26 17:23:51] WeChat.exe - node0-0.example.local:node1-0.example.local error : Could not connect to proxy node2-0.example.local:node3-0.example.local - Could not resolve node4-0.example.local error node5-0.example.local
[07.26 17:23:51] WeChat.exe - node0-0.example.local:node1-0.example.local error : Could not connect to proxy node2-0.example.local:node3-0.example.local - Could not resolve node4-0.example.local error node5-0.example.local
[07.26 17:23:51] WeChat.exe - node0-0.example.local:node1-0.example.local error : Could not connect to proxy node2-0.example.local:node3-0.example.local - Could not resolve node4-0.example.local error node5-0.example.local
[07.26 17:23:51] WeChat.exe - node0-1.example.local:node1-1.example.local error : Could not connect to proxy node2-1.example.local:node3-1.example.local - Could not resolve node4-1.example.local error node5-1.example.local
[07.26 17:23:51] WeChat.exe - node0-1.example.local:node1-1.example.local error : Could not connect to proxy node2-1.example.local:node3-1.example.local - Could not resolve node4-1.example.local error node5-1.example.local
[07.26 17:23:51] WeChat.exe - node0-2.example.local:node1-2.example.local error : Could not connect to proxy node2-2.example.local:node3-2.example.local - Could not resolve node4-2.example.local error node5-2.example.local
[07.26 17:23:51] WeChat.exe - node0-2.example.local:node1-2.example.local error : Could not connect to proxy node2-2.example.local:node3-2.example.local - Could not resolve node4-2.example.local error node5-2.example.local
[07.26 17:23:51] WeChat.exe - node0-3.example.local:node1-3.example.local error : Could not connect to proxy node2-3.example.local:node3-3.example.local - Could not resolve node4-3.example.local error node5-3.example.local
[07.26 17:23:51] WeChat.exe - node0-3.example.local:node1-3.example.local error : Could not connect to proxy node2-3.example.local:node3-3.example.local - Could not resolve node4-3.example.local error node5-3.example.local
[07.26 17:23:51] WeChat.exe - node0-4.example.local:node1-4.example.local error : Could not connect to proxy node2-4.example.local:node3-4.example.local - Could not resolve node4-4.example.local error node5-4.example.local
[07.26 17:23:51] WeChat.exe - node0-4.example.local:node1-4.example.local error : Could not connect to proxy node2-4.example.local:node3-4.example.local - Could not resolve node4-4.example.local error node5-4.example.local
[07.26 17:23:51] WeChat.exe - node0-5.example.local:node1-5.example.local error : Could not connect to proxy node2-5.example.local:node3-5.example.local - Could not resolve node4-5.example.local error node5-5.example.local
[07.26 17:23:51] WeChat.exe - node0-5.example.local:node1-5.example.local error : Could not connect to proxy node2-5.example.local:node3-5.example.local - Could not resolve node4-5.example.local error node5-5.example.local
[07.26 17:23:51] WeChat.exe - node0-6.example.local:node1-6.example.local error : Could not connect to proxy node2-6.example.local:node3-6.example.local - Could not resolve node4-6.example.local error node5-6.example.local
[07.26 17:23:51] WeChat.exe - node0-6.example.local:node1-6.example.local error : Could not connect to proxy node2-6.example.local:node3-6.example.local - Could not resolve node4-6.example.local error node5-6.example.local
[07.26 17:23:51] WeChat.exe - node0-7.example.local:node1-7.example.local error : Could not connect to proxy node2-7.example.local:node3-7.example.local - Could not resolve node4-7.example.local error node5-7.example.local
[07.26 17:23:51] WeChat.exe - node0-7.example.local:node1-7.example.local error : Could not connect to proxy node2-7.example.local:node3-7.example.local - Could not resolve node4-7.example.local error node5-7.example.local
[07.26 17:23:51] WeChat.exe - node0-8.example.local:node1-8.example.local error : Could not connect to proxy node2-8.example.local:node3-8.example.local - Could not resolve node4-8.example.local error node5-8.example.local
[07.26 17:23:51] WeChat.exe - node0-8.example.local:node1-8.example.local error : Could not connect to proxy node2-8.example.local:node3-8.example.local - Could not resolve node4-8.example.local error node5-8.example.local
[07.26 17:23:51] WeChat.exe - node0-9.example.local:node1-9.example.local error : Could not connect to proxy node2-9.example.local:node3-9.example.local - Could not resolve node4-9.example.local error node5-9.example.local
[07.26 17:23:51] WeChat.exe - node0-9.example.local:node1-9.example.local error : Could not connect to proxy node2-9.example.local:node3-9.example.local - Could not resolve node4-9.example.local error node5-9.example.local
[07.26 17:23:51] WeChat.exe - node0-10.example.local:node1-10.example.local error : Could not connect to proxy node2-10.example.local:node3-10.example.local - Could not resolve node4-10.example.local error node5-10.example.local
[07.26 17:23:51] WeChat.exe - node0-11.example.local:node1-11.example.local error : Could not connect to proxy node2-11.example.local:node3-11.example.local - Could not resolve node4-11.example.local error node5-11.example.local
[07.26 17:23:51] WeChat.exe - node0-12.example.local:node1-12.example.local error : Could not connect to proxy node2-12.example.local:node3-12.example.local - Could not resolve node4-12.example.local error node5-12.example.local
[07.26 17:23:51] WeChat.exe - node0-13.example.local:node1-13.example.local error : Could not connect to proxy node2-13.example.local:node3-13.example.local - Could not resolve node4-13.example.local error node5-13.example.local
[07.26 17:23:51] WeChat.exe - node0-14.example.local:node1-14.example.local error : Could not connect to proxy node2-14.example.local:node3-14.example.local - Could not resolve node4-14.example.local error node5-14.example.local
[07.26 17:23:51] WeChat.exe - node0-15.example.local:node1-15.example.local error : Could not connect to proxy node2-15.example.local:node3-15.example.local - Could not resolve node4-15.example.local error node5-15.example.local
[07.26 17:23:51] WeChat.exe - node0-16.example.local:node1-16.example.local error : Could not connect to proxy node2-16.example.local:node3-16.example.local - Could not resolve node4-16.example.local error node5-16.example.local
[07.26 17:23:51] WeChat.exe - node0-17.example.local:node1-17.example.local error : Could not connect to proxy node2-17.example.local:node3-17.example.local - Could not resolve node4-17.example.local error node5-17.example.local
[07.26 17:23:51] WeChat.exe - node0-18.example.local:node1-18.example.local error : Could not connect to proxy node2-18.example.local:node3-18.example.local - Could not resolve node4-18.example.local error node5-18.example.local
[07.26 17:23:51] WeChat.exe - node0-19.example.local:node1-19.example.local error : Could not connect to proxy node2-19.example.local:node3-19.example.local - Could not resolve node4-19.example.local error node5-19.example.local
[07.26 17:23:51] WeChat.exe - node0-20.example.local:node1-20.example.local error : Could not connect to proxy node2-20.example.local:node3-20.example.local - Could not resolve node4-20.example.local error node5-20.example.local
[07.26 17:23:51] WeChat.exe - node0-21.example.local:node1-21.example.local error : Could not connect to proxy node2-21.example.local:node3-21.example.local - Could not resolve node4-21.example.local error node5-21.example.local
[07.26 17:23:51] WeChat.exe - node0-22.example.local:node1-22.example.local error : Could not connect to proxy node2-22.example.local:node3-22.example.local - Could not resolve node4-22.example.local error node5-22.example.local
[07.26 17:23:51] WeChat.exe - node0-23.example.local:node1-23.example.local error : Could not connect to proxy node2-23.example.local:node3-23.example.local - Could not resolve node4-23.example.local error node5-23.example.local
[07.26 17:23:51] WeChat.exe - node0-24.example.local:node1-24.example.local error : Could not connect to proxy node2-24.example.local:node3-24.example.local - Could not resolve node4-24.example.local error node5-24.example.local
[07.26 17:23:51] WeChat.exe - node0-25.example.local:node1-25.example.local error : Could not connect to proxy node2-25.example.local:node3-25.example.local - Could not resolve node4-25.example.local error node5-25.example.local
[07.26 17:23:51] WeChat.exe - node0-26.example.local:node1-26.example.local error : Could not connect to proxy node2-26.example.local:node3-26.example.local - Could not resolve node4-26.example.local error node5-26.example.local
[07.26 17:23:51] WeChat.exe - node0-27.example.local:node1-27.example.local error : Could not connect to proxy node2-27.example.local:node3-27.example.local - Could not resolve node4-27.example.local error node5-27.example.local
[07.26 17:23:51] WeChat.exe - node0-28.example.local:node1-28.example.local error : Could not connect to proxy node2-28.example.local:node3-28.example.local - Could not resolve node4-28.example.local error node5-28.example.local
[07.26 17:23:51] WeChat.exe - node0-29.example.local:node1-29.example.local error : Could not connect to proxy node2-29.example.local:node3-29.example.local - Could not resolve node4-29.example.local error node5-29.example.local
[07.26 17:23:51] WeChat.exe - node0-30.example.local:node1-30.example.local error : Could not connect to proxy node2-30.example.local:node3-30.example.local - Could not resolve node4-30.example.local error node5-30.example.local
[07.26 17:23:51] WeChat.exe - node0-31.example.local:node1-31.example.local error : Could not connect to proxy node2-31.example.local:node3-31.example.local - Could not resolve node4-31.example.local error node5-31.example.local
[07.26 17:23:51] WeChat.exe - node0-32.example.local:node1-32.example.local error : Could not connect to proxy node2-32.example.local:node3-32.example.local - Could not resolve node4-32.example.local error node5-32.example.local
[07.26 17:23:51] WeChat.exe - node0-33.example.local:node1-33.example.local error : Could not connect to proxy node2-33.example.local:node3-33.example.local - Could not resolve node4-33.example.local error node5-33.example.local
[07.26 17:23:51] WeChat.exe - node0-34.example.local:node1-34.example.local error : Could not connect to proxy node2-34.example.local:node3-34.example.local - Could not resolve node4-34.example.local error node5-34.example.local
[07.26 17:23:51] WeChat.exe - node0-35.example.local:node1-35.example.local error : Could not connect to proxy node2-35.example.local:node3-35.example.local - Could not resolve node4-35.example.local error node5-35.example.local
[07.26 17:23:51] WeChat.exe - node0-36.example.local:node1-36.example.local error : Could not connect to proxy node2-36.example.local:node3-36.example.local - Could not resolve node4-36.example.local error node5-36.example.local
[07.26 17:23:51] WeChat.exe - node0-37.example.local:node1-37.example.local error : Could not connect to proxy node2-37.example.local:node3-37.example.local - Could not resolve node4-37.example.local error node5-37.example.local
[07.26 17:23:51] WeChat.exe - node0-38.example.local:node1-38.example.local error : Could not connect to proxy node2-38.example.local:node3-38.example.local - Could not resolve node4-38.example.local error node5-38.example.local
[07.26 17:23:51] WeChat.exe - node0-39.example.local:node1-39.example.local error : Could not connect to proxy node2-39.example.local:node3-39.example.local - Could not resolve node4-39.example.local error node5-39.example.local
[07.26 17:23:51] WeChat.exe - node0-40.example.local:node1-40.example.local error : Could not connect to proxy node2-40.example.local:node3-40.example.local - Could not resolve node4-40.example.local error node5-40.example.local
[10.30 18:00:12] FlashPlayerPlugin_18_0_0_209.exe - aaalpha:bbalpha error : Could not connect through proxy ccalpha:ddalpha - Proxy server cannot establish a connection with the target, status code eealpha
[10.30 18:00:12] FlashPlayerPlugin_18_0_0_209.exe - aaalpha:bbalpha error : Could not connect through proxy ccalpha:ddalpha - Proxy server cannot establish a connection with the target, status code eealpha
[10.30 18:00:12] FlashPlayerPlugin_18_0_0_209.exe - aaalpha:bbalpha error : Could not connect through proxy ccalpha:ddalpha - Proxy server cannot establish a connection with the target, status code eealpha
[10.30 18:00:12] FlashPlayerPlugin_18_0_0_209.exe - aaalpha:bbalpha error : Could not connect through proxy ccalpha:ddalpha - Proxy server cannot establish a connection with the target, status code eealpha
[10.30 18:00:12] FlashPlayerPlugin_18_0_0_209.exe - aaalpha:bbalpha error : Could not connect through proxy ccalpha:ddalpha - Proxy server cannot establish a connection with the target, status code eealpha
[10.30 18:00:12] FlashPlayerPlugin_18_0_0_209.exe - aaalpha:bbalpha error : Could not connect through proxy ccalpha:ddalpha - Proxy server cannot establish a connection with the target, status code eealpha
[10.30 18:00:12] FlashPlayerPlugin_18_0_0_209.exe - aaalpha:bbalpha error : Could not connect through proxy ccalpha:ddalpha - Proxy server cannot establish a connection with the target, status code eealpha
[10.30 18:00:12] FlashPlayerPlugin_18_0_0_209.exe - aaalpha:bbalpha error : Could not connect through proxy ccalpha:ddalpha - Proxy server cannot establish a connection with the target, status code eealpha
[10.30 18:00:12] FlashPlayerPlugin_18_0_0_209.exe - aaalpha:bbalpha error : Could not connect through proxy ccalpha:ddalpha - Proxy server cannot establish a connection with the target, status code eealpha
[10.30 18:00:12] FlashPlayerPlugin_18_0_0_209.exe - aaalpha:bbalpha error : Could not connect through proxy ccalpha:ddalpha - Proxy server cannot establish a connection with the target, status code eealpha
[10.30 18:00:12] FlashPlayerPlugin_18_0_0_209.exe - aaalpha:bbalpha error : Could not connect through proxy ccalpha:ddalpha - Proxy server cannot establish a connection with the target, status code eealpha
[10.30 18:00:12] FlashPlayerPlugin_18_0_0_209.exe - aaalpha:bbalpha error : Could not connect through proxy ccalpha:ddalpha - Proxy server cannot establish a connection with the target, status code eealpha
[10.30 18:00:12] FlashPlayerPlugin_18_0_0_209.exe - aaalpha:bbalpha error : Could not connect through proxy ccalpha:ddalpha - Proxy server cannot establish a connection with the target, status code eealpha
[10.30 18:00:12] FlashPlayerPlugin_18_0_0_209.exe - aaalpha:bbalpha error : Could not connect through proxy ccalpha:ddalpha - Proxy server cannot establish a connection with the target, status code eealpha
[10.30 18:00:12] FlashPlayerPlugin_18_0_0_209.exe - aaalpha:bbalpha error : Could not connect through proxy ccalpha:ddalpha - Proxy server cannot establish a connection with the target, status code eealpha
[10.30 18:00:12] FlashPlayerPlugin_18_0_0_209.exe - aaalpha:bbalpha error : Could not connect through proxy ccalpha:ddalpha - Proxy server cannot establish a connection with the target, status code eealpha
[10.30 18:00:12] FlashPlayerPlugin_18_0_0_209.exe - aaalpha:bbalpha error : Could not connect through proxy ccalpha:ddalpha - Proxy server cannot establish a connection with the target, status code eealpha
[10.30 18:00:12] FlashPlayerPlugin_18_0_0_209.exe - aaalpha:bbalpha error : Could not connect through proxy ccalpha:ddalpha - Proxy server cannot establish a connection with the target, status code eealpha
[10.30 18:00:12] FlashPlayerPlugin_18_0_0_209.exe - aaalpha:bbalpha error : Could not connect through proxy ccalpha:ddalpha - Proxy server cannot establish a connection with the target, status code eealpha
[10.30 18:00:12] FlashPlayerPlugin_18_0_0_209.exe - aaalpha:bbalpha error : Could not connect through proxy ccalpha:ddalpha - Proxy server cannot establish a connection with the target, status code eealpha
[10.30 18:00:12] FlashPlayerPlugin_18_0_0_209.exe - aaalpha:bbalpha error : Could not connect through proxy ccalpha:ddalpha - Proxy server cannot establish a connection with the target, status code eealpha
[10.30 18:00:12] FlashPlayerPlugin_18_0_0_209.exe - aaalpha:bbalpha error : Could not connect through proxy ccalpha:ddalpha - Proxy server cannot establish a connection with the target, status code eealpha
[10.30 18:00:12] FlashPlayerPlugin_18_0_0_209.exe - aaalpha:bbalpha error : Could not connect through proxy ccalpha:ddalpha - Proxy server cannot establish a connection with the target, status code eealpha
[10.30 18:00:12] FlashPlayerPlugin_18_0_0_209.exe - aaalpha:bbalpha error : Could not connect through proxy ccalpha:ddalpha - Proxy server cannot establish a connection with the target, status code eealpha
[10.30 18:00:12] FlashPlayerPlugin_18_0_0_209.exe - aaalpha:bbalpha error : Could not connect through proxy ccalpha:ddalpha - Proxy server cannot establish a connection with the target, status code eealpha
[10.30 18:00:12] FlashPlayerPlugin_18_0_0_209.exe - aaalpha:bbalpha error : Could not connect through proxy ccalpha:ddalpha - Proxy server cannot establish a connection with the target, status code eealpha
[10.30 18:00:12] FlashPlayerPlugin_18_0_0_209.exe - aaalpha:bbalpha error : Could not connect through proxy ccalpha:ddalpha - Proxy server cannot establish a connection with the target, status code eealpha
[10.30 18:00:12] FlashPlayerPlugin_18_0_0_209.exe - aaalpha:bbalpha error : Could not connect through proxy ccalpha:ddalpha - Proxy server cannot establish a connection with the target, status code eealpha
[10.30 18:00:12] FlashPlayerPlugin_18_0_0_209.exe - aaalpha:bbalpha error : Could not connect through proxy ccalpha:ddalpha - Proxy server cannot establish a connection with the target, status code eealpha
[10.30 18:00:12] FlashPlayerPlugin_18_0_0_209.exe - aaalpha:bbalpha error : Could not connect through proxy ccalpha:ddalpha - Proxy server cannot establish a connection with the target, status code eealpha
[10.30 18:00:12] FlashPlayerPlugin_18_0_0_209.exe - aaalpha:bbalpha error : Could not connect through proxy ccalpha:ddalpha - Proxy server cannot establish a connection with the target, status code eealpha
[10.30 18:00:12] FlashPlayerPlugin_18_0_0_209.exe - aaalpha:bbalpha error : Could not connect through proxy ccalpha:ddalpha - Proxy server cannot establish a connection with the target, status code eealpha
[10.30 18:00:12] FlashPlayerPlugin_18_0_0_209.exe - aaalpha:bbalpha error : Could not connect through proxy ccalpha:ddalpha - Proxy server cannot establish a connection with the target, status code eealpha
[10.30 18:00:12] FlashPlayerPlugin_18_0_0_209.exe - aaalpha:bbalpha error : Could not connect through proxy ccalpha:ddalpha - Proxy server cannot establish a connection with the target, status code eealpha
[10.30 18:00:12] FlashPlayerPlugin_18_0_0_209.exe - aaalpha:bbalpha error : Could not connect through proxy ccalpha:ddalpha - Proxy server cannot establish a connection with the target, status code eealpha
[10.30 18:00:12] FlashPlayerPlugin_18_0_0_209.exe - aaalpha:bbalpha error : Could not connect through proxy ccalpha:ddalpha - Proxy server cannot establish a connection with the target, status code eealpha
[10.30 18:00:12] FlashPlayerPlugin_18_0_0_209.exe - aaalpha:bbalpha error : Could not connect through proxy ccalpha:ddalpha - Proxy server cannot establish a connection with the target, status code eealpha
[10.30 18:00:12] FlashPlayerPlugin_18_0_0_209.exe - aaalpha:bbalpha error : Could not connect through proxy ccalpha:ddalpha - Proxy server cannot establish a connection with the target, status code eealpha
[10.30 18:00:12] FlashPlayerPlugin_18_0_0_209.exe - aaalpha:bbalpha error : Could not connect through proxy ccalpha:ddalpha - Proxy server cannot establish a connection with the target, status code eealpha
[10.30 18:00:12] FlashPlayerPlugin_18_0_0_209.exe - aaalpha:bbalpha error : Could not connect through proxy ccalpha:ddalpha - Proxy server cannot establish a connection with the target, status code eealpha
[10.30 18:00:12] FlashPlayerPlugin_18_0_0_209.exe - aaalpha:bbalpha error : Could not connect through proxy ccalpha:ddalpha - Proxy server cannot establish a connection with the target, status code eealpha
[10.30 18:00:12] FlashPlayerPlugin_18_0_0_209.exe - aaalpha:bbalpha error : Could not connect through proxy ccalpha:ddalpha - Proxy server cannot establish a connection with the target, status code eealpha
[10.30 18:00:12] FlashPlayerPlugin_18_0_0_209.exe - aaalpha:bbalpha error : Could not connect through proxy ccalpha:ddalpha - Proxy server cannot establish a connection with the target, status code eealpha
[10.30 18:00:12] FlashPlayerPlugin_18_0_0_209.exe - aaalpha:bbalpha error : Could not connect through proxy ccalpha:ddalpha - Proxy server cannot establish a connection with the target, status code eealpha
[10.30 18:00:12] FlashPlayerPlugin_18_0_0_209.exe - aaalpha:bbalpha error : Could not connect through proxy ccalpha:ddalpha - Proxy server cannot establish a connection with the target, status code eealpha
[10.30 18:00:12] FlashPlayerPlugin_18_0_0_209.exe - aaalpha:bbalpha error : Could not connect through proxy ccalpha:ddalpha - Proxy server cannot establish a connection with the target, status code eealpha
[10.30 18:00:12] FlashPlayerPlugin_18_0_0_209.exe - aaalpha:bbalpha error : Could not connect through proxy ccalpha:ddalpha - Proxy server cannot establish a connection with the target, status code eealpha
[10.30 18:00:12] FlashPlayerPlugin_18_0_0_209.exe - aaalpha:bbalpha error : Could not connect through proxy ccalpha:ddalpha - Proxy server cannot establish a connection with the target, status code eealpha
[10.30 18:00:12] FlashPlayerPlugin_18_0_0_209.exe - aaalpha:bbalpha error : Could not connect through proxy ccalpha:ddalpha - Proxy server cannot establish a connection with the target, status code eealpha
[10.30 18:00:12] FlashPlayerPlugin_18_0_0_209.exe - aaalpha:bbalpha error : Could not connect through proxy ccalpha:ddalpha - Proxy server cannot establish a connection with the target, status code eealpha
[10.30 18:00:12] FlashPlayerPlugin_18_0_0_209.exe - aaalpha:bbalpha error : Could not connect through proxy ccalpha:ddalpha - Proxy server cannot establish a connection with the target, status code eealpha
[10.30 18:00:12] FlashPlayerPlugin_18_0_0_209.exe - aaalpha:bbalpha error : Could not connect through proxy ccalpha:ddalpha - Proxy server cannot establish a connection with the target, status code eealpha
[10.30 18:00:12] FlashPlayerPlugin_18_0_0_209.exe - aaalpha:bbalpha error : Could not connect through proxy ccalpha:ddalpha - Proxy server cannot establish a connection with the target, status code eealpha
[10.30 18:00:12] FlashPlayerPlugin_18_0_0_209.exe - aaalpha:bbalpha error : Could not connect through proxy ccalpha:ddalpha - Proxy server cannot establish a connection with the target, status code eealpha
[10.30 18:00:12] FlashPlayerPlugin_18_0_0_209.exe - aaalpha:bbalpha error : Could not connect through proxy ccalpha:ddalpha - Proxy server cannot establish a connection with the target, status code eealpha
[10.30 18:00:12] FlashPlayerPlugin_18_0_0_209.exe - aaalpha:bbalpha error : Could not connect through proxy ccalpha:ddalpha - Proxy server cannot establish a connection with the target, status code eealpha
[10.30 18:00:12] FlashPlayerPlugin_18_0_0_209.exe - aaalpha:bbalpha error : Could not connect through proxy ccalpha:ddalpha - Proxy server cannot establish a connection with the target, status code eealpha
[10.30 18:00:12] FlashPlayerPlugin_18_0_0_209.exe - aaalpha:bbalpha error : Could not connect through proxy ccalpha:ddalpha - Proxy server cannot establish a connection with the target, status code eealpha
[10.30 18:00:12] FlashPlayerPlugin_18_0_0_209.exe - aaalpha:bbalpha error : Could not connect through proxy ccalpha:ddalpha - Proxy server cannot establish a connection with the target, status code eealpha
[10.30 18:00:12] FlashPlayerPlugin_18_0_0_209.exe - aaalpha:bbalpha error : Could not connect through proxy ccalpha:ddalpha - Proxy server cannot establish a connection with the target, status code eealpha
[10.30 18:00:12] FlashPlayerPlugin_18_0_0_209.exe - aaalpha:bbalpha error : Could not connect through proxy ccalpha:ddalpha - Proxy server cannot establish a connection with the target, status code eealpha
[10.30 18:00:12] FlashPlayerPlugin_18_0_0_209.exe - aaalpha:bbalpha error : Could not connect through proxy ccalpha:ddalpha - Proxy server cannot establish a connection with the target, status code eealpha
[10.30 18:00:12] FlashPlayerPlugin_18_0_0_209.exe - aaalpha:bbalpha error : Could not connect through proxy ccalpha:ddalpha - Proxy server cannot establish a connection with the target, status code eealpha
[10.30 18:00:12] FlashPlayerPlugin_18_0_0_209.exe - aaalpha:bbalpha error : Could not connect through proxy ccalpha:ddalpha - Proxy server cannot establish a connection with the target, status code eealpha
[10.30 17:15:42] QQ.exe - aaalpha:bbalpha error : A connection request was canceled before the completion.
[10.30 17:15:42] QQ.exe - aaalpha:bbalpha error : A connection request was canceled before the completion.
[10.30 17:15:42] QQ.exe - aaalpha:bbalpha error : A connection request was canceled before the completion.
[10.30 17:15:42] QQ.exe - aaalpha:bbalpha error : A connection request was canceled before the completion.
[10.30 17:15:42] QQ.exe - aaalpha:bbalpha error : A connection request was canceled before the completion.
[10.30 17:15:42] QQ.exe - aaalpha:bbalpha error : A connection request was canceled before the completion.
[10.30 17:15:42] QQ.exe - aaalpha:bbalpha error : A connection request was canceled before the completion.
[10.30 17:15:42] QQ.exe - aaalpha:bbalpha error : A connection request was canceled before the completion.
[10.30 17:15:42] QQ.exe - aaalpha:bbalpha error : A connection request was canceled before the completion.
[10.30 17:15:42] QQ.exe - aaalpha:bbalpha error : A connection request was canceled before the completion.
[10.30 17:15:42] QQ.exe - aaalpha:bbalpha error : A connection request was canceled before the completion.
[10.30 17:15:42] QQ.exe - aaalpha:bbalpha error : A connection request was canceled before the completion.
[10.30 17:15:42] QQ.exe - aaalpha:bbalpha error : A connection request was canceled before the completion.
[10.30 17:15:42] QQ.exe - aaalpha:bbalpha error : A connection request was canceled before the completion.
[10.30 17:15:42] QQ.exe - aaalpha:bbalpha error : A connection request was canceled before the completion.
[10.30 17:15:42] QQ.exe - aaalpha:bbalpha error : A connection request was canceled before the completion.
[10.30 17:15:42] QQ.exe - aaalpha:bbalpha error : A connection request was canceled before the completion.
[10.30 17:15:42] QQ.exe - aaalpha:bbalpha error : A connection request was canceled before the completion.
[10.30 17:15:42] QQ.exe - aaalpha:bbalpha error : A connection request was canceled before the completion.
[10.30 17:15:42] QQ.exe - aaalpha:bbalpha error : A connection request was canceled before the completion.
[10.30 17:15:42] QQ.exe - aaalpha:bbalpha error : A connection request was canceled before the completion.
[10.30 17:15:42] QQ.exe - aaalpha:bbalpha error : A connection request was canceled before the completion.
[10.30 17:15:42] QQ.exe - aaalpha:bbalpha error : A connection request was canceled before the completion.
[10.30 17:15:42] QQ.exe - aaalpha:bbalpha error : A connection request was canceled before the completion.
[10.30 17:15:42] QQ.exe - aaalpha:bbalpha error : A connection request was canceled before the completion.
[10.30 17:15:42] QQ.exe - aaalpha:bbalpha error : A connection request was canceled before the completion.
[10.30 17:15:42] QQ.exe - aaalpha:bbalpha error : A connection request was canceled before the completion.
[10.30 17:15:42] QQ.exe - aaalpha:bbalpha error : A connection request was canceled before the completion.
[10.30 17:15:42] QQ.exe - aaalpha:bbalpha error : A connection request was canceled before the completion.
[10.30 17:15:42] QQ.exe - aaalpha:bbalpha error : A connection request was canceled before the completion.
[10.30 17:15:42] QQ.exe - aaalpha:bbalpha error : A connection request was canceled before the completion.
[10.30 17:15:42] QQ.exe - aaalpha:bbalpha error : A connection request was canceled before the completion.
[10.30 17:15:42] QQ.exe - aaalpha:bbalpha error : A connection request was canceled before the completion.
[10.30 17:15:42] QQ.exe - aaalpha:bbalpha error : A connection request was canceled before the completion.
[10.30 17:15:42] QQ.exe - aaalpha:bbalpha error : A connection request was canceled before the completion.
[10.30 17:15:42] QQ.exe - aaalpha:bbalpha error : A connection request was canceled before the completion.
[10.30 17:15:42] QQ.exe - aaalpha:bbalpha error : A connection request was canceled before the completion.
[10.30 17:15:42] QQ.exe - aaalpha:bbalpha error : A connection request was canceled before the completion.
[10.30 17:15:42] QQ.exe - aaalpha:bbalpha error : A connection request was canceled before the completion.
[10.30 17:15:42] QQ.exe - aaalpha:bbalpha error : A connection request was canceled before the completion.
[10.30 17:15:42] QQ.exe - aaalpha:bbalpha error : A connection request was canceled before the completion.
[10.30 17:15:42] QQ.exe - aaalpha:bbalpha error : A connection request was canceled before the completion.
[10.30 17:15:42] QQ.exe - aaalpha:bbalpha error : A connection request was canceled before the completion.
[10.30 17:15:42] QQ.exe - aaalpha:bbalpha error : A connection request was canceled before the completion.
[10.30 17:15:42] QQ.exe - aaalpha:bbalpha error : A connection request was canceled before the completion.
[10.30 17:15:42] QQ.exe - aaalpha:bbalpha error : A connection request was canceled before the completion.
[10.30 17:15:42] QQ.exe - aaalpha:bbalpha error : A connection request was canceled before the completion.
[10.30 17:15:42] QQ.exe - aaalpha:bbalpha error : A connection request was canceled before the completion.
[10.30 17:15:42] QQ.exe - aaalpha:bbalpha error : A connection request was canceled before the completion.
[10.30 17:15:42] QQ.exe - aaalpha:bbalpha error : A connection request was canceled before the completion.
[10.30 17:15:42] QQ.exe - aaalpha:bbalpha error : A connection request was canceled before the completion.
[10.30 17:15:42] QQ.exe - aaalpha:bbalpha error : A connection request was canceled before the completion.
[10.30 17:15:42] QQ.exe - aaalpha:bbalpha error : A connection request was canceled before the completion.
[10.30 17:15:42] QQ.exe - aaalpha:bbalpha error : A connection request was canceled before the completion.
[10.30 17:15:42] QQ.exe - aaalpha:bbalpha error : A connection request was canceled before the completion.
[10.30 17:15:42] QQ.exe - aaalpha:bbalpha error : A connection request was canceled before the completion.
[10.30 17:15:42] QQ.exe - aaalpha:bbalpha error : A connection request was canceled before the completion.
[10.30 17:15:42] QQ.exe - aaalpha:bbalpha error : A connection request was canceled before the completion.
[10.30 17:15:42] QQ.exe - aaalpha:bbalpha error : A connection request was canceled before the completion.
[10.30 17:15:42] QQ.exe - aaalpha:bbalpha error : A connection request was canceled before the completion.
[10.30 17:15:42] QQ.exe - aaalpha:bbalpha error : A connection request was canceled before the completion.
[10.30 17:15:42] QQ.exe - aaalpha:bbalpha error : A connection request was canceled before the completion.
[10.30 17:15:42] QQ.exe - aaalpha:bbalpha error : A connection request was canceled before the completion.
[10.30 17:15:42] QQ.exe - aaalpha:bbalpha error : A connection request was canceled before the completion.
